[+] Containers:
 |- [+] Container: /Game/Levels/FirstSection
 |   |- [+] ActorDescs:
 |   |   |- Guid:03424F4E43AC9502997BF183D254B67D BaseClass: NativeClass:/Script/Engine.StaticMeshActor Name:StaticMeshActor_UAID_D03957B7760A38EA01_1506266133 Label:SM_Cube10 SpatiallyLoaded:1 Bounds:IsValid=true, Min=(X=3090.000 Y=-3120.000 Z=-40.000), Max=(X=3990.000 Y=2480.000 Z=10.000) RuntimeGrid:None EditorOnly:0 RuntimeOnly:0 HLODRelevant:1
 |   |   |- Guid:087EA5AF4EE9A42411C352A021A256D3 BaseClass: NativeClass:/Script/Engine.StaticMeshActor Name:StaticMeshActor_UAID_D03957B7760A38EA01_1318114121 Label:SM_Cube4 SpatiallyLoaded:1 Bounds:IsValid=true, Min=(X=-50.000 Y=750.000 Z=-50.000), Max=(X=0.000 Y=1500.000 Z=650.000) RuntimeGrid:None EditorOnly:0 RuntimeOnly:0 HLODRelevant:1
 |   |   |- Guid:1207F980457D75DD6FF0EE8649421E8B BaseClass: NativeClass:/Script/Engine.StaticMeshActor Name:StaticMeshActor_UAID_D03957B7760A38EA01_1423199128 Label:SM_Cube5 SpatiallyLoaded:1 Bounds:IsValid=true, Min=(X=3000.000 Y=-3120.000 Z=-50.000), Max=(X=4500.000 Y=2480.000 Z=0.000) RuntimeGrid:None EditorOnly:0 RuntimeOnly:0 HLODRelevant:1
 |   |   |- Guid:150257824F3867B1472ACE88E58B62FD BaseClass: NativeClass:/Script/Engine.StaticMeshActor Name:StaticMeshActor_UAID_D03957B7760A38EA01_1308976119 Label:SM_Cube2 SpatiallyLoaded:1 Bounds:IsValid=true, Min=(X=0.000 Y=750.000 Z=-50.000), Max=(X=3000.000 Y=800.000 Z=650.000) RuntimeGrid:None EditorOnly:0 RuntimeOnly:0 HLODRelevant:1
 |   |   |- Guid:2FB58999456391D349DC0F86DAC136ED BaseClass: NativeClass:/Script/Engine.SkyLight Name:SkyLight_1 Label:SkyLight SpatiallyLoaded:0 Bounds:IsValid=true, Min=(X=0.000 Y=0.000 Z=690.000), Max=(X=0.000 Y=0.000 Z=690.000) RuntimeGrid:None EditorOnly:0 RuntimeOnly:0 HLODRelevant:0
 |   |   |- Guid:316CF2A6494ACA4C0E4180A87D36AB8F BaseClass: NativeClass:/Script/Engine.ExponentialHeightFog Name:ExponentialHeightFog_0 Label:ExponentialHeightFog SpatiallyLoaded:0 Bounds:IsValid=true, Min=(X=-5600.000 Y=-50.000 Z=-6850.000), Max=(X=-5600.000 Y=-50.000 Z=-6850.000) RuntimeGrid:None EditorOnly:0 RuntimeOnly:0 HLODRelevant:0
 |   |   |- Guid:38C8F139445CBF0F5D99D4908DE001BC BaseClass: NativeClass:/Script/Engine.StaticMeshActor Name:StaticMeshActor_UAID_6C02E05F2165BEEC01_1713932823 Label:SM_Cube16 SpatiallyLoaded:1 Bounds:IsValid=true, Min=(X=-1610.000 Y=365.000 Z=-50.000), Max=(X=-35.000 Y=1640.000 Z=1925.000) RuntimeGrid:None EditorOnly:0 RuntimeOnly:0 HLODRelevant:1
 |   |   |- Guid:3D21D90640043288721C6A80BCAB47C5 BaseClass: NativeClass:/Script/Engine.StaticMeshActor Name:StaticMeshActor_UAID_6C02E05F2165BEEC01_1484860816 Label:SM_Prop_Dumpster_01 SpatiallyLoaded:1 Bounds:IsValid=true, Min=(X=493.846 Y=794.108 Z=0.000), Max=(X=866.154 Y=1025.892 Z=211.022) RuntimeGrid:None EditorOnly:0 RuntimeOnly:0 HLODRelevant:1
 |   |   |- Guid:41B7CB9F414FCD8C64D24DA07B6AC572 BaseClass: NativeClass:/Script/Engine.StaticMeshActor Name:StaticMeshActor_UAID_D03957B7760A38EA01_1390408126 Label:Cube5 SpatiallyLoaded:1 Bounds:IsValid=true, Min=(X=1810.000 Y=820.000 Z=0.000), Max=(X=1910.000 Y=920.000 Z=100.000) RuntimeGrid:None EditorOnly:0 RuntimeOnly:0 HLODRelevant:1
 |   |   |- Guid:4D3BE93F4146AAAC8BBE79999D96D57F BaseClass: NativeClass:/Script/Engine.VolumetricCloud Name:VolumetricCloud_0 Label:VolumetricCloud SpatiallyLoaded:0 Bounds:IsValid=true, Min=(X=0.000 Y=0.000 Z=820.000), Max=(X=0.000 Y=0.000 Z=820.000) RuntimeGrid:None EditorOnly:0 RuntimeOnly:0 HLODRelevant:0
 |   |   |- Guid:53E508CB477A8F97D80574A19C097187 BaseClass: NativeClass:/Script/Engine.StaticMeshActor Name:StaticMeshActor_UAID_D03957B7760A38EA01_1455057129 Label:SM_Cube6 SpatiallyLoaded:1 Bounds:IsValid=true, Min=(X=4490.000 Y=-3210.000 Z=-50.000), Max=(X=4540.000 Y=2490.000 Z=650.000) RuntimeGrid:None EditorOnly:0 RuntimeOnly:0 HLODRelevant:1
 |   |   |- Guid:54A245F443ADB086673AB8A6336BD83B BaseClass: NativeClass:/Script/Engine.StaticMeshActor Name:StaticMeshActor_UAID_047C1685588AADEC01_1513242823 Label:Cube12 SpatiallyLoaded:1 Bounds:IsValid=true, Min=(X=3665.000 Y=707.500 Z=-62.500), Max=(X=3915.000 Y=1332.500 Z=162.500) RuntimeGrid:None EditorOnly:0 RuntimeOnly:0 HLODRelevant:1
 |   |   |- Guid:6454F7364E2FD9C7161F65BC3CB04531 BaseClass: NativeClass:/Script/Engine.StaticMeshActor Name:StaticMeshActor_UAID_D03957B7760A38EA01_1493563132 Label:SM_Cube9 SpatiallyLoaded:1 Bounds:IsValid=true, Min=(X=3020.000 Y=2450.000 Z=-50.000), Max=(X=4520.000 Y=2500.000 Z=650.000) RuntimeGrid:None EditorOnly:0 RuntimeOnly:0 HLODRelevant:1
 |   |   |- Guid:6BAF4DDD444C60371492D3919DB42C97 BaseClass: NativeClass:/Script/Engine.WorldDataLayers Name:WorldDataLayers Label:WorldDataLayers SpatiallyLoaded:0 Bounds:IsValid=true, Min=(X=0.000 Y=0.000 Z=0.000), Max=(X=0.000 Y=0.000 Z=0.000) RuntimeGrid:None EditorOnly:0 RuntimeOnly:0 HLODRelevant:0
 |   |   |- Guid:894B814446FC9D1C529C18B9C9E6D706 BaseClass: NativeClass:/Script/Engine.StaticMeshActor Name:StaticMeshActor_UAID_D03957B7760A38EA01_1471426130 Label:SM_Cube7 SpatiallyLoaded:1 Bounds:IsValid=true, Min=(X=2970.000 Y=-3210.000 Z=-50.000), Max=(X=3020.000 Y=790.000 Z=650.000) RuntimeGrid:None EditorOnly:0 RuntimeOnly:0 HLODRelevant:1
 |   |   |- Guid:8E0832034CE56D4F9329A092783C04C9 BaseClass: NativeClass:/Script/Engine.StaticMeshActor Name:StaticMeshActor_UAID_D03957B7760A38EA01_1391261127 Label:Cube6 SpatiallyLoaded:1 Bounds:IsValid=true, Min=(X=1740.000 Y=900.000 Z=0.000), Max=(X=1840.000 Y=1000.000 Z=100.000) RuntimeGrid:None EditorOnly:0 RuntimeOnly:0 HLODRelevant:1
 |   |   |- Guid:A6326EDD4478D4DD39A9D69F6118D705 BaseClass: NativeClass:/Script/Engine.StaticMeshActor Name:StaticMeshActor_UAID_D03957B7760A38EA01_1313174120 Label:SM_Cube3 SpatiallyLoaded:1 Bounds:IsValid=true, Min=(X=0.000 Y=1450.000 Z=-50.000), Max=(X=3000.000 Y=1500.000 Z=650.000) RuntimeGrid:None EditorOnly:0 RuntimeOnly:0 HLODRelevant:1
 |   |   |- Guid:A80EE1DA42E59BD750A34E9CD1A2F9CC BaseClass: NativeClass:/Script/Engine.RectLight Name:RectLight_UAID_6C02E05F2165BEEC01_1793786825 Label:RectLight SpatiallyLoaded:1 Bounds:IsValid=true, Min=(X=-2064.470 Y=-894.470 Z=-1594.470), Max=(X=2104.470 Y=3274.470 Z=2574.470) RuntimeGrid:None EditorOnly:0 RuntimeOnly:0 HLODRelevant:0
 |   |   |- Guid:A96238F54CCE12382D8310AF91D0CC11 BaseClass: NativeClass:/Script/Engine.StaticMeshActor Name:StaticMeshActor_UAID_6C02E05F2165BEEC01_1678192822 Label:SM_Cube15 SpatiallyLoaded:1 Bounds:IsValid=true, Min=(X=-30.000 Y=1515.000 Z=-50.000), Max=(X=1270.000 Y=2790.000 Z=1125.000) RuntimeGrid:None EditorOnly:0 RuntimeOnly:0 HLODRelevant:1
 |   |   |- Guid:B1BA61A74A1429C5A5099BA5251C2E8C BaseClass: NativeClass:/Script/Engine.StaticMeshActor Name:StaticMeshActor_UAID_D03957B7760A38EA01_1572437138 Label:Cube11 SpatiallyLoaded:1 Bounds:IsValid=true, Min=(X=4215.000 Y=-1295.000 Z=-10.000), Max=(X=4365.000 Y=-1145.000 Z=390.000) RuntimeGrid:None EditorOnly:0 RuntimeOnly:0 HLODRelevant:1
 |   |   |- Guid:B5661E9B4C2075840EC48AA31AFF9B01 BaseClass: NativeClass:/Script/Engine.StaticMeshActor Name:StaticMeshActor_UAID_6C02E05F2165BEEC01_1642829820 Label:SM_Cube13 SpatiallyLoaded:1 Bounds:IsValid=true, Min=(X=1770.000 Y=-495.000 Z=-50.000), Max=(X=2995.000 Y=780.000 Z=1925.000) RuntimeGrid:None EditorOnly:0 RuntimeOnly:0 HLODRelevant:1
 |   |   |- Guid:B785ED2844B84CFB91E7F39FE661CD99 BaseClass: NativeClass:/Script/Engine.DirectionalLight Name:DirectionalLight_0 Label:DirectionalLight SpatiallyLoaded:0 Bounds:IsValid=true, Min=(X=-4398046511104.000 Y=-4398046511104.000 Z=-4398046511104.000), Max=(X=4398046511104.000 Y=4398046511104.000 Z=4398046511104.000) RuntimeGrid:None EditorOnly:0 RuntimeOnly:0 HLODRelevant:0
 |   |   |- Guid:B7EB0C0B40C5DD74405C62B6702C4F53 BaseClass: NativeClass:/Script/Engine.StaticMeshActor Name:StaticMeshActor_UAID_6C02E05F2165BEEC01_1521730817 Label:SM_Prop_Dumpster_2 SpatiallyLoaded:1 Bounds:IsValid=true, Min=(X=873.846 Y=794.108 Z=0.000), Max=(X=1246.154 Y=1025.892 Z=211.022) RuntimeGrid:None EditorOnly:0 RuntimeOnly:0 HLODRelevant:1
 |   |   |- Guid:C185F8C24BC59C031AFAACBC6E9F6D1A BaseClass: NativeClass:/Script/Engine.StaticMeshActor Name:StaticMeshActor_UAID_6C02E05F2165BEEC01_1630648819 Label:SM_Cube12 SpatiallyLoaded:1 Bounds:IsValid=true, Min=(X=-30.000 Y=-475.000 Z=-50.000), Max=(X=1670.000 Y=800.000 Z=1425.000) RuntimeGrid:None EditorOnly:0 RuntimeOnly:0 HLODRelevant:1
 |   |   |- Guid:CCFF262C46EEFFDF319E7F9539CE697E BaseClass: NativeClass:/Script/Engine.SkyAtmosphere Name:SkyAtmosphere_0 Label:SkyAtmosphere SpatiallyLoaded:0 Bounds:IsValid=true, Min=(X=0.000 Y=0.000 Z=1020.000), Max=(X=0.000 Y=0.000 Z=1020.000) RuntimeGrid:None EditorOnly:0 RuntimeOnly:0 HLODRelevant:0
 |   |   |- Guid:CDF50D4145B924C174646190A19131AB BaseClass: NativeClass:/Script/Engine.StaticMeshActor Name:StaticMeshActor_UAID_D03957B7760A38EA01_1542206136 Label:Cube9 SpatiallyLoaded:1 Bounds:IsValid=true, Min=(X=3215.000 Y=-2062.500 Z=-62.500), Max=(X=3465.000 Y=-1437.500 Z=162.500) RuntimeGrid:None EditorOnly:0 RuntimeOnly:0 HLODRelevant:1
 |   |   |- Guid:D39BA5B9457E9B1F20D646A7F63C3E92 BaseClass: NativeClass:/Script/Engine.StaticMeshActor Name:StaticMeshActor_UAID_D03957B7760A38EA01_1523534134 Label:Cube7 SpatiallyLoaded:1 Bounds:IsValid=true, Min=(X=3235.000 Y=1587.500 Z=-62.500), Max=(X=3485.000 Y=2212.500 Z=162.500) RuntimeGrid:None EditorOnly:0 RuntimeOnly:0 HLODRelevant:1
 |   |   |- Guid:D9C64F7A4EAE790030F6A298B476472F BaseClass: NativeClass:/Script/Engine.StaticMeshActor Name:StaticMeshActor_UAID_D03957B7760A38EA01_1535679135 Label:Cube8 SpatiallyLoaded:1 Bounds:IsValid=true, Min=(X=3715.000 Y=-922.500 Z=-62.500), Max=(X=3965.000 Y=-297.500 Z=162.500) RuntimeGrid:None EditorOnly:0 RuntimeOnly:0 HLODRelevant:1
 |   |   |- Guid:DB02935644D1AA5B0B5ADD80B14725DF BaseClass: NativeClass:/Script/Engine.StaticMeshActor Name:StaticMeshActor_UAID_D03957B7760A38EA01_1382110125 Label:Cube4 SpatiallyLoaded:1 Bounds:IsValid=true, Min=(X=1690.000 Y=810.000 Z=0.000), Max=(X=1790.000 Y=910.000 Z=100.000) RuntimeGrid:None EditorOnly:0 RuntimeOnly:0 HLODRelevant:1
 |   |   |- Guid:EC4E0C944CE6AC6E784BC6BB2916EA13 BaseClass: NativeClass:/Script/Engine.StaticMeshActor Name:StaticMeshActor_UAID_A4AE111137DC5EFB00_1110535423 Label:SM_SkySphere SpatiallyLoaded:0 Bounds:IsValid=true, Min=(X=-1638400.000 Y=-1638400.000 Z=-1638400.000), Max=(X=1638400.000 Y=1638400.000 Z=1638400.000) RuntimeGrid:None EditorOnly:0 RuntimeOnly:0 HLODRelevant:1
 |   |   |- Guid:F1924B8D48954B30891B2DB6A694F9CC BaseClass: NativeClass:/Script/Engine.StaticMeshActor Name:StaticMeshActor_1 Label:SM_Cube SpatiallyLoaded:1 Bounds:IsValid=true, Min=(X=0.000 Y=800.000 Z=-50.000), Max=(X=3000.000 Y=1500.000 Z=0.000) RuntimeGrid:None EditorOnly:0 RuntimeOnly:0 HLODRelevant:1
 |   |   |- Guid:F5E3FEB3450C49844FD93DA8E083C8AD BaseClass: NativeClass:/Script/Engine.PostProcessVolume Name:PostProcessVolume_0 Label:PostProcessVolume SpatiallyLoaded:0 Bounds:IsValid=true, Min=(X=0.000 Y=0.000 Z=400.000), Max=(X=200.000 Y=200.000 Z=600.000) RuntimeGrid:None EditorOnly:0 RuntimeOnly:0 HLODRelevant:0
 |   |   |- Guid:F61DAEB8437FC93F3AA5C3B3DFE9601F BaseClass:/Game/BP_Player.BP_Player_C NativeClass:/Script/Engine.Character Name:BP_Player_C_UAID_6C02E05F2165BEEC01_1091667815 Label:BP_Player SpatiallyLoaded:1 Bounds:IsValid=true, Min=(X=907.023 Y=838.995 Z=102.084), Max=(X=1036.197 Y=1077.180 Z=292.646) RuntimeGrid:None EditorOnly:0 RuntimeOnly:0 HLODRelevant:0
 |   |   |- Guid:F6CBD43043C7D70254B77AA01D09CE5C BaseClass: NativeClass:/Script/Engine.StaticMeshActor Name:StaticMeshActor_UAID_D03957B7760A38EA01_1479051131 Label:SM_Cube8 SpatiallyLoaded:1 Bounds:IsValid=true, Min=(X=2970.000 Y=1450.000 Z=-50.000), Max=(X=3020.000 Y=2500.000 Z=650.000) RuntimeGrid:None EditorOnly:0 RuntimeOnly:0 HLODRelevant:1
 |   |   |- Guid:F7906CFC4F77171AB008EEA44880E4B2 BaseClass: NativeClass:/Script/Engine.StaticMeshActor Name:StaticMeshActor_UAID_D03957B7760A38EA01_1591889139 Label:SM_Cube11 SpatiallyLoaded:1 Bounds:IsValid=true, Min=(X=3020.000 Y=-3150.000 Z=-50.000), Max=(X=4520.000 Y=-3100.000 Z=650.000) RuntimeGrid:None EditorOnly:0 RuntimeOnly:0 HLODRelevant:1
 |   |   |- Guid:F871C2594C1E2182E4F8DAAD71C39D8C BaseClass: NativeClass:/Script/Engine.StaticMeshActor Name:StaticMeshActor_UAID_6C02E05F2165BEEC01_1661060821 Label:SM_Cube14 SpatiallyLoaded:1 Bounds:IsValid=true, Min=(X=1360.000 Y=1475.000 Z=-50.000), Max=(X=2935.000 Y=2750.000 Z=1925.000) RuntimeGrid:None EditorOnly:0 RuntimeOnly:0 HLODRelevant:1
 |   |   |- Guid:FB26426642AE127190B16D89E931E452 BaseClass: NativeClass:/Script/Engine.StaticMeshActor Name:StaticMeshActor_UAID_6C02E05F2165BEEC01_1523759818 Label:SM_Prop_Dumpster_3 SpatiallyLoaded:1 Bounds:IsValid=true, Min=(X=1253.846 Y=794.108 Z=0.000), Max=(X=1626.154 Y=1025.892 Z=211.022) RuntimeGrid:None EditorOnly:0 RuntimeOnly:0 HLODRelevant:1
 |   |   |- Guid:FDD837304FD53901322F7D8F4B3E6F57 BaseClass: NativeClass:/Script/Engine.StaticMeshActor Name:StaticMeshActor_UAID_D03957B7760A38EA01_1544499137 Label:Cube10 SpatiallyLoaded:1 Bounds:IsValid=true, Min=(X=3655.000 Y=-3032.500 Z=-62.500), Max=(X=3905.000 Y=-2407.500 Z=162.500) RuntimeGrid:None EditorOnly:0 RuntimeOnly:0 HLODRelevant:1
 |   |- [+] Clusters:
 |   |   |- [+] [  0]
 |   |   |   |- Guid:DB02935644D1AA5B0B5ADD80B14725DF BaseClass: NativeClass:/Script/Engine.StaticMeshActor Name:StaticMeshActor_UAID_D03957B7760A38EA01_1382110125 Label:Cube4 SpatiallyLoaded:1 Bounds:IsValid=true, Min=(X=1690.000 Y=810.000 Z=0.000), Max=(X=1790.000 Y=910.000 Z=100.000) RuntimeGrid:None EditorOnly:0 RuntimeOnly:0 HLODRelevant:1
 |   |   |- [+] [  1]
 |   |   |   |- Guid:2FB58999456391D349DC0F86DAC136ED BaseClass: NativeClass:/Script/Engine.SkyLight Name:SkyLight_1 Label:SkyLight SpatiallyLoaded:0 Bounds:IsValid=true, Min=(X=0.000 Y=0.000 Z=690.000), Max=(X=0.000 Y=0.000 Z=690.000) RuntimeGrid:None EditorOnly:0 RuntimeOnly:0 HLODRelevant:0
 |   |   |- [+] [  2]
 |   |   |   |- Guid:F1924B8D48954B30891B2DB6A694F9CC BaseClass: NativeClass:/Script/Engine.StaticMeshActor Name:StaticMeshActor_1 Label:SM_Cube SpatiallyLoaded:1 Bounds:IsValid=true, Min=(X=0.000 Y=800.000 Z=-50.000), Max=(X=3000.000 Y=1500.000 Z=0.000) RuntimeGrid:None EditorOnly:0 RuntimeOnly:0 HLODRelevant:1
 |   |   |- [+] [  3]
 |   |   |   |- Guid:54A245F443ADB086673AB8A6336BD83B BaseClass: NativeClass:/Script/Engine.StaticMeshActor Name:StaticMeshActor_UAID_047C1685588AADEC01_1513242823 Label:Cube12 SpatiallyLoaded:1 Bounds:IsValid=true, Min=(X=3665.000 Y=707.500 Z=-62.500), Max=(X=3915.000 Y=1332.500 Z=162.500) RuntimeGrid:None EditorOnly:0 RuntimeOnly:0 HLODRelevant:1
 |   |   |- [+] [  4]
 |   |   |   |- Guid:CCFF262C46EEFFDF319E7F9539CE697E BaseClass: NativeClass:/Script/Engine.SkyAtmosphere Name:SkyAtmosphere_0 Label:SkyAtmosphere SpatiallyLoaded:0 Bounds:IsValid=true, Min=(X=0.000 Y=0.000 Z=1020.000), Max=(X=0.000 Y=0.000 Z=1020.000) RuntimeGrid:None EditorOnly:0 RuntimeOnly:0 HLODRelevant:0
 |   |   |- [+] [  5]
 |   |   |   |- Guid:4D3BE93F4146AAAC8BBE79999D96D57F BaseClass: NativeClass:/Script/Engine.VolumetricCloud Name:VolumetricCloud_0 Label:VolumetricCloud SpatiallyLoaded:0 Bounds:IsValid=true, Min=(X=0.000 Y=0.000 Z=820.000), Max=(X=0.000 Y=0.000 Z=820.000) RuntimeGrid:None EditorOnly:0 RuntimeOnly:0 HLODRelevant:0
 |   |   |- [+] [  6]
 |   |   |   |- Guid:EC4E0C944CE6AC6E784BC6BB2916EA13 BaseClass: NativeClass:/Script/Engine.StaticMeshActor Name:StaticMeshActor_UAID_A4AE111137DC5EFB00_1110535423 Label:SM_SkySphere SpatiallyLoaded:0 Bounds:IsValid=true, Min=(X=-1638400.000 Y=-1638400.000 Z=-1638400.000), Max=(X=1638400.000 Y=1638400.000 Z=1638400.000) RuntimeGrid:None EditorOnly:0 RuntimeOnly:0 HLODRelevant:1
 |   |   |- [+] [  7]
 |   |   |   |- Guid:FB26426642AE127190B16D89E931E452 BaseClass: NativeClass:/Script/Engine.StaticMeshActor Name:StaticMeshActor_UAID_6C02E05F2165BEEC01_1523759818 Label:SM_Prop_Dumpster_3 SpatiallyLoaded:1 Bounds:IsValid=true, Min=(X=1253.846 Y=794.108 Z=0.000), Max=(X=1626.154 Y=1025.892 Z=211.022) RuntimeGrid:None EditorOnly:0 RuntimeOnly:0 HLODRelevant:1
 |   |   |- [+] [  8]
 |   |   |   |- Guid:B7EB0C0B40C5DD74405C62B6702C4F53 BaseClass: NativeClass:/Script/Engine.StaticMeshActor Name:StaticMeshActor_UAID_6C02E05F2165BEEC01_1521730817 Label:SM_Prop_Dumpster_2 SpatiallyLoaded:1 Bounds:IsValid=true, Min=(X=873.846 Y=794.108 Z=0.000), Max=(X=1246.154 Y=1025.892 Z=211.022) RuntimeGrid:None EditorOnly:0 RuntimeOnly:0 HLODRelevant:1
 |   |   |- [+] [  9]
 |   |   |   |- Guid:A6326EDD4478D4DD39A9D69F6118D705 BaseClass: NativeClass:/Script/Engine.StaticMeshActor Name:StaticMeshActor_UAID_D03957B7760A38EA01_1313174120 Label:SM_Cube3 SpatiallyLoaded:1 Bounds:IsValid=true, Min=(X=0.000 Y=1450.000 Z=-50.000), Max=(X=3000.000 Y=1500.000 Z=650.000) RuntimeGrid:None EditorOnly:0 RuntimeOnly:0 HLODRelevant:1
 |   |   |- [+] [ 10]
 |   |   |   |- Guid:3D21D90640043288721C6A80BCAB47C5 BaseClass: NativeClass:/Script/Engine.StaticMeshActor Name:StaticMeshActor_UAID_6C02E05F2165BEEC01_1484860816 Label:SM_Prop_Dumpster_01 SpatiallyLoaded:1 Bounds:IsValid=true, Min=(X=493.846 Y=794.108 Z=0.000), Max=(X=866.154 Y=1025.892 Z=211.022) RuntimeGrid:None EditorOnly:0 RuntimeOnly:0 HLODRelevant:1
 |   |   |- [+] [ 11]
 |   |   |   |- Guid:B785ED2844B84CFB91E7F39FE661CD99 BaseClass: NativeClass:/Script/Engine.DirectionalLight Name:DirectionalLight_0 Label:DirectionalLight SpatiallyLoaded:0 Bounds:IsValid=true, Min=(X=-4398046511104.000 Y=-4398046511104.000 Z=-4398046511104.000), Max=(X=4398046511104.000 Y=4398046511104.000 Z=4398046511104.000) RuntimeGrid:None EditorOnly:0 RuntimeOnly:0 HLODRelevant:0
 |   |   |- [+] [ 12]
 |   |   |   |- Guid:6454F7364E2FD9C7161F65BC3CB04531 BaseClass: NativeClass:/Script/Engine.StaticMeshActor Name:StaticMeshActor_UAID_D03957B7760A38EA01_1493563132 Label:SM_Cube9 SpatiallyLoaded:1 Bounds:IsValid=true, Min=(X=3020.000 Y=2450.000 Z=-50.000), Max=(X=4520.000 Y=2500.000 Z=650.000) RuntimeGrid:None EditorOnly:0 RuntimeOnly:0 HLODRelevant:1
 |   |   |- [+] [ 13]
 |   |   |   |- Guid:CDF50D4145B924C174646190A19131AB BaseClass: NativeClass:/Script/Engine.StaticMeshActor Name:StaticMeshActor_UAID_D03957B7760A38EA01_1542206136 Label:Cube9 SpatiallyLoaded:1 Bounds:IsValid=true, Min=(X=3215.000 Y=-2062.500 Z=-62.500), Max=(X=3465.000 Y=-1437.500 Z=162.500) RuntimeGrid:None EditorOnly:0 RuntimeOnly:0 HLODRelevant:1
 |   |   |- [+] [ 14]
 |   |   |   |- Guid:F5E3FEB3450C49844FD93DA8E083C8AD BaseClass: NativeClass:/Script/Engine.PostProcessVolume Name:PostProcessVolume_0 Label:PostProcessVolume SpatiallyLoaded:0 Bounds:IsValid=true, Min=(X=0.000 Y=0.000 Z=400.000), Max=(X=200.000 Y=200.000 Z=600.000) RuntimeGrid:None EditorOnly:0 RuntimeOnly:0 HLODRelevant:0
 |   |   |- [+] [ 15]
 |   |   |   |- Guid:B1BA61A74A1429C5A5099BA5251C2E8C BaseClass: NativeClass:/Script/Engine.StaticMeshActor Name:StaticMeshActor_UAID_D03957B7760A38EA01_1572437138 Label:Cube11 SpatiallyLoaded:1 Bounds:IsValid=true, Min=(X=4215.000 Y=-1295.000 Z=-10.000), Max=(X=4365.000 Y=-1145.000 Z=390.000) RuntimeGrid:None EditorOnly:0 RuntimeOnly:0 HLODRelevant:1
 |   |   |- [+] [ 16]
 |   |   |   |- Guid:6BAF4DDD444C60371492D3919DB42C97 BaseClass: NativeClass:/Script/Engine.WorldDataLayers Name:WorldDataLayers Label:WorldDataLayers SpatiallyLoaded:0 Bounds:IsValid=true, Min=(X=0.000 Y=0.000 Z=0.000), Max=(X=0.000 Y=0.000 Z=0.000) RuntimeGrid:None EditorOnly:0 RuntimeOnly:0 HLODRelevant:0
 |   |   |- [+] [ 17]
 |   |   |   |- Guid:F61DAEB8437FC93F3AA5C3B3DFE9601F BaseClass:/Game/BP_Player.BP_Player_C NativeClass:/Script/Engine.Character Name:BP_Player_C_UAID_6C02E05F2165BEEC01_1091667815 Label:BP_Player SpatiallyLoaded:1 Bounds:IsValid=true, Min=(X=907.023 Y=838.995 Z=102.084), Max=(X=1036.197 Y=1077.180 Z=292.646) RuntimeGrid:None EditorOnly:0 RuntimeOnly:0 HLODRelevant:0
 |   |   |- [+] [ 18]
 |   |   |   |- Guid:8E0832034CE56D4F9329A092783C04C9 BaseClass: NativeClass:/Script/Engine.StaticMeshActor Name:StaticMeshActor_UAID_D03957B7760A38EA01_1391261127 Label:Cube6 SpatiallyLoaded:1 Bounds:IsValid=true, Min=(X=1740.000 Y=900.000 Z=0.000), Max=(X=1840.000 Y=1000.000 Z=100.000) RuntimeGrid:None EditorOnly:0 RuntimeOnly:0 HLODRelevant:1
 |   |   |- [+] [ 19]
 |   |   |   |- Guid:1207F980457D75DD6FF0EE8649421E8B BaseClass: NativeClass:/Script/Engine.StaticMeshActor Name:StaticMeshActor_UAID_D03957B7760A38EA01_1423199128 Label:SM_Cube5 SpatiallyLoaded:1 Bounds:IsValid=true, Min=(X=3000.000 Y=-3120.000 Z=-50.000), Max=(X=4500.000 Y=2480.000 Z=0.000) RuntimeGrid:None EditorOnly:0 RuntimeOnly:0 HLODRelevant:1
 |   |   |- [+] [ 20]
 |   |   |   |- Guid:F6CBD43043C7D70254B77AA01D09CE5C BaseClass: NativeClass:/Script/Engine.StaticMeshActor Name:StaticMeshActor_UAID_D03957B7760A38EA01_1479051131 Label:SM_Cube8 SpatiallyLoaded:1 Bounds:IsValid=true, Min=(X=2970.000 Y=1450.000 Z=-50.000), Max=(X=3020.000 Y=2500.000 Z=650.000) RuntimeGrid:None EditorOnly:0 RuntimeOnly:0 HLODRelevant:1
 |   |   |- [+] [ 21]
 |   |   |   |- Guid:FDD837304FD53901322F7D8F4B3E6F57 BaseClass: NativeClass:/Script/Engine.StaticMeshActor Name:StaticMeshActor_UAID_D03957B7760A38EA01_1544499137 Label:Cube10 SpatiallyLoaded:1 Bounds:IsValid=true, Min=(X=3655.000 Y=-3032.500 Z=-62.500), Max=(X=3905.000 Y=-2407.500 Z=162.500) RuntimeGrid:None EditorOnly:0 RuntimeOnly:0 HLODRelevant:1
 |   |   |- [+] [ 22]
 |   |   |   |- Guid:03424F4E43AC9502997BF183D254B67D BaseClass: NativeClass:/Script/Engine.StaticMeshActor Name:StaticMeshActor_UAID_D03957B7760A38EA01_1506266133 Label:SM_Cube10 SpatiallyLoaded:1 Bounds:IsValid=true, Min=(X=3090.000 Y=-3120.000 Z=-40.000), Max=(X=3990.000 Y=2480.000 Z=10.000) RuntimeGrid:None EditorOnly:0 RuntimeOnly:0 HLODRelevant:1
 |   |   |- [+] [ 23]
 |   |   |   |- Guid:D39BA5B9457E9B1F20D646A7F63C3E92 BaseClass: NativeClass:/Script/Engine.StaticMeshActor Name:StaticMeshActor_UAID_D03957B7760A38EA01_1523534134 Label:Cube7 SpatiallyLoaded:1 Bounds:IsValid=true, Min=(X=3235.000 Y=1587.500 Z=-62.500), Max=(X=3485.000 Y=2212.500 Z=162.500) RuntimeGrid:None EditorOnly:0 RuntimeOnly:0 HLODRelevant:1
 |   |   |- [+] [ 24]
 |   |   |   |- Guid:316CF2A6494ACA4C0E4180A87D36AB8F BaseClass: NativeClass:/Script/Engine.ExponentialHeightFog Name:ExponentialHeightFog_0 Label:ExponentialHeightFog SpatiallyLoaded:0 Bounds:IsValid=true, Min=(X=-5600.000 Y=-50.000 Z=-6850.000), Max=(X=-5600.000 Y=-50.000 Z=-6850.000) RuntimeGrid:None EditorOnly:0 RuntimeOnly:0 HLODRelevant:0
 |   |   |- [+] [ 25]
 |   |   |   |- Guid:087EA5AF4EE9A42411C352A021A256D3 BaseClass: NativeClass:/Script/Engine.StaticMeshActor Name:StaticMeshActor_UAID_D03957B7760A38EA01_1318114121 Label:SM_Cube4 SpatiallyLoaded:1 Bounds:IsValid=true, Min=(X=-50.000 Y=750.000 Z=-50.000), Max=(X=0.000 Y=1500.000 Z=650.000) RuntimeGrid:None EditorOnly:0 RuntimeOnly:0 HLODRelevant:1
 |   |   |- [+] [ 26]
 |   |   |   |- Guid:41B7CB9F414FCD8C64D24DA07B6AC572 BaseClass: NativeClass:/Script/Engine.StaticMeshActor Name:StaticMeshActor_UAID_D03957B7760A38EA01_1390408126 Label:Cube5 SpatiallyLoaded:1 Bounds:IsValid=true, Min=(X=1810.000 Y=820.000 Z=0.000), Max=(X=1910.000 Y=920.000 Z=100.000) RuntimeGrid:None EditorOnly:0 RuntimeOnly:0 HLODRelevant:1
 |   |   |- [+] [ 27]
 |   |   |   |- Guid:894B814446FC9D1C529C18B9C9E6D706 BaseClass: NativeClass:/Script/Engine.StaticMeshActor Name:StaticMeshActor_UAID_D03957B7760A38EA01_1471426130 Label:SM_Cube7 SpatiallyLoaded:1 Bounds:IsValid=true, Min=(X=2970.000 Y=-3210.000 Z=-50.000), Max=(X=3020.000 Y=790.000 Z=650.000) RuntimeGrid:None EditorOnly:0 RuntimeOnly:0 HLODRelevant:1
 |   |   |- [+] [ 28]
 |   |   |   |- Guid:53E508CB477A8F97D80574A19C097187 BaseClass: NativeClass:/Script/Engine.StaticMeshActor Name:StaticMeshActor_UAID_D03957B7760A38EA01_1455057129 Label:SM_Cube6 SpatiallyLoaded:1 Bounds:IsValid=true, Min=(X=4490.000 Y=-3210.000 Z=-50.000), Max=(X=4540.000 Y=2490.000 Z=650.000) RuntimeGrid:None EditorOnly:0 RuntimeOnly:0 HLODRelevant:1
 |   |   |- [+] [ 29]
 |   |   |   |- Guid:150257824F3867B1472ACE88E58B62FD BaseClass: NativeClass:/Script/Engine.StaticMeshActor Name:StaticMeshActor_UAID_D03957B7760A38EA01_1308976119 Label:SM_Cube2 SpatiallyLoaded:1 Bounds:IsValid=true, Min=(X=0.000 Y=750.000 Z=-50.000), Max=(X=3000.000 Y=800.000 Z=650.000) RuntimeGrid:None EditorOnly:0 RuntimeOnly:0 HLODRelevant:1
 |   |   |- [+] [ 30]
 |   |   |   |- Guid:F7906CFC4F77171AB008EEA44880E4B2 BaseClass: NativeClass:/Script/Engine.StaticMeshActor Name:StaticMeshActor_UAID_D03957B7760A38EA01_1591889139 Label:SM_Cube11 SpatiallyLoaded:1 Bounds:IsValid=true, Min=(X=3020.000 Y=-3150.000 Z=-50.000), Max=(X=4520.000 Y=-3100.000 Z=650.000) RuntimeGrid:None EditorOnly:0 RuntimeOnly:0 HLODRelevant:1
 |   |   |- [+] [ 31]
 |   |   |   |- Guid:D9C64F7A4EAE790030F6A298B476472F BaseClass: NativeClass:/Script/Engine.StaticMeshActor Name:StaticMeshActor_UAID_D03957B7760A38EA01_1535679135 Label:Cube8 SpatiallyLoaded:1 Bounds:IsValid=true, Min=(X=3715.000 Y=-922.500 Z=-62.500), Max=(X=3965.000 Y=-297.500 Z=162.500) RuntimeGrid:None EditorOnly:0 RuntimeOnly:0 HLODRelevant:1
 |   |   |- [+] [ 32]
 |   |   |   |- Guid:C185F8C24BC59C031AFAACBC6E9F6D1A BaseClass: NativeClass:/Script/Engine.StaticMeshActor Name:StaticMeshActor_UAID_6C02E05F2165BEEC01_1630648819 Label:SM_Cube12 SpatiallyLoaded:1 Bounds:IsValid=true, Min=(X=-30.000 Y=-475.000 Z=-50.000), Max=(X=1670.000 Y=800.000 Z=1425.000) RuntimeGrid:None EditorOnly:0 RuntimeOnly:0 HLODRelevant:1
 |   |   |- [+] [ 33]
 |   |   |   |- Guid:B5661E9B4C2075840EC48AA31AFF9B01 BaseClass: NativeClass:/Script/Engine.StaticMeshActor Name:StaticMeshActor_UAID_6C02E05F2165BEEC01_1642829820 Label:SM_Cube13 SpatiallyLoaded:1 Bounds:IsValid=true, Min=(X=1770.000 Y=-495.000 Z=-50.000), Max=(X=2995.000 Y=780.000 Z=1925.000) RuntimeGrid:None EditorOnly:0 RuntimeOnly:0 HLODRelevant:1
 |   |   |- [+] [ 34]
 |   |   |   |- Guid:F871C2594C1E2182E4F8DAAD71C39D8C BaseClass: NativeClass:/Script/Engine.StaticMeshActor Name:StaticMeshActor_UAID_6C02E05F2165BEEC01_1661060821 Label:SM_Cube14 SpatiallyLoaded:1 Bounds:IsValid=true, Min=(X=1360.000 Y=1475.000 Z=-50.000), Max=(X=2935.000 Y=2750.000 Z=1925.000) RuntimeGrid:None EditorOnly:0 RuntimeOnly:0 HLODRelevant:1
 |   |   |- [+] [ 35]
 |   |   |   |- Guid:A96238F54CCE12382D8310AF91D0CC11 BaseClass: NativeClass:/Script/Engine.StaticMeshActor Name:StaticMeshActor_UAID_6C02E05F2165BEEC01_1678192822 Label:SM_Cube15 SpatiallyLoaded:1 Bounds:IsValid=true, Min=(X=-30.000 Y=1515.000 Z=-50.000), Max=(X=1270.000 Y=2790.000 Z=1125.000) RuntimeGrid:None EditorOnly:0 RuntimeOnly:0 HLODRelevant:1
 |   |   |- [+] [ 36]
 |   |   |   |- Guid:38C8F139445CBF0F5D99D4908DE001BC BaseClass: NativeClass:/Script/Engine.StaticMeshActor Name:StaticMeshActor_UAID_6C02E05F2165BEEC01_1713932823 Label:SM_Cube16 SpatiallyLoaded:1 Bounds:IsValid=true, Min=(X=-1610.000 Y=365.000 Z=-50.000), Max=(X=-35.000 Y=1640.000 Z=1925.000) RuntimeGrid:None EditorOnly:0 RuntimeOnly:0 HLODRelevant:1
 |   |   |- [+] [ 37]
 |   |   |   |- Guid:A80EE1DA42E59BD750A34E9CD1A2F9CC BaseClass: NativeClass:/Script/Engine.RectLight Name:RectLight_UAID_6C02E05F2165BEEC01_1793786825 Label:RectLight SpatiallyLoaded:1 Bounds:IsValid=true, Min=(X=-2064.470 Y=-894.470 Z=-1594.470), Max=(X=2104.470 Y=3274.470 Z=2574.470) RuntimeGrid:None EditorOnly:0 RuntimeOnly:0 HLODRelevant:0
 |- ContainerInstances:
 |- [+] MainContainer:
 |   |-        ID: 0x0000000000000000
 |   |-    Bounds: IsValid=false, Min=(X=0.000 Y=0.000 Z=0.000), Max=(X=0.000 Y=0.000 Z=0.000)
 |   |- Transform: 0.000000,0.000000,0.000000|0.000000,0.000000,-0.000000|1.000000,1.000000,1.000000
 |   |- Container: /Game/Levels/FirstSection
----------------------------------------------------------------------------------------------------------------
FirstSection - Persistent Level
----------------------------------------------------------------------------------------------------------------
Always loaded Actor Count: 46 

----------------------------------------------------------------------------------------------------------------
FirstSection - Runtime Spatial Hash - Streaming Grid - MainGrid
----------------------------------------------------------------------------------------------------------------
            Origin: X=0.000 Y=0.000 Z=0.000
         Cell Size: 12800
      World Bounds: IsValid=false, Min=(X=0.000 Y=0.000 Z=0.000), Max=(X=0.000 Y=0.000 Z=0.000)
     Loading Range: 25600.00
Block Slow Loading: No
 ClientOnlyVisible: No

[+] Grid Levels: 1
 |- Level  0: Cell Count    0 | Cell Size   12800 | Actor Count    0 (0.0%)

[+] Content of Grid Level 0

