[+] Containers:
 |- [+] Container: /Game/Levels/Test
 |   |- [+] ActorDescs:
 |   |   |- Guid:0033E7484A8058572C9D00BC459A9B55 BaseClass: NativeClass:/Script/Engine.StaticMeshActor Name:StaticMeshActor_UAID_047C1685588AADEC01_1513242823 Label:Cube12 SpatiallyLoaded:1 Bounds:IsValid=true, Min=(X=3665.000 Y=707.500 Z=-62.500), Max=(X=3915.000 Y=1332.500 Z=162.500) RuntimeGrid:None EditorOnly:0 RuntimeOnly:0 HLODRelevant:1
 |   |   |- Guid:009683BC46F3A283F403F283C6ED3AF5 BaseClass: NativeClass:/Script/Engine.SkyLight Name:SkyLight_1 Label:SkyLight SpatiallyLoaded:0 Bounds:IsValid=true, Min=(X=0.000 Y=0.000 Z=690.000), Max=(X=0.000 Y=0.000 Z=690.000) RuntimeGrid:None EditorOnly:0 RuntimeOnly:0 HLODRelevant:0
 |   |   |- Guid:019C26754B6536520BBDE98324041F50 BaseClass: NativeClass:/Script/Engine.StaticMeshActor Name:StaticMeshActor_UAID_047C1685588ADAEC01_1367012753 Label:SM_Prop_Streetlight_4 SpatiallyLoaded:1 Bounds:IsValid=true, Min=(X=2838.871 Y=1167.230 Z=0.000), Max=(X=2901.129 Y=1431.129 Z=539.958) RuntimeGrid:None EditorOnly:0 RuntimeOnly:0 HLODRelevant:1
 |   |   |- Guid:07A8FA8944E320FB8369B09C1B9016A2 BaseClass: NativeClass:/Script/Engine.StaticMeshActor Name:StaticMeshActor_UAID_047C1685588A13ED01_2103187777 Label:SM_Prop_Bench_01 SpatiallyLoaded:1 Bounds:IsValid=true, Min=(X=4420.163 Y=485.148 Z=-0.000), Max=(X=4479.837 Y=734.852 Z=45.945) RuntimeGrid:None EditorOnly:0 RuntimeOnly:0 HLODRelevant:1
 |   |   |- Guid:1B53E803495AB31E98A9CDBEA5650587 BaseClass: NativeClass:/Script/Engine.StaticMeshActor Name:StaticMeshActor_UAID_6C02E05F2165BEEC01_1904701831 Label:SM_Cube22 SpatiallyLoaded:1 Bounds:IsValid=true, Min=(X=4560.000 Y=-575.000 Z=-50.000), Max=(X=5785.000 Y=700.000 Z=1325.000) RuntimeGrid:None EditorOnly:0 RuntimeOnly:0 HLODRelevant:1
 |   |   |- Guid:2203E6EC4F0A7B978660BEB977F0527D BaseClass: NativeClass:/Script/Engine.WorldDataLayers Name:WorldDataLayers Label:WorldDataLayers SpatiallyLoaded:0 Bounds:IsValid=true, Min=(X=0.000 Y=0.000 Z=0.000), Max=(X=0.000 Y=0.000 Z=0.000) RuntimeGrid:None EditorOnly:0 RuntimeOnly:0 HLODRelevant:0
 |   |   |- Guid:2B828D8A42419F5547B61CB1BAA52223 BaseClass: NativeClass:/Script/Engine.StaticMeshActor Name:StaticMeshActor_UAID_D03957B7760A38EA01_1591889139 Label:SM_Cube11 SpatiallyLoaded:1 Bounds:IsValid=true, Min=(X=3020.000 Y=-3150.000 Z=-50.000), Max=(X=4520.000 Y=-3100.000 Z=650.000) RuntimeGrid:None EditorOnly:0 RuntimeOnly:0 HLODRelevant:1
 |   |   |- Guid:2C76ED6944CF65587AD7C4BFFF85C540 BaseClass: NativeClass:/Script/Engine.StaticMeshActor Name:StaticMeshActor_UAID_047C1685588ADAEC01_1268485748 Label:SM_Prop_Barrier_Plastic_6 SpatiallyLoaded:1 Bounds:IsValid=true, Min=(X=4061.794 Y=2165.132 Z=0.000), Max=(X=4418.206 Y=2374.868 Z=152.719) RuntimeGrid:None EditorOnly:0 RuntimeOnly:0 HLODRelevant:1
 |   |   |- Guid:2FBC23AE4A13BA8B5963858FF3A2154E BaseClass: NativeClass:/Script/Engine.StaticMeshActor Name:StaticMeshActor_UAID_047C1685588ADAEC01_1213826743 Label:SM_Prop_Barrier_Plastic_01 SpatiallyLoaded:1 Bounds:IsValid=true, Min=(X=3091.794 Y=-3004.868 Z=10.000), Max=(X=3448.206 Y=-2795.132 Z=162.719) RuntimeGrid:None EditorOnly:0 RuntimeOnly:0 HLODRelevant:1
 |   |   |- Guid:308DEF464B060C004ED7E6872BAE26F6 BaseClass: NativeClass:/Script/Engine.SkeletalMeshActor Name:SkeletalMeshActor_UAID_047C1685588A13ED01_2066504775 Label:SK_Character_Junky_Male_01 SpatiallyLoaded:1 Bounds:IsValid=true, Min=(X=4258.514 Y=-1322.625 Z=-5.916), Max=(X=4320.225 Y=-1137.090 Z=184.646) RuntimeGrid:None EditorOnly:0 RuntimeOnly:0 HLODRelevant:0
 |   |   |- Guid:31A100364B07E500DF67EBBB98837E87 BaseClass: NativeClass:/Script/Engine.StaticMeshActor Name:StaticMeshActor_UAID_047C1685588A14ED01_1138654963 Label:SM_Prop_VendingMachine_01 SpatiallyLoaded:1 Bounds:IsValid=true, Min=(X=4420.019 Y=-2467.327 Z=0.000), Max=(X=4499.981 Y=-2372.673 Z=202.318) RuntimeGrid:None EditorOnly:0 RuntimeOnly:0 HLODRelevant:1
 |   |   |- Guid:3A9AB4934B993C2AD7D320B5462C8C55 BaseClass: NativeClass:/Script/NavigationSystem.RecastNavMesh Name:RecastNavMesh_UAID_5081402FF2B90CF101-Default Label:RecastNavMesh-Default SpatiallyLoaded:0 Bounds:IsValid=true, Min=(X=0.000 Y=0.000 Z=0.000), Max=(X=0.000 Y=0.000 Z=0.000) RuntimeGrid:None EditorOnly:0 RuntimeOnly:0 HLODRelevant:0
 |   |   |- Guid:3D1731F143CC241B17782593EB6DA0C9 BaseClass: NativeClass:/Script/Engine.StaticMeshActor Name:StaticMeshActor_UAID_D03957B7760A38EA01_1523534134 Label:Cube7 SpatiallyLoaded:1 Bounds:IsValid=true, Min=(X=3235.000 Y=1587.500 Z=-62.500), Max=(X=3485.000 Y=2212.500 Z=162.500) RuntimeGrid:None EditorOnly:0 RuntimeOnly:0 HLODRelevant:1
 |   |   |- Guid:3D2DDBF94FF56D50FF3CCC8586E70C13 BaseClass: NativeClass:/Script/Engine.VolumetricCloud Name:VolumetricCloud_0 Label:VolumetricCloud SpatiallyLoaded:0 Bounds:IsValid=true, Min=(X=0.000 Y=0.000 Z=820.000), Max=(X=0.000 Y=0.000 Z=820.000) RuntimeGrid:None EditorOnly:0 RuntimeOnly:0 HLODRelevant:0
 |   |   |- Guid:3DCB90FD47684214E33284955784B0CB BaseClass: NativeClass:/Script/Engine.StaticMeshActor Name:StaticMeshActor_UAID_047C1685588A13ED01_2133125782 Label:SM_Prop_Box_Empty_2 SpatiallyLoaded:1 Bounds:IsValid=true, Min=(X=4337.299 Y=1442.806 Z=-0.000), Max=(X=4429.476 Y=1542.243 Z=51.935) RuntimeGrid:None EditorOnly:0 RuntimeOnly:0 HLODRelevant:1
 |   |   |- Guid:408B50184CABF5AB2275F1AE93DA8551 BaseClass: NativeClass:/Script/Engine.PostProcessVolume Name:PostProcessVolume_0 Label:PostProcessVolume SpatiallyLoaded:0 Bounds:IsValid=true, Min=(X=0.000 Y=0.000 Z=400.000), Max=(X=200.000 Y=200.000 Z=600.000) RuntimeGrid:None EditorOnly:0 RuntimeOnly:0 HLODRelevant:0
 |   |   |- Guid:4419B9134498FEA8EAE154A6EBD1E971 BaseClass:/Game/Enemy/NewNewAI/BP_AI.BP_AI_C NativeClass:/Script/Engine.Character Name:BP_AI_C_UAID_5081402FF3D666F301_1562787725 Label:BP_AI9 SpatiallyLoaded:1 Bounds:IsValid=true, Min=(X=3616.555 Y=-1211.445 Z=4.699), Max=(X=3751.758 Y=-1057.887 Z=197.682) RuntimeGrid:None EditorOnly:0 RuntimeOnly:0 HLODRelevant:0
 |   |   |- Guid:4CFFF2614A4D6688F959AFBF44385B99 BaseClass: NativeClass:/Script/Engine.StaticMeshActor Name:StaticMeshActor_UAID_6C02E05F2165BEEC01_1661060821 Label:SM_Cube14 SpatiallyLoaded:1 Bounds:IsValid=true, Min=(X=1400.000 Y=1485.000 Z=-50.000), Max=(X=2975.000 Y=2760.000 Z=1925.000) RuntimeGrid:None EditorOnly:0 RuntimeOnly:0 HLODRelevant:1
 |   |   |- Guid:4E0CFB3341968E294799F585935DCF39 BaseClass: NativeClass:/Script/Engine.StaticMeshActor Name:StaticMeshActor_UAID_047C1685588ADAEC01_1384356755 Label:SM_Prop_Streetlight_6 SpatiallyLoaded:1 Bounds:IsValid=true, Min=(X=3847.230 Y=828.871 Z=0.000), Max=(X=4111.129 Y=891.129 Z=539.958) RuntimeGrid:None EditorOnly:0 RuntimeOnly:0 HLODRelevant:1
 |   |   |- Guid:55E448524EBBA237AAB469A8327CE973 BaseClass: NativeClass:/Script/Engine.StaticMeshActor Name:StaticMeshActor_UAID_6C02E05F2165BEEC01_1523759818 Label:SM_Prop_Dumpster_3 SpatiallyLoaded:1 Bounds:IsValid=true, Min=(X=1253.846 Y=794.108 Z=0.000), Max=(X=1626.154 Y=1025.892 Z=211.022) RuntimeGrid:None EditorOnly:0 RuntimeOnly:0 HLODRelevant:1
 |   |   |- Guid:659956A04735C8D41928FAB8AB7A5034 BaseClass: NativeClass:/Script/Engine.StaticMeshActor Name:StaticMeshActor_UAID_047C1685588A13ED01_2110997778 Label:SM_Prop_Bench_2 SpatiallyLoaded:1 Bounds:IsValid=true, Min=(X=4420.163 Y=745.148 Z=-0.000), Max=(X=4479.837 Y=994.852 Z=45.945) RuntimeGrid:None EditorOnly:0 RuntimeOnly:0 HLODRelevant:1
 |   |   |- Guid:6785E2164C93F3D8268F80B5B32EC45F BaseClass: NativeClass:/Script/Engine.StaticMeshActor Name:StaticMeshActor_UAID_6C02E05F2165BEEC01_1897016830 Label:SM_Cube21 SpatiallyLoaded:1 Bounds:IsValid=true, Min=(X=4560.000 Y=-1895.000 Z=-50.000), Max=(X=5785.000 Y=-620.000 Z=1325.000) RuntimeGrid:None EditorOnly:0 RuntimeOnly:0 HLODRelevant:1
 |   |   |- Guid:6E9E5AAB4D26573EA7FCED9C8C839BE6 BaseClass: NativeClass:/Script/Engine.StaticMeshActor Name:StaticMeshActor_UAID_6C02E05F2165BEEC01_1642829820 Label:SM_Cube13 SpatiallyLoaded:1 Bounds:IsValid=true, Min=(X=1770.000 Y=-495.000 Z=-50.000), Max=(X=2995.000 Y=780.000 Z=1925.000) RuntimeGrid:None EditorOnly:0 RuntimeOnly:0 HLODRelevant:1
 |   |   |- Guid:6EF7C16449E4E0F34009E2B3E50A7ED2 BaseClass: NativeClass:/Script/Engine.StaticMeshActor Name:StaticMeshActor_UAID_6C02E05F2165BEEC01_1846198826 Label:SM_Cube17 SpatiallyLoaded:1 Bounds:IsValid=true, Min=(X=1770.000 Y=-1825.000 Z=-50.000), Max=(X=2995.000 Y=-550.000 Z=2325.000) RuntimeGrid:None EditorOnly:0 RuntimeOnly:0 HLODRelevant:1
 |   |   |- Guid:739E81764E43CBE01536218C864843F6 BaseClass: NativeClass:/Script/Engine.StaticMeshActor Name:StaticMeshActor_UAID_D03957B7760A38EA01_1506266133 Label:SM_Cube10 SpatiallyLoaded:1 Bounds:IsValid=true, Min=(X=3090.000 Y=-3120.000 Z=-40.000), Max=(X=3990.000 Y=2480.000 Z=10.000) RuntimeGrid:None EditorOnly:0 RuntimeOnly:0 HLODRelevant:1
 |   |   |- Guid:766F644E4DAB93204C0EF39997A96E41 BaseClass: NativeClass:/Script/Engine.StaticMeshActor Name:StaticMeshActor_UAID_D03957B7760A38EA01_1318114121 Label:SM_Cube4 SpatiallyLoaded:1 Bounds:IsValid=true, Min=(X=-50.000 Y=750.000 Z=-50.000), Max=(X=0.000 Y=1500.000 Z=650.000) RuntimeGrid:None EditorOnly:0 RuntimeOnly:0 HLODRelevant:1
 |   |   |- Guid:7736B6B94B7BF452114740907209671A BaseClass: NativeClass:/Script/Engine.StaticMeshActor Name:StaticMeshActor_UAID_047C1685588A13ED01_2140781783 Label:SM_Prop_Box_Empty_3 SpatiallyLoaded:1 Bounds:IsValid=true, Min=(X=4101.953 Y=1647.791 Z=-0.000), Max=(X=4201.390 Y=1739.968 Z=51.935) RuntimeGrid:None EditorOnly:0 RuntimeOnly:0 HLODRelevant:1
 |   |   |- Guid:7B9E83F34DDCBDF1FE5CDF9D4D5CACB2 BaseClass:/Game/Player/Player/BP_Player.BP_Player_C NativeClass:/Script/Engine.Character Name:BP_Player_C_UAID_5081402FF2B90CF101_1618932772 Label:BP_Player SpatiallyLoaded:1 Bounds:IsValid=true, Min=(X=3714.286 Y=1480.449 Z=27.084), Max=(X=3776.357 Y=1731.474 Z=217.646) RuntimeGrid:None EditorOnly:0 RuntimeOnly:0 HLODRelevant:0
 |   |   |- Guid:7D89939D4B33F390C6DDD19E46BE49CB BaseClass: NativeClass:/Script/Engine.StaticMeshActor Name:StaticMeshActor_UAID_6C02E05F2165BEEC01_1678192822 Label:SM_Cube15 SpatiallyLoaded:1 Bounds:IsValid=true, Min=(X=-30.000 Y=1515.000 Z=-50.000), Max=(X=1270.000 Y=2790.000 Z=1125.000) RuntimeGrid:None EditorOnly:0 RuntimeOnly:0 HLODRelevant:1
 |   |   |- Guid:7DC8B8FB4FB72361DB4DBE8ADD1E490A BaseClass: NativeClass:/Script/Engine.StaticMeshActor Name:StaticMeshActor_UAID_6C02E05F2165BEEC01_1484860816 Label:SM_Prop_Dumpster_01 SpatiallyLoaded:1 Bounds:IsValid=true, Min=(X=493.846 Y=794.108 Z=0.000), Max=(X=866.154 Y=1025.892 Z=211.022) RuntimeGrid:None EditorOnly:0 RuntimeOnly:0 HLODRelevant:1
 |   |   |- Guid:81930E9C4654BC4172A1A1A27E8A3D94 BaseClass: NativeClass:/Script/Engine.StaticMeshActor Name:StaticMeshActor_UAID_D03957B7760A38EA01_1535679135 Label:Cube8 SpatiallyLoaded:1 Bounds:IsValid=true, Min=(X=3715.000 Y=-922.500 Z=-62.500), Max=(X=3965.000 Y=-297.500 Z=162.500) RuntimeGrid:None EditorOnly:0 RuntimeOnly:0 HLODRelevant:1
 |   |   |- Guid:859D8EC040EAEE1975617383D33AFFBE BaseClass: NativeClass:/Script/Engine.StaticMeshActor Name:StaticMeshActor_UAID_047C1685588ADAEC01_1360943751 Label:SM_Prop_Streetlight_2 SpatiallyLoaded:1 Bounds:IsValid=true, Min=(X=1058.871 Y=1167.230 Z=0.000), Max=(X=1121.129 Y=1431.129 Z=539.958) RuntimeGrid:None EditorOnly:0 RuntimeOnly:0 HLODRelevant:1
 |   |   |- Guid:8672C5FB424B38D114384F9E2A17CFBD BaseClass: NativeClass:/Script/Engine.StaticMeshActor Name:StaticMeshActor_UAID_6C02E05F2165BFEC01_1519476011 Label:SM_Prop_TrashBag_02 SpatiallyLoaded:1 Bounds:IsValid=true, Min=(X=1710.339 Y=809.589 Z=0.000), Max=(X=1789.660 Y=890.411 Z=97.961) RuntimeGrid:None EditorOnly:0 RuntimeOnly:0 HLODRelevant:1
 |   |   |- Guid:898FF47F4172957F06D4F997139EBAA6 BaseClass: NativeClass:/Script/Engine.StaticMeshActor Name:StaticMeshActor_UAID_047C1685588ADAEC01_1264583747 Label:SM_Prop_Barrier_Plastic_5 SpatiallyLoaded:1 Bounds:IsValid=true, Min=(X=3178.219 Y=2280.925 Z=10.000), Max=(X=3521.781 Y=2379.075 Z=162.719) RuntimeGrid:None EditorOnly:0 RuntimeOnly:0 HLODRelevant:1
 |   |   |- Guid:8C4807CB42946984214C00A9A36785A0 BaseClass: NativeClass:/Script/Engine.StaticMeshActor Name:StaticMeshActor_UAID_047C1685588ADAEC01_1385618756 Label:SM_Prop_Streetlight_7 SpatiallyLoaded:1 Bounds:IsValid=true, Min=(X=3847.230 Y=-421.129 Z=0.000), Max=(X=4111.129 Y=-358.871 Z=539.958) RuntimeGrid:None EditorOnly:0 RuntimeOnly:0 HLODRelevant:1
 |   |   |- Guid:8EE9DCD142000F85BD99F2AE9CFC5820 BaseClass: NativeClass:/Script/Engine.StaticMeshActor Name:StaticMeshActor_UAID_6C02E05F2165BEEC01_1852963827 Label:SM_Cube18 SpatiallyLoaded:1 Bounds:IsValid=true, Min=(X=1770.000 Y=-3155.000 Z=-50.000), Max=(X=2995.000 Y=-1880.000 Z=1325.000) RuntimeGrid:None EditorOnly:0 RuntimeOnly:0 HLODRelevant:1
 |   |   |- Guid:91C5092649608063ED5E158E71399FFD BaseClass: NativeClass:/Script/Engine.StaticMeshActor Name:StaticMeshActor_UAID_6C02E05F2165BEEC01_1860186828 Label:SM_Cube19 SpatiallyLoaded:1 Bounds:IsValid=true, Min=(X=2900.000 Y=-4485.000 Z=-50.000), Max=(X=4550.000 Y=-3210.000 Z=2325.000) RuntimeGrid:None EditorOnly:0 RuntimeOnly:0 HLODRelevant:1
 |   |   |- Guid:96729373464A58B094B90AB29844CE65 BaseClass: NativeClass:/Script/Engine.StaticMeshActor Name:StaticMeshActor_UAID_6C02E05F2165BFEC01_1522984013 Label:SM_Prop_TrashBag_4 SpatiallyLoaded:1 Bounds:IsValid=true, Min=(X=1684.532 Y=877.470 Z=0.000), Max=(X=1755.468 Y=962.529 Z=76.639) RuntimeGrid:None EditorOnly:0 RuntimeOnly:0 HLODRelevant:1
 |   |   |- Guid:9729F75542014E38A662069EE246EE7E BaseClass: NativeClass:/Script/Engine.StaticMeshActor Name:StaticMeshActor_UAID_047C1685588ADAEC01_1390085758 Label:SM_Prop_Streetlight_9 SpatiallyLoaded:1 Bounds:IsValid=true, Min=(X=3847.230 Y=-3101.129 Z=0.000), Max=(X=4111.129 Y=-3038.871 Z=539.958) RuntimeGrid:None EditorOnly:0 RuntimeOnly:0 HLODRelevant:1
 |   |   |- Guid:9CC4F4E2417E0F7F63E2F79AD597248A BaseClass: NativeClass:/Script/Engine.StaticMeshActor Name:StaticMeshActor_UAID_6C02E05F2165BFEC01_1530938014 Label:SM_Prop_TrashBag_2 SpatiallyLoaded:1 Bounds:IsValid=true, Min=(X=1609.931 Y=888.591 Z=0.000), Max=(X=1710.069 Y=991.409 Z=90.475) RuntimeGrid:None EditorOnly:0 RuntimeOnly:0 HLODRelevant:1
 |   |   |- Guid:9FDF281041FF21D31224D08905DB3B01 BaseClass: NativeClass:/Script/Engine.StaticMeshActor Name:StaticMeshActor_UAID_047C1685588A14ED01_1145224964 Label:SM_Prop_VendingMachine_2 SpatiallyLoaded:1 Bounds:IsValid=true, Min=(X=4420.019 Y=-2357.327 Z=0.000), Max=(X=4499.981 Y=-2262.673 Z=202.318) RuntimeGrid:None EditorOnly:0 RuntimeOnly:0 HLODRelevant:1
 |   |   |- Guid:A3F3F8D24CB2CBCC90772991F081C6E7 BaseClass: NativeClass:/Script/Engine.DirectionalLight Name:DirectionalLight_0 Label:DirectionalLight SpatiallyLoaded:0 Bounds:IsValid=true, Min=(X=-4398046511104.000 Y=-4398046511104.000 Z=-4398046511104.000), Max=(X=4398046511104.000 Y=4398046511104.000 Z=4398046511104.000) RuntimeGrid:None EditorOnly:0 RuntimeOnly:0 HLODRelevant:0
 |   |   |- Guid:A572F14840AC3369D63AD98277A42D75 BaseClass: NativeClass:/Script/Engine.StaticMeshActor Name:StaticMeshActor_UAID_047C1685588A13ED01_2112693779 Label:SM_Prop_Bench_3 SpatiallyLoaded:1 Bounds:IsValid=true, Min=(X=4420.163 Y=1005.148 Z=-0.000), Max=(X=4479.837 Y=1254.852 Z=45.945) RuntimeGrid:None EditorOnly:0 RuntimeOnly:0 HLODRelevant:1
 |   |   |- Guid:A6E9752F4EF85B6EBFF906B2C740AC20 BaseClass: NativeClass:/Script/Engine.ExponentialHeightFog Name:ExponentialHeightFog_0 Label:ExponentialHeightFog SpatiallyLoaded:0 Bounds:IsValid=true, Min=(X=-5600.000 Y=-50.000 Z=-6850.000), Max=(X=-5600.000 Y=-50.000 Z=-6850.000) RuntimeGrid:None EditorOnly:0 RuntimeOnly:0 HLODRelevant:0
 |   |   |- Guid:AA83F9C549D95A7294C84FAB7D746236 BaseClass: NativeClass:/Script/Engine.StaticMeshActor Name:StaticMeshActor_UAID_6C02E05F2165BFEC01_1542608015 Label:SM_Prop_TrashBag_3 SpatiallyLoaded:1 Bounds:IsValid=true, Min=(X=1633.931 Y=859.589 Z=33.113), Max=(X=1729.057 Y=940.411 Z=143.360) RuntimeGrid:None EditorOnly:0 RuntimeOnly:0 HLODRelevant:1
 |   |   |- Guid:AB4188C348F93967020B02A7CF178DA2 BaseClass: NativeClass:/Script/Engine.StaticMeshActor Name:StaticMeshActor_UAID_047C1685588A14ED01_1108305960 Label:SM_Prop_Rubbish_Bin_01 SpatiallyLoaded:1 Bounds:IsValid=true, Min=(X=4421.224 Y=1261.224 Z=0.000), Max=(X=4478.776 Y=1318.776 Z=94.796) RuntimeGrid:None EditorOnly:0 RuntimeOnly:0 HLODRelevant:1
 |   |   |- Guid:AC776F2447DA3513CAB35983E135E37D BaseClass: NativeClass:/Script/Engine.StaticMeshActor Name:StaticMeshActor_UAID_047C1685588A13ED01_2093507776 Label:SM_Prop_Advertisement_Pillar_01 SpatiallyLoaded:1 Bounds:IsValid=true, Min=(X=4194.934 Y=-35.066 Z=0.000), Max=(X=4345.066 Y=115.066 Z=256.911) RuntimeGrid:None EditorOnly:0 RuntimeOnly:0 HLODRelevant:1
 |   |   |- Guid:B00324FB4DFCE72E082B7F9B2C1C4510 BaseClass: NativeClass:/Script/Engine.StaticMeshActor Name:StaticMeshActor_UAID_6C02E05F2165BEEC01_1908700832 Label:SM_Cube23 SpatiallyLoaded:1 Bounds:IsValid=true, Min=(X=4580.000 Y=765.000 Z=-50.000), Max=(X=6155.000 Y=2490.000 Z=2250.000) RuntimeGrid:None EditorOnly:0 RuntimeOnly:0 HLODRelevant:1
 |   |   |- Guid:B4BBAD1F4655869F3095278913DA55D1 BaseClass: NativeClass:/Script/Engine.StaticMeshActor Name:StaticMeshActor_UAID_047C1685588ADAEC01_1330701750 Label:SM_Prop_Streetlight_01 SpatiallyLoaded:1 Bounds:IsValid=true, Min=(X=128.871 Y=1167.230 Z=0.000), Max=(X=191.129 Y=1431.129 Z=539.958) RuntimeGrid:None EditorOnly:0 RuntimeOnly:0 HLODRelevant:1
 |   |   |- Guid:B622B0E345D67E4CC6FA9DB2EB0C7ADE BaseClass: NativeClass:/Script/Engine.StaticMeshActor Name:StaticMeshActor_UAID_6C02E05F2165BEEC01_1713932823 Label:SM_Cube16 SpatiallyLoaded:1 Bounds:IsValid=true, Min=(X=-1610.000 Y=365.000 Z=-50.000), Max=(X=-35.000 Y=1640.000 Z=1925.000) RuntimeGrid:None EditorOnly:0 RuntimeOnly:0 HLODRelevant:1
 |   |   |- Guid:BD430A7046904229C6FBCBB342C0993E BaseClass: NativeClass:/Script/Engine.StaticMeshActor Name:StaticMeshActor_UAID_047C1685588ADAEC01_1378367754 Label:SM_Prop_Streetlight_5 SpatiallyLoaded:1 Bounds:IsValid=true, Min=(X=3847.230 Y=1938.871 Z=0.000), Max=(X=4111.129 Y=2001.129 Z=539.958) RuntimeGrid:None EditorOnly:0 RuntimeOnly:0 HLODRelevant:1
 |   |   |- Guid:C0A1B2674FBEB3D6882A089087240E31 BaseClass: NativeClass:/Script/Engine.StaticMeshActor Name:StaticMeshActor_UAID_6C02E05F2165BEEC01_1926496833 Label:SM_Cube24 SpatiallyLoaded:1 Bounds:IsValid=true, Min=(X=3000.000 Y=2535.000 Z=-50.000), Max=(X=4750.000 Y=3810.000 Z=1925.000) RuntimeGrid:None EditorOnly:0 RuntimeOnly:0 HLODRelevant:1
 |   |   |- Guid:C25E420742F3E3340A066C9FD160D5AE BaseClass: NativeClass:/Script/Engine.SkyAtmosphere Name:SkyAtmosphere_0 Label:SkyAtmosphere SpatiallyLoaded:0 Bounds:IsValid=true, Min=(X=0.000 Y=0.000 Z=1020.000), Max=(X=0.000 Y=0.000 Z=1020.000) RuntimeGrid:None EditorOnly:0 RuntimeOnly:0 HLODRelevant:0
 |   |   |- Guid:C6B6443148DFB72B14C3689D099FABD7 BaseClass: NativeClass:/Script/Engine.StaticMeshActor Name:StaticMeshActor_UAID_047C1685588ADAEC01_1362692752 Label:SM_Prop_Streetlight_3 SpatiallyLoaded:1 Bounds:IsValid=true, Min=(X=2038.871 Y=1167.230 Z=0.000), Max=(X=2101.129 Y=1431.129 Z=539.958) RuntimeGrid:None EditorOnly:0 RuntimeOnly:0 HLODRelevant:1
 |   |   |- Guid:D641469E4F66BAFB05295F8E32BC6FB2 BaseClass: NativeClass:/Script/Engine.StaticMeshActor Name:StaticMeshActor_UAID_6C02E05F2165BEEC01_1521730817 Label:SM_Prop_Dumpster_2 SpatiallyLoaded:1 Bounds:IsValid=true, Min=(X=873.846 Y=794.108 Z=0.000), Max=(X=1246.154 Y=1025.892 Z=211.022) RuntimeGrid:None EditorOnly:0 RuntimeOnly:0 HLODRelevant:1
 |   |   |- Guid:DEBC2DF6416E72EE2D9B53BB05220DDA BaseClass: NativeClass:/Script/Engine.StaticMeshActor Name:StaticMeshActor_UAID_047C1685588ADAEC01_1388545757 Label:SM_Prop_Streetlight_8 SpatiallyLoaded:1 Bounds:IsValid=true, Min=(X=3847.230 Y=-1791.129 Z=0.000), Max=(X=4111.129 Y=-1728.871 Z=539.958) RuntimeGrid:None EditorOnly:0 RuntimeOnly:0 HLODRelevant:1
 |   |   |- Guid:DEC9143B40841113879CDC9E16BFB5C6 BaseClass: NativeClass:/Script/Engine.StaticMeshActor Name:StaticMeshActor_UAID_D03957B7760A38EA01_1423199128 Label:SM_Cube5 SpatiallyLoaded:1 Bounds:IsValid=true, Min=(X=3000.000 Y=-3120.000 Z=-50.000), Max=(X=4500.000 Y=2480.000 Z=0.000) RuntimeGrid:None EditorOnly:0 RuntimeOnly:0 HLODRelevant:1
 |   |   |- Guid:E20D7480495001B81A0E38AC45BAC54C BaseClass: NativeClass:/Script/Engine.StaticMeshActor Name:StaticMeshActor_UAID_047C1685588ADAEC01_1251363746 Label:SM_Prop_Barrier_Plastic_4 SpatiallyLoaded:1 Bounds:IsValid=true, Min=(X=3588.219 Y=2280.925 Z=10.000), Max=(X=3931.781 Y=2379.075 Z=162.719) RuntimeGrid:None EditorOnly:0 RuntimeOnly:0 HLODRelevant:1
 |   |   |- Guid:E6326E984413E091F62EC0AF7E87B2AD BaseClass: NativeClass:/Script/NavigationSystem.NavMeshBoundsVolume Name:NavMeshBoundsVolume_UAID_5081402FF2B90CF101_1644038773 Label:NavMeshBoundsVolume SpatiallyLoaded:0 Bounds:IsValid=true, Min=(X=2660.000 Y=-2399.000 Z=-90.000), Max=(X=4260.000 Y=1401.000 Z=110.000) RuntimeGrid:None EditorOnly:0 RuntimeOnly:0 HLODRelevant:0
 |   |   |- Guid:EC6CE0044640E6739ECD42BE7DDF796C BaseClass: NativeClass:/Script/Engine.StaticMeshActor Name:StaticMeshActor_UAID_6C02E05F2165BFEC01_1513616010 Label:SM_Prop_TrashBag_01 SpatiallyLoaded:1 Bounds:IsValid=true, Min=(X=1659.423 Y=818.547 Z=0.000), Max=(X=1720.577 Y=901.453 Z=90.475) RuntimeGrid:None EditorOnly:0 RuntimeOnly:0 HLODRelevant:1
 |   |   |- Guid:F1C27A384ACBF1473FE86FBCF0A5234B BaseClass: NativeClass:/Script/Engine.StaticMeshActor Name:StaticMeshActor_UAID_D03957B7760A38EA01_1479051131 Label:SM_Cube8 SpatiallyLoaded:1 Bounds:IsValid=true, Min=(X=2970.000 Y=1450.000 Z=-50.000), Max=(X=3020.000 Y=2500.000 Z=650.000) RuntimeGrid:None EditorOnly:0 RuntimeOnly:0 HLODRelevant:1
 |   |   |- Guid:F3D7E6ED4668D1D38693838F7F53EAEE BaseClass: NativeClass:/Script/Engine.StaticMeshActor Name:StaticMeshActor_UAID_047C1685588ADAEC01_1230262745 Label:SM_Prop_Barrier_Plastic_3 SpatiallyLoaded:1 Bounds:IsValid=true, Min=(X=4146.696 Y=-2848.391 Z=0.000), Max=(X=4493.304 Y=-2591.609 Z=152.719) RuntimeGrid:None EditorOnly:0 RuntimeOnly:0 HLODRelevant:1
 |   |   |- Guid:F41326034C2FDE3D73C239AC5B4282A5 BaseClass: NativeClass:/Script/Engine.StaticMeshActor Name:StaticMeshActor_UAID_047C1685588A13ED01_2131372781 Label:SM_Prop_Box_Empty_01 SpatiallyLoaded:1 Bounds:IsValid=true, Min=(X=4199.482 Y=1304.087 Z=-0.000), Max=(X=4279.534 Y=1364.305 Z=51.935) RuntimeGrid:None EditorOnly:0 RuntimeOnly:0 HLODRelevant:1
 |   |   |- Guid:F68708F34D15B7C7E4AF6AA29FA308E2 BaseClass: NativeClass:/Script/Engine.StaticMeshActor Name:StaticMeshActor_UAID_D03957B7760A38EA01_1313174120 Label:SM_Cube3 SpatiallyLoaded:1 Bounds:IsValid=true, Min=(X=0.000 Y=1450.000 Z=-50.000), Max=(X=3000.000 Y=1500.000 Z=650.000) RuntimeGrid:None EditorOnly:0 RuntimeOnly:0 HLODRelevant:1
 |   |   |- Guid:F83D9151494F0A96BAB6BE8E4F23624D BaseClass: NativeClass:/Script/Engine.StaticMeshActor Name:StaticMeshActor_UAID_A4AE111137DC5EFB00_1110535423 Label:SM_SkySphere SpatiallyLoaded:0 Bounds:IsValid=true, Min=(X=-1638400.000 Y=-1638400.000 Z=-1638400.000), Max=(X=1638400.000 Y=1638400.000 Z=1638400.000) RuntimeGrid:None EditorOnly:0 RuntimeOnly:0 HLODRelevant:1
 |   |   |- Guid:F9D042184C8149583F8C979A521B3A70 BaseClass: NativeClass:/Script/Engine.StaticMeshActor Name:StaticMeshActor_UAID_6C02E05F2165BEEC01_1876958829 Label:SM_Cube20 SpatiallyLoaded:1 Bounds:IsValid=true, Min=(X=4610.000 Y=-3225.000 Z=-50.000), Max=(X=5835.000 Y=-1950.000 Z=2000.000) RuntimeGrid:None EditorOnly:0 RuntimeOnly:0 HLODRelevant:1
 |   |   |- Guid:FAA11CBC4142A223D4EC72897B5CF711 BaseClass: NativeClass:/Script/Engine.StaticMeshActor Name:StaticMeshActor_UAID_D03957B7760A38EA01_1455057129 Label:SM_Cube6 SpatiallyLoaded:1 Bounds:IsValid=true, Min=(X=4490.000 Y=-3210.000 Z=-50.000), Max=(X=4540.000 Y=2490.000 Z=650.000) RuntimeGrid:None EditorOnly:0 RuntimeOnly:0 HLODRelevant:1
 |   |   |- Guid:FC21CA094B53CC7CD41548970244E746 BaseClass: NativeClass:/Script/Engine.StaticMeshActor Name:StaticMeshActor_UAID_6C02E05F2165BEEC01_1630648819 Label:SM_Cube12 SpatiallyLoaded:1 Bounds:IsValid=true, Min=(X=-30.000 Y=-475.000 Z=-50.000), Max=(X=1670.000 Y=800.000 Z=1425.000) RuntimeGrid:None EditorOnly:0 RuntimeOnly:0 HLODRelevant:1
 |   |   |- Guid:FF61D5F4457471E22E356697B71F348C BaseClass: NativeClass:/Script/Engine.StaticMeshActor Name:StaticMeshActor_UAID_047C1685588ADAEC01_1223770744 Label:SM_Prop_Barrier_Plastic_2 SpatiallyLoaded:1 Bounds:IsValid=true, Min=(X=4002.307 Y=-3018.159 Z=0.000), Max=(X=4357.693 Y=-2861.841 Z=152.719) RuntimeGrid:None EditorOnly:0 RuntimeOnly:0 HLODRelevant:1
 |   |- [+] Clusters:
 |   |   |- [+] [  0]
 |   |   |   |- Guid:E6326E984413E091F62EC0AF7E87B2AD BaseClass: NativeClass:/Script/NavigationSystem.NavMeshBoundsVolume Name:NavMeshBoundsVolume_UAID_5081402FF2B90CF101_1644038773 Label:NavMeshBoundsVolume SpatiallyLoaded:0 Bounds:IsValid=true, Min=(X=2660.000 Y=-2399.000 Z=-90.000), Max=(X=4260.000 Y=1401.000 Z=110.000) RuntimeGrid:None EditorOnly:0 RuntimeOnly:0 HLODRelevant:0
 |   |   |- [+] [  1]
 |   |   |   |- Guid:2203E6EC4F0A7B978660BEB977F0527D BaseClass: NativeClass:/Script/Engine.WorldDataLayers Name:WorldDataLayers Label:WorldDataLayers SpatiallyLoaded:0 Bounds:IsValid=true, Min=(X=0.000 Y=0.000 Z=0.000), Max=(X=0.000 Y=0.000 Z=0.000) RuntimeGrid:None EditorOnly:0 RuntimeOnly:0 HLODRelevant:0
 |   |   |- [+] [  2]
 |   |   |   |- Guid:6E9E5AAB4D26573EA7FCED9C8C839BE6 BaseClass: NativeClass:/Script/Engine.StaticMeshActor Name:StaticMeshActor_UAID_6C02E05F2165BEEC01_1642829820 Label:SM_Cube13 SpatiallyLoaded:1 Bounds:IsValid=true, Min=(X=1770.000 Y=-495.000 Z=-50.000), Max=(X=2995.000 Y=780.000 Z=1925.000) RuntimeGrid:None EditorOnly:0 RuntimeOnly:0 HLODRelevant:1
 |   |   |- [+] [  3]
 |   |   |   |- Guid:019C26754B6536520BBDE98324041F50 BaseClass: NativeClass:/Script/Engine.StaticMeshActor Name:StaticMeshActor_UAID_047C1685588ADAEC01_1367012753 Label:SM_Prop_Streetlight_4 SpatiallyLoaded:1 Bounds:IsValid=true, Min=(X=2838.871 Y=1167.230 Z=0.000), Max=(X=2901.129 Y=1431.129 Z=539.958) RuntimeGrid:None EditorOnly:0 RuntimeOnly:0 HLODRelevant:1
 |   |   |- [+] [  4]
 |   |   |   |- Guid:4E0CFB3341968E294799F585935DCF39 BaseClass: NativeClass:/Script/Engine.StaticMeshActor Name:StaticMeshActor_UAID_047C1685588ADAEC01_1384356755 Label:SM_Prop_Streetlight_6 SpatiallyLoaded:1 Bounds:IsValid=true, Min=(X=3847.230 Y=828.871 Z=0.000), Max=(X=4111.129 Y=891.129 Z=539.958) RuntimeGrid:None EditorOnly:0 RuntimeOnly:0 HLODRelevant:1
 |   |   |- [+] [  5]
 |   |   |   |- Guid:C6B6443148DFB72B14C3689D099FABD7 BaseClass: NativeClass:/Script/Engine.StaticMeshActor Name:StaticMeshActor_UAID_047C1685588ADAEC01_1362692752 Label:SM_Prop_Streetlight_3 SpatiallyLoaded:1 Bounds:IsValid=true, Min=(X=2038.871 Y=1167.230 Z=0.000), Max=(X=2101.129 Y=1431.129 Z=539.958) RuntimeGrid:None EditorOnly:0 RuntimeOnly:0 HLODRelevant:1
 |   |   |- [+] [  6]
 |   |   |   |- Guid:7736B6B94B7BF452114740907209671A BaseClass: NativeClass:/Script/Engine.StaticMeshActor Name:StaticMeshActor_UAID_047C1685588A13ED01_2140781783 Label:SM_Prop_Box_Empty_3 SpatiallyLoaded:1 Bounds:IsValid=true, Min=(X=4101.953 Y=1647.791 Z=-0.000), Max=(X=4201.390 Y=1739.968 Z=51.935) RuntimeGrid:None EditorOnly:0 RuntimeOnly:0 HLODRelevant:1
 |   |   |- [+] [  7]
 |   |   |   |- Guid:3A9AB4934B993C2AD7D320B5462C8C55 BaseClass: NativeClass:/Script/NavigationSystem.RecastNavMesh Name:RecastNavMesh_UAID_5081402FF2B90CF101-Default Label:RecastNavMesh-Default SpatiallyLoaded:0 Bounds:IsValid=true, Min=(X=0.000 Y=0.000 Z=0.000), Max=(X=0.000 Y=0.000 Z=0.000) RuntimeGrid:None EditorOnly:0 RuntimeOnly:0 HLODRelevant:0
 |   |   |- [+] [  8]
 |   |   |   |- Guid:8C4807CB42946984214C00A9A36785A0 BaseClass: NativeClass:/Script/Engine.StaticMeshActor Name:StaticMeshActor_UAID_047C1685588ADAEC01_1385618756 Label:SM_Prop_Streetlight_7 SpatiallyLoaded:1 Bounds:IsValid=true, Min=(X=3847.230 Y=-421.129 Z=0.000), Max=(X=4111.129 Y=-358.871 Z=539.958) RuntimeGrid:None EditorOnly:0 RuntimeOnly:0 HLODRelevant:1
 |   |   |- [+] [  9]
 |   |   |   |- Guid:009683BC46F3A283F403F283C6ED3AF5 BaseClass: NativeClass:/Script/Engine.SkyLight Name:SkyLight_1 Label:SkyLight SpatiallyLoaded:0 Bounds:IsValid=true, Min=(X=0.000 Y=0.000 Z=690.000), Max=(X=0.000 Y=0.000 Z=690.000) RuntimeGrid:None EditorOnly:0 RuntimeOnly:0 HLODRelevant:0
 |   |   |- [+] [ 10]
 |   |   |   |- Guid:7D89939D4B33F390C6DDD19E46BE49CB BaseClass: NativeClass:/Script/Engine.StaticMeshActor Name:StaticMeshActor_UAID_6C02E05F2165BEEC01_1678192822 Label:SM_Cube15 SpatiallyLoaded:1 Bounds:IsValid=true, Min=(X=-30.000 Y=1515.000 Z=-50.000), Max=(X=1270.000 Y=2790.000 Z=1125.000) RuntimeGrid:None EditorOnly:0 RuntimeOnly:0 HLODRelevant:1
 |   |   |- [+] [ 11]
 |   |   |   |- Guid:6EF7C16449E4E0F34009E2B3E50A7ED2 BaseClass: NativeClass:/Script/Engine.StaticMeshActor Name:StaticMeshActor_UAID_6C02E05F2165BEEC01_1846198826 Label:SM_Cube17 SpatiallyLoaded:1 Bounds:IsValid=true, Min=(X=1770.000 Y=-1825.000 Z=-50.000), Max=(X=2995.000 Y=-550.000 Z=2325.000) RuntimeGrid:None EditorOnly:0 RuntimeOnly:0 HLODRelevant:1
 |   |   |- [+] [ 12]
 |   |   |   |- Guid:8EE9DCD142000F85BD99F2AE9CFC5820 BaseClass: NativeClass:/Script/Engine.StaticMeshActor Name:StaticMeshActor_UAID_6C02E05F2165BEEC01_1852963827 Label:SM_Cube18 SpatiallyLoaded:1 Bounds:IsValid=true, Min=(X=1770.000 Y=-3155.000 Z=-50.000), Max=(X=2995.000 Y=-1880.000 Z=1325.000) RuntimeGrid:None EditorOnly:0 RuntimeOnly:0 HLODRelevant:1
 |   |   |- [+] [ 13]
 |   |   |   |- Guid:BD430A7046904229C6FBCBB342C0993E BaseClass: NativeClass:/Script/Engine.StaticMeshActor Name:StaticMeshActor_UAID_047C1685588ADAEC01_1378367754 Label:SM_Prop_Streetlight_5 SpatiallyLoaded:1 Bounds:IsValid=true, Min=(X=3847.230 Y=1938.871 Z=0.000), Max=(X=4111.129 Y=2001.129 Z=539.958) RuntimeGrid:None EditorOnly:0 RuntimeOnly:0 HLODRelevant:1
 |   |   |- [+] [ 14]
 |   |   |   |- Guid:2FBC23AE4A13BA8B5963858FF3A2154E BaseClass: NativeClass:/Script/Engine.StaticMeshActor Name:StaticMeshActor_UAID_047C1685588ADAEC01_1213826743 Label:SM_Prop_Barrier_Plastic_01 SpatiallyLoaded:1 Bounds:IsValid=true, Min=(X=3091.794 Y=-3004.868 Z=10.000), Max=(X=3448.206 Y=-2795.132 Z=162.719) RuntimeGrid:None EditorOnly:0 RuntimeOnly:0 HLODRelevant:1
 |   |   |- [+] [ 15]
 |   |   |   |- Guid:859D8EC040EAEE1975617383D33AFFBE BaseClass: NativeClass:/Script/Engine.StaticMeshActor Name:StaticMeshActor_UAID_047C1685588ADAEC01_1360943751 Label:SM_Prop_Streetlight_2 SpatiallyLoaded:1 Bounds:IsValid=true, Min=(X=1058.871 Y=1167.230 Z=0.000), Max=(X=1121.129 Y=1431.129 Z=539.958) RuntimeGrid:None EditorOnly:0 RuntimeOnly:0 HLODRelevant:1
 |   |   |- [+] [ 16]
 |   |   |   |- Guid:408B50184CABF5AB2275F1AE93DA8551 BaseClass: NativeClass:/Script/Engine.PostProcessVolume Name:PostProcessVolume_0 Label:PostProcessVolume SpatiallyLoaded:0 Bounds:IsValid=true, Min=(X=0.000 Y=0.000 Z=400.000), Max=(X=200.000 Y=200.000 Z=600.000) RuntimeGrid:None EditorOnly:0 RuntimeOnly:0 HLODRelevant:0
 |   |   |- [+] [ 17]
 |   |   |   |- Guid:AA83F9C549D95A7294C84FAB7D746236 BaseClass: NativeClass:/Script/Engine.StaticMeshActor Name:StaticMeshActor_UAID_6C02E05F2165BFEC01_1542608015 Label:SM_Prop_TrashBag_3 SpatiallyLoaded:1 Bounds:IsValid=true, Min=(X=1633.931 Y=859.589 Z=33.113), Max=(X=1729.057 Y=940.411 Z=143.360) RuntimeGrid:None EditorOnly:0 RuntimeOnly:0 HLODRelevant:1
 |   |   |- [+] [ 18]
 |   |   |   |- Guid:1B53E803495AB31E98A9CDBEA5650587 BaseClass: NativeClass:/Script/Engine.StaticMeshActor Name:StaticMeshActor_UAID_6C02E05F2165BEEC01_1904701831 Label:SM_Cube22 SpatiallyLoaded:1 Bounds:IsValid=true, Min=(X=4560.000 Y=-575.000 Z=-50.000), Max=(X=5785.000 Y=700.000 Z=1325.000) RuntimeGrid:None EditorOnly:0 RuntimeOnly:0 HLODRelevant:1
 |   |   |- [+] [ 19]
 |   |   |   |- Guid:F9D042184C8149583F8C979A521B3A70 BaseClass: NativeClass:/Script/Engine.StaticMeshActor Name:StaticMeshActor_UAID_6C02E05F2165BEEC01_1876958829 Label:SM_Cube20 SpatiallyLoaded:1 Bounds:IsValid=true, Min=(X=4610.000 Y=-3225.000 Z=-50.000), Max=(X=5835.000 Y=-1950.000 Z=2000.000) RuntimeGrid:None EditorOnly:0 RuntimeOnly:0 HLODRelevant:1
 |   |   |- [+] [ 20]
 |   |   |   |- Guid:308DEF464B060C004ED7E6872BAE26F6 BaseClass: NativeClass:/Script/Engine.SkeletalMeshActor Name:SkeletalMeshActor_UAID_047C1685588A13ED01_2066504775 Label:SK_Character_Junky_Male_01 SpatiallyLoaded:1 Bounds:IsValid=true, Min=(X=4258.514 Y=-1322.625 Z=-5.916), Max=(X=4320.225 Y=-1137.090 Z=184.646) RuntimeGrid:None EditorOnly:0 RuntimeOnly:0 HLODRelevant:0
 |   |   |- [+] [ 21]
 |   |   |   |- Guid:3DCB90FD47684214E33284955784B0CB BaseClass: NativeClass:/Script/Engine.StaticMeshActor Name:StaticMeshActor_UAID_047C1685588A13ED01_2133125782 Label:SM_Prop_Box_Empty_2 SpatiallyLoaded:1 Bounds:IsValid=true, Min=(X=4337.299 Y=1442.806 Z=-0.000), Max=(X=4429.476 Y=1542.243 Z=51.935) RuntimeGrid:None EditorOnly:0 RuntimeOnly:0 HLODRelevant:1
 |   |   |- [+] [ 22]
 |   |   |   |- Guid:31A100364B07E500DF67EBBB98837E87 BaseClass: NativeClass:/Script/Engine.StaticMeshActor Name:StaticMeshActor_UAID_047C1685588A14ED01_1138654963 Label:SM_Prop_VendingMachine_01 SpatiallyLoaded:1 Bounds:IsValid=true, Min=(X=4420.019 Y=-2467.327 Z=0.000), Max=(X=4499.981 Y=-2372.673 Z=202.318) RuntimeGrid:None EditorOnly:0 RuntimeOnly:0 HLODRelevant:1
 |   |   |- [+] [ 23]
 |   |   |   |- Guid:FAA11CBC4142A223D4EC72897B5CF711 BaseClass: NativeClass:/Script/Engine.StaticMeshActor Name:StaticMeshActor_UAID_D03957B7760A38EA01_1455057129 Label:SM_Cube6 SpatiallyLoaded:1 Bounds:IsValid=true, Min=(X=4490.000 Y=-3210.000 Z=-50.000), Max=(X=4540.000 Y=2490.000 Z=650.000) RuntimeGrid:None EditorOnly:0 RuntimeOnly:0 HLODRelevant:1
 |   |   |- [+] [ 24]
 |   |   |   |- Guid:07A8FA8944E320FB8369B09C1B9016A2 BaseClass: NativeClass:/Script/Engine.StaticMeshActor Name:StaticMeshActor_UAID_047C1685588A13ED01_2103187777 Label:SM_Prop_Bench_01 SpatiallyLoaded:1 Bounds:IsValid=true, Min=(X=4420.163 Y=485.148 Z=-0.000), Max=(X=4479.837 Y=734.852 Z=45.945) RuntimeGrid:None EditorOnly:0 RuntimeOnly:0 HLODRelevant:1
 |   |   |- [+] [ 25]
 |   |   |   |- Guid:F1C27A384ACBF1473FE86FBCF0A5234B BaseClass: NativeClass:/Script/Engine.StaticMeshActor Name:StaticMeshActor_UAID_D03957B7760A38EA01_1479051131 Label:SM_Cube8 SpatiallyLoaded:1 Bounds:IsValid=true, Min=(X=2970.000 Y=1450.000 Z=-50.000), Max=(X=3020.000 Y=2500.000 Z=650.000) RuntimeGrid:None EditorOnly:0 RuntimeOnly:0 HLODRelevant:1
 |   |   |- [+] [ 26]
 |   |   |   |- Guid:55E448524EBBA237AAB469A8327CE973 BaseClass: NativeClass:/Script/Engine.StaticMeshActor Name:StaticMeshActor_UAID_6C02E05F2165BEEC01_1523759818 Label:SM_Prop_Dumpster_3 SpatiallyLoaded:1 Bounds:IsValid=true, Min=(X=1253.846 Y=794.108 Z=0.000), Max=(X=1626.154 Y=1025.892 Z=211.022) RuntimeGrid:None EditorOnly:0 RuntimeOnly:0 HLODRelevant:1
 |   |   |- [+] [ 27]
 |   |   |   |- Guid:2C76ED6944CF65587AD7C4BFFF85C540 BaseClass: NativeClass:/Script/Engine.StaticMeshActor Name:StaticMeshActor_UAID_047C1685588ADAEC01_1268485748 Label:SM_Prop_Barrier_Plastic_6 SpatiallyLoaded:1 Bounds:IsValid=true, Min=(X=4061.794 Y=2165.132 Z=0.000), Max=(X=4418.206 Y=2374.868 Z=152.719) RuntimeGrid:None EditorOnly:0 RuntimeOnly:0 HLODRelevant:1
 |   |   |- [+] [ 28]
 |   |   |   |- Guid:A572F14840AC3369D63AD98277A42D75 BaseClass: NativeClass:/Script/Engine.StaticMeshActor Name:StaticMeshActor_UAID_047C1685588A13ED01_2112693779 Label:SM_Prop_Bench_3 SpatiallyLoaded:1 Bounds:IsValid=true, Min=(X=4420.163 Y=1005.148 Z=-0.000), Max=(X=4479.837 Y=1254.852 Z=45.945) RuntimeGrid:None EditorOnly:0 RuntimeOnly:0 HLODRelevant:1
 |   |   |- [+] [ 29]
 |   |   |   |- Guid:E20D7480495001B81A0E38AC45BAC54C BaseClass: NativeClass:/Script/Engine.StaticMeshActor Name:StaticMeshActor_UAID_047C1685588ADAEC01_1251363746 Label:SM_Prop_Barrier_Plastic_4 SpatiallyLoaded:1 Bounds:IsValid=true, Min=(X=3588.219 Y=2280.925 Z=10.000), Max=(X=3931.781 Y=2379.075 Z=162.719) RuntimeGrid:None EditorOnly:0 RuntimeOnly:0 HLODRelevant:1
 |   |   |- [+] [ 30]
 |   |   |   |- Guid:B622B0E345D67E4CC6FA9DB2EB0C7ADE BaseClass: NativeClass:/Script/Engine.StaticMeshActor Name:StaticMeshActor_UAID_6C02E05F2165BEEC01_1713932823 Label:SM_Cube16 SpatiallyLoaded:1 Bounds:IsValid=true, Min=(X=-1610.000 Y=365.000 Z=-50.000), Max=(X=-35.000 Y=1640.000 Z=1925.000) RuntimeGrid:None EditorOnly:0 RuntimeOnly:0 HLODRelevant:1
 |   |   |- [+] [ 31]
 |   |   |   |- Guid:8672C5FB424B38D114384F9E2A17CFBD BaseClass: NativeClass:/Script/Engine.StaticMeshActor Name:StaticMeshActor_UAID_6C02E05F2165BFEC01_1519476011 Label:SM_Prop_TrashBag_02 SpatiallyLoaded:1 Bounds:IsValid=true, Min=(X=1710.339 Y=809.589 Z=0.000), Max=(X=1789.660 Y=890.411 Z=97.961) RuntimeGrid:None EditorOnly:0 RuntimeOnly:0 HLODRelevant:1
 |   |   |- [+] [ 32]
 |   |   |   |- Guid:FF61D5F4457471E22E356697B71F348C BaseClass: NativeClass:/Script/Engine.StaticMeshActor Name:StaticMeshActor_UAID_047C1685588ADAEC01_1223770744 Label:SM_Prop_Barrier_Plastic_2 SpatiallyLoaded:1 Bounds:IsValid=true, Min=(X=4002.307 Y=-3018.159 Z=0.000), Max=(X=4357.693 Y=-2861.841 Z=152.719) RuntimeGrid:None EditorOnly:0 RuntimeOnly:0 HLODRelevant:1
 |   |   |- [+] [ 33]
 |   |   |   |- Guid:F41326034C2FDE3D73C239AC5B4282A5 BaseClass: NativeClass:/Script/Engine.StaticMeshActor Name:StaticMeshActor_UAID_047C1685588A13ED01_2131372781 Label:SM_Prop_Box_Empty_01 SpatiallyLoaded:1 Bounds:IsValid=true, Min=(X=4199.482 Y=1304.087 Z=-0.000), Max=(X=4279.534 Y=1364.305 Z=51.935) RuntimeGrid:None EditorOnly:0 RuntimeOnly:0 HLODRelevant:1
 |   |   |- [+] [ 34]
 |   |   |   |- Guid:3D2DDBF94FF56D50FF3CCC8586E70C13 BaseClass: NativeClass:/Script/Engine.VolumetricCloud Name:VolumetricCloud_0 Label:VolumetricCloud SpatiallyLoaded:0 Bounds:IsValid=true, Min=(X=0.000 Y=0.000 Z=820.000), Max=(X=0.000 Y=0.000 Z=820.000) RuntimeGrid:None EditorOnly:0 RuntimeOnly:0 HLODRelevant:0
 |   |   |- [+] [ 35]
 |   |   |   |- Guid:B4BBAD1F4655869F3095278913DA55D1 BaseClass: NativeClass:/Script/Engine.StaticMeshActor Name:StaticMeshActor_UAID_047C1685588ADAEC01_1330701750 Label:SM_Prop_Streetlight_01 SpatiallyLoaded:1 Bounds:IsValid=true, Min=(X=128.871 Y=1167.230 Z=0.000), Max=(X=191.129 Y=1431.129 Z=539.958) RuntimeGrid:None EditorOnly:0 RuntimeOnly:0 HLODRelevant:1
 |   |   |- [+] [ 36]
 |   |   |   |- Guid:C25E420742F3E3340A066C9FD160D5AE BaseClass: NativeClass:/Script/Engine.SkyAtmosphere Name:SkyAtmosphere_0 Label:SkyAtmosphere SpatiallyLoaded:0 Bounds:IsValid=true, Min=(X=0.000 Y=0.000 Z=1020.000), Max=(X=0.000 Y=0.000 Z=1020.000) RuntimeGrid:None EditorOnly:0 RuntimeOnly:0 HLODRelevant:0
 |   |   |- [+] [ 37]
 |   |   |   |- Guid:4CFFF2614A4D6688F959AFBF44385B99 BaseClass: NativeClass:/Script/Engine.StaticMeshActor Name:StaticMeshActor_UAID_6C02E05F2165BEEC01_1661060821 Label:SM_Cube14 SpatiallyLoaded:1 Bounds:IsValid=true, Min=(X=1400.000 Y=1485.000 Z=-50.000), Max=(X=2975.000 Y=2760.000 Z=1925.000) RuntimeGrid:None EditorOnly:0 RuntimeOnly:0 HLODRelevant:1
 |   |   |- [+] [ 38]
 |   |   |   |- Guid:F68708F34D15B7C7E4AF6AA29FA308E2 BaseClass: NativeClass:/Script/Engine.StaticMeshActor Name:StaticMeshActor_UAID_D03957B7760A38EA01_1313174120 Label:SM_Cube3 SpatiallyLoaded:1 Bounds:IsValid=true, Min=(X=0.000 Y=1450.000 Z=-50.000), Max=(X=3000.000 Y=1500.000 Z=650.000) RuntimeGrid:None EditorOnly:0 RuntimeOnly:0 HLODRelevant:1
 |   |   |- [+] [ 39]
 |   |   |   |- Guid:DEC9143B40841113879CDC9E16BFB5C6 BaseClass: NativeClass:/Script/Engine.StaticMeshActor Name:StaticMeshActor_UAID_D03957B7760A38EA01_1423199128 Label:SM_Cube5 SpatiallyLoaded:1 Bounds:IsValid=true, Min=(X=3000.000 Y=-3120.000 Z=-50.000), Max=(X=4500.000 Y=2480.000 Z=0.000) RuntimeGrid:None EditorOnly:0 RuntimeOnly:0 HLODRelevant:1
 |   |   |- [+] [ 40]
 |   |   |   |- Guid:9CC4F4E2417E0F7F63E2F79AD597248A BaseClass: NativeClass:/Script/Engine.StaticMeshActor Name:StaticMeshActor_UAID_6C02E05F2165BFEC01_1530938014 Label:SM_Prop_TrashBag_2 SpatiallyLoaded:1 Bounds:IsValid=true, Min=(X=1609.931 Y=888.591 Z=0.000), Max=(X=1710.069 Y=991.409 Z=90.475) RuntimeGrid:None EditorOnly:0 RuntimeOnly:0 HLODRelevant:1
 |   |   |- [+] [ 41]
 |   |   |   |- Guid:9FDF281041FF21D31224D08905DB3B01 BaseClass: NativeClass:/Script/Engine.StaticMeshActor Name:StaticMeshActor_UAID_047C1685588A14ED01_1145224964 Label:SM_Prop_VendingMachine_2 SpatiallyLoaded:1 Bounds:IsValid=true, Min=(X=4420.019 Y=-2357.327 Z=0.000), Max=(X=4499.981 Y=-2262.673 Z=202.318) RuntimeGrid:None EditorOnly:0 RuntimeOnly:0 HLODRelevant:1
 |   |   |- [+] [ 42]
 |   |   |   |- Guid:739E81764E43CBE01536218C864843F6 BaseClass: NativeClass:/Script/Engine.StaticMeshActor Name:StaticMeshActor_UAID_D03957B7760A38EA01_1506266133 Label:SM_Cube10 SpatiallyLoaded:1 Bounds:IsValid=true, Min=(X=3090.000 Y=-3120.000 Z=-40.000), Max=(X=3990.000 Y=2480.000 Z=10.000) RuntimeGrid:None EditorOnly:0 RuntimeOnly:0 HLODRelevant:1
 |   |   |- [+] [ 43]
 |   |   |   |- Guid:0033E7484A8058572C9D00BC459A9B55 BaseClass: NativeClass:/Script/Engine.StaticMeshActor Name:StaticMeshActor_UAID_047C1685588AADEC01_1513242823 Label:Cube12 SpatiallyLoaded:1 Bounds:IsValid=true, Min=(X=3665.000 Y=707.500 Z=-62.500), Max=(X=3915.000 Y=1332.500 Z=162.500) RuntimeGrid:None EditorOnly:0 RuntimeOnly:0 HLODRelevant:1
 |   |   |- [+] [ 44]
 |   |   |   |- Guid:659956A04735C8D41928FAB8AB7A5034 BaseClass: NativeClass:/Script/Engine.StaticMeshActor Name:StaticMeshActor_UAID_047C1685588A13ED01_2110997778 Label:SM_Prop_Bench_2 SpatiallyLoaded:1 Bounds:IsValid=true, Min=(X=4420.163 Y=745.148 Z=-0.000), Max=(X=4479.837 Y=994.852 Z=45.945) RuntimeGrid:None EditorOnly:0 RuntimeOnly:0 HLODRelevant:1
 |   |   |- [+] [ 45]
 |   |   |   |- Guid:898FF47F4172957F06D4F997139EBAA6 BaseClass: NativeClass:/Script/Engine.StaticMeshActor Name:StaticMeshActor_UAID_047C1685588ADAEC01_1264583747 Label:SM_Prop_Barrier_Plastic_5 SpatiallyLoaded:1 Bounds:IsValid=true, Min=(X=3178.219 Y=2280.925 Z=10.000), Max=(X=3521.781 Y=2379.075 Z=162.719) RuntimeGrid:None EditorOnly:0 RuntimeOnly:0 HLODRelevant:1
 |   |   |- [+] [ 46]
 |   |   |   |- Guid:7B9E83F34DDCBDF1FE5CDF9D4D5CACB2 BaseClass:/Game/Player/Player/BP_Player.BP_Player_C NativeClass:/Script/Engine.Character Name:BP_Player_C_UAID_5081402FF2B90CF101_1618932772 Label:BP_Player SpatiallyLoaded:1 Bounds:IsValid=true, Min=(X=3714.286 Y=1480.449 Z=27.084), Max=(X=3776.357 Y=1731.474 Z=217.646) RuntimeGrid:None EditorOnly:0 RuntimeOnly:0 HLODRelevant:0
 |   |   |- [+] [ 47]
 |   |   |   |- Guid:C0A1B2674FBEB3D6882A089087240E31 BaseClass: NativeClass:/Script/Engine.StaticMeshActor Name:StaticMeshActor_UAID_6C02E05F2165BEEC01_1926496833 Label:SM_Cube24 SpatiallyLoaded:1 Bounds:IsValid=true, Min=(X=3000.000 Y=2535.000 Z=-50.000), Max=(X=4750.000 Y=3810.000 Z=1925.000) RuntimeGrid:None EditorOnly:0 RuntimeOnly:0 HLODRelevant:1
 |   |   |- [+] [ 48]
 |   |   |   |- Guid:6785E2164C93F3D8268F80B5B32EC45F BaseClass: NativeClass:/Script/Engine.StaticMeshActor Name:StaticMeshActor_UAID_6C02E05F2165BEEC01_1897016830 Label:SM_Cube21 SpatiallyLoaded:1 Bounds:IsValid=true, Min=(X=4560.000 Y=-1895.000 Z=-50.000), Max=(X=5785.000 Y=-620.000 Z=1325.000) RuntimeGrid:None EditorOnly:0 RuntimeOnly:0 HLODRelevant:1
 |   |   |- [+] [ 49]
 |   |   |   |- Guid:DEBC2DF6416E72EE2D9B53BB05220DDA BaseClass: NativeClass:/Script/Engine.StaticMeshActor Name:StaticMeshActor_UAID_047C1685588ADAEC01_1388545757 Label:SM_Prop_Streetlight_8 SpatiallyLoaded:1 Bounds:IsValid=true, Min=(X=3847.230 Y=-1791.129 Z=0.000), Max=(X=4111.129 Y=-1728.871 Z=539.958) RuntimeGrid:None EditorOnly:0 RuntimeOnly:0 HLODRelevant:1
 |   |   |- [+] [ 50]
 |   |   |   |- Guid:91C5092649608063ED5E158E71399FFD BaseClass: NativeClass:/Script/Engine.StaticMeshActor Name:StaticMeshActor_UAID_6C02E05F2165BEEC01_1860186828 Label:SM_Cube19 SpatiallyLoaded:1 Bounds:IsValid=true, Min=(X=2900.000 Y=-4485.000 Z=-50.000), Max=(X=4550.000 Y=-3210.000 Z=2325.000) RuntimeGrid:None EditorOnly:0 RuntimeOnly:0 HLODRelevant:1
 |   |   |- [+] [ 51]
 |   |   |   |- Guid:D641469E4F66BAFB05295F8E32BC6FB2 BaseClass: NativeClass:/Script/Engine.StaticMeshActor Name:StaticMeshActor_UAID_6C02E05F2165BEEC01_1521730817 Label:SM_Prop_Dumpster_2 SpatiallyLoaded:1 Bounds:IsValid=true, Min=(X=873.846 Y=794.108 Z=0.000), Max=(X=1246.154 Y=1025.892 Z=211.022) RuntimeGrid:None EditorOnly:0 RuntimeOnly:0 HLODRelevant:1
 |   |   |- [+] [ 52]
 |   |   |   |- Guid:96729373464A58B094B90AB29844CE65 BaseClass: NativeClass:/Script/Engine.StaticMeshActor Name:StaticMeshActor_UAID_6C02E05F2165BFEC01_1522984013 Label:SM_Prop_TrashBag_4 SpatiallyLoaded:1 Bounds:IsValid=true, Min=(X=1684.532 Y=877.470 Z=0.000), Max=(X=1755.468 Y=962.529 Z=76.639) RuntimeGrid:None EditorOnly:0 RuntimeOnly:0 HLODRelevant:1
 |   |   |- [+] [ 53]
 |   |   |   |- Guid:2B828D8A42419F5547B61CB1BAA52223 BaseClass: NativeClass:/Script/Engine.StaticMeshActor Name:StaticMeshActor_UAID_D03957B7760A38EA01_1591889139 Label:SM_Cube11 SpatiallyLoaded:1 Bounds:IsValid=true, Min=(X=3020.000 Y=-3150.000 Z=-50.000), Max=(X=4520.000 Y=-3100.000 Z=650.000) RuntimeGrid:None EditorOnly:0 RuntimeOnly:0 HLODRelevant:1
 |   |   |- [+] [ 54]
 |   |   |   |- Guid:9729F75542014E38A662069EE246EE7E BaseClass: NativeClass:/Script/Engine.StaticMeshActor Name:StaticMeshActor_UAID_047C1685588ADAEC01_1390085758 Label:SM_Prop_Streetlight_9 SpatiallyLoaded:1 Bounds:IsValid=true, Min=(X=3847.230 Y=-3101.129 Z=0.000), Max=(X=4111.129 Y=-3038.871 Z=539.958) RuntimeGrid:None EditorOnly:0 RuntimeOnly:0 HLODRelevant:1
 |   |   |- [+] [ 55]
 |   |   |   |- Guid:FC21CA094B53CC7CD41548970244E746 BaseClass: NativeClass:/Script/Engine.StaticMeshActor Name:StaticMeshActor_UAID_6C02E05F2165BEEC01_1630648819 Label:SM_Cube12 SpatiallyLoaded:1 Bounds:IsValid=true, Min=(X=-30.000 Y=-475.000 Z=-50.000), Max=(X=1670.000 Y=800.000 Z=1425.000) RuntimeGrid:None EditorOnly:0 RuntimeOnly:0 HLODRelevant:1
 |   |   |- [+] [ 56]
 |   |   |   |- Guid:A3F3F8D24CB2CBCC90772991F081C6E7 BaseClass: NativeClass:/Script/Engine.DirectionalLight Name:DirectionalLight_0 Label:DirectionalLight SpatiallyLoaded:0 Bounds:IsValid=true, Min=(X=-4398046511104.000 Y=-4398046511104.000 Z=-4398046511104.000), Max=(X=4398046511104.000 Y=4398046511104.000 Z=4398046511104.000) RuntimeGrid:None EditorOnly:0 RuntimeOnly:0 HLODRelevant:0
 |   |   |- [+] [ 57]
 |   |   |   |- Guid:A6E9752F4EF85B6EBFF906B2C740AC20 BaseClass: NativeClass:/Script/Engine.ExponentialHeightFog Name:ExponentialHeightFog_0 Label:ExponentialHeightFog SpatiallyLoaded:0 Bounds:IsValid=true, Min=(X=-5600.000 Y=-50.000 Z=-6850.000), Max=(X=-5600.000 Y=-50.000 Z=-6850.000) RuntimeGrid:None EditorOnly:0 RuntimeOnly:0 HLODRelevant:0
 |   |   |- [+] [ 58]
 |   |   |   |- Guid:F83D9151494F0A96BAB6BE8E4F23624D BaseClass: NativeClass:/Script/Engine.StaticMeshActor Name:StaticMeshActor_UAID_A4AE111137DC5EFB00_1110535423 Label:SM_SkySphere SpatiallyLoaded:0 Bounds:IsValid=true, Min=(X=-1638400.000 Y=-1638400.000 Z=-1638400.000), Max=(X=1638400.000 Y=1638400.000 Z=1638400.000) RuntimeGrid:None EditorOnly:0 RuntimeOnly:0 HLODRelevant:1
 |   |   |- [+] [ 59]
 |   |   |   |- Guid:AB4188C348F93967020B02A7CF178DA2 BaseClass: NativeClass:/Script/Engine.StaticMeshActor Name:StaticMeshActor_UAID_047C1685588A14ED01_1108305960 Label:SM_Prop_Rubbish_Bin_01 SpatiallyLoaded:1 Bounds:IsValid=true, Min=(X=4421.224 Y=1261.224 Z=0.000), Max=(X=4478.776 Y=1318.776 Z=94.796) RuntimeGrid:None EditorOnly:0 RuntimeOnly:0 HLODRelevant:1
 |   |   |- [+] [ 60]
 |   |   |   |- Guid:AC776F2447DA3513CAB35983E135E37D BaseClass: NativeClass:/Script/Engine.StaticMeshActor Name:StaticMeshActor_UAID_047C1685588A13ED01_2093507776 Label:SM_Prop_Advertisement_Pillar_01 SpatiallyLoaded:1 Bounds:IsValid=true, Min=(X=4194.934 Y=-35.066 Z=0.000), Max=(X=4345.066 Y=115.066 Z=256.911) RuntimeGrid:None EditorOnly:0 RuntimeOnly:0 HLODRelevant:1
 |   |   |- [+] [ 61]
 |   |   |   |- Guid:4419B9134498FEA8EAE154A6EBD1E971 BaseClass:/Game/Enemy/NewNewAI/BP_AI.BP_AI_C NativeClass:/Script/Engine.Character Name:BP_AI_C_UAID_5081402FF3D666F301_1562787725 Label:BP_AI9 SpatiallyLoaded:1 Bounds:IsValid=true, Min=(X=3616.555 Y=-1211.445 Z=4.699), Max=(X=3751.758 Y=-1057.887 Z=197.682) RuntimeGrid:None EditorOnly:0 RuntimeOnly:0 HLODRelevant:0
 |   |   |- [+] [ 62]
 |   |   |   |- Guid:3D1731F143CC241B17782593EB6DA0C9 BaseClass: NativeClass:/Script/Engine.StaticMeshActor Name:StaticMeshActor_UAID_D03957B7760A38EA01_1523534134 Label:Cube7 SpatiallyLoaded:1 Bounds:IsValid=true, Min=(X=3235.000 Y=1587.500 Z=-62.500), Max=(X=3485.000 Y=2212.500 Z=162.500) RuntimeGrid:None EditorOnly:0 RuntimeOnly:0 HLODRelevant:1
 |   |   |- [+] [ 63]
 |   |   |   |- Guid:7DC8B8FB4FB72361DB4DBE8ADD1E490A BaseClass: NativeClass:/Script/Engine.StaticMeshActor Name:StaticMeshActor_UAID_6C02E05F2165BEEC01_1484860816 Label:SM_Prop_Dumpster_01 SpatiallyLoaded:1 Bounds:IsValid=true, Min=(X=493.846 Y=794.108 Z=0.000), Max=(X=866.154 Y=1025.892 Z=211.022) RuntimeGrid:None EditorOnly:0 RuntimeOnly:0 HLODRelevant:1
 |   |   |- [+] [ 64]
 |   |   |   |- Guid:EC6CE0044640E6739ECD42BE7DDF796C BaseClass: NativeClass:/Script/Engine.StaticMeshActor Name:StaticMeshActor_UAID_6C02E05F2165BFEC01_1513616010 Label:SM_Prop_TrashBag_01 SpatiallyLoaded:1 Bounds:IsValid=true, Min=(X=1659.423 Y=818.547 Z=0.000), Max=(X=1720.577 Y=901.453 Z=90.475) RuntimeGrid:None EditorOnly:0 RuntimeOnly:0 HLODRelevant:1
 |   |   |- [+] [ 65]
 |   |   |   |- Guid:F3D7E6ED4668D1D38693838F7F53EAEE BaseClass: NativeClass:/Script/Engine.StaticMeshActor Name:StaticMeshActor_UAID_047C1685588ADAEC01_1230262745 Label:SM_Prop_Barrier_Plastic_3 SpatiallyLoaded:1 Bounds:IsValid=true, Min=(X=4146.696 Y=-2848.391 Z=0.000), Max=(X=4493.304 Y=-2591.609 Z=152.719) RuntimeGrid:None EditorOnly:0 RuntimeOnly:0 HLODRelevant:1
 |   |   |- [+] [ 66]
 |   |   |   |- Guid:81930E9C4654BC4172A1A1A27E8A3D94 BaseClass: NativeClass:/Script/Engine.StaticMeshActor Name:StaticMeshActor_UAID_D03957B7760A38EA01_1535679135 Label:Cube8 SpatiallyLoaded:1 Bounds:IsValid=true, Min=(X=3715.000 Y=-922.500 Z=-62.500), Max=(X=3965.000 Y=-297.500 Z=162.500) RuntimeGrid:None EditorOnly:0 RuntimeOnly:0 HLODRelevant:1
 |   |   |- [+] [ 67]
 |   |   |   |- Guid:766F644E4DAB93204C0EF39997A96E41 BaseClass: NativeClass:/Script/Engine.StaticMeshActor Name:StaticMeshActor_UAID_D03957B7760A38EA01_1318114121 Label:SM_Cube4 SpatiallyLoaded:1 Bounds:IsValid=true, Min=(X=-50.000 Y=750.000 Z=-50.000), Max=(X=0.000 Y=1500.000 Z=650.000) RuntimeGrid:None EditorOnly:0 RuntimeOnly:0 HLODRelevant:1
 |   |   |- [+] [ 68]
 |   |   |   |- Guid:B00324FB4DFCE72E082B7F9B2C1C4510 BaseClass: NativeClass:/Script/Engine.StaticMeshActor Name:StaticMeshActor_UAID_6C02E05F2165BEEC01_1908700832 Label:SM_Cube23 SpatiallyLoaded:1 Bounds:IsValid=true, Min=(X=4580.000 Y=765.000 Z=-50.000), Max=(X=6155.000 Y=2490.000 Z=2250.000) RuntimeGrid:None EditorOnly:0 RuntimeOnly:0 HLODRelevant:1
 |- ContainerInstances:
 |- [+] MainContainer:
 |   |-        ID: 0x0000000000000000
 |   |-    Bounds: IsValid=false, Min=(X=0.000 Y=0.000 Z=0.000), Max=(X=0.000 Y=0.000 Z=0.000)
 |   |- Transform: 0.000000,0.000000,0.000000|0.000000,0.000000,-0.000000|1.000000,1.000000,1.000000
 |   |- Container: /Game/Levels/Test
----------------------------------------------------------------------------------------------------------------
Test - Persistent Level
----------------------------------------------------------------------------------------------------------------
Always loaded Actor Count: 80 

----------------------------------------------------------------------------------------------------------------
Test - Runtime Spatial Hash - Streaming Grid - MainGrid
----------------------------------------------------------------------------------------------------------------
            Origin: X=0.000 Y=0.000 Z=0.000
         Cell Size: 12800
      World Bounds: IsValid=false, Min=(X=0.000 Y=0.000 Z=0.000), Max=(X=0.000 Y=0.000 Z=0.000)
     Loading Range: 25600.00
Block Slow Loading: No
 ClientOnlyVisible: No

[+] Grid Levels: 1
 |- Level  0: Cell Count    0 | Cell Size   12800 | Actor Count    0 (0.0%)

[+] Content of Grid Level 0

