[+] Containers:
 |- [+] Container: /Game/Levels/FirstSection
 |   |- [+] ActorDescs:
 |   |   |- Guid:03424F4E43AC9502997BF183D254B67D BaseClass: NativeClass:/Script/Engine.StaticMeshActor Name:StaticMeshActor_UAID_D03957B7760A38EA01_1506266133 Label:SM_Cube10 SpatiallyLoaded:1 Bounds:IsValid=true, Min=(X=3090.000 Y=-3120.000 Z=-40.000), Max=(X=3990.000 Y=2480.000 Z=10.000) RuntimeGrid:None EditorOnly:0 RuntimeOnly:0 HLODRelevant:1
 |   |   |- Guid:04C12D93451F900AF92A58BF23632C64 BaseClass: NativeClass:/Script/Engine.StaticMeshActor Name:StaticMeshActor_UAID_6C02E05F2165BEEC01_1926496833 Label:SM_Cube24 SpatiallyLoaded:1 Bounds:IsValid=true, Min=(X=3000.000 Y=2535.000 Z=-50.000), Max=(X=4750.000 Y=3810.000 Z=1925.000) RuntimeGrid:None EditorOnly:0 RuntimeOnly:0 HLODRelevant:1
 |   |   |- Guid:087EA5AF4EE9A42411C352A021A256D3 BaseClass: NativeClass:/Script/Engine.StaticMeshActor Name:StaticMeshActor_UAID_D03957B7760A38EA01_1318114121 Label:SM_Cube4 SpatiallyLoaded:1 Bounds:IsValid=true, Min=(X=-50.000 Y=750.000 Z=-50.000), Max=(X=0.000 Y=1500.000 Z=650.000) RuntimeGrid:None EditorOnly:0 RuntimeOnly:0 HLODRelevant:1
 |   |   |- Guid:09732FD542901118B048E699AD1513D3 BaseClass: NativeClass:/Script/Engine.StaticMeshActor Name:StaticMeshActor_UAID_047C1685588A13ED01_2093507776 Label:SM_Prop_Advertisement_Pillar_01 SpatiallyLoaded:1 Bounds:IsValid=true, Min=(X=4194.934 Y=-35.066 Z=0.000), Max=(X=4345.066 Y=115.066 Z=256.911) RuntimeGrid:None EditorOnly:0 RuntimeOnly:0 HLODRelevant:1
 |   |   |- Guid:111AFC654E00DA4444B0B2A939DB7B58 BaseClass: NativeClass:/Script/Engine.StaticMeshActor Name:StaticMeshActor_UAID_047C1685588ADAEC01_1213826743 Label:SM_Prop_Barrier_Plastic_01 SpatiallyLoaded:1 Bounds:IsValid=true, Min=(X=3091.794 Y=-3004.868 Z=10.000), Max=(X=3448.206 Y=-2795.132 Z=162.719) RuntimeGrid:None EditorOnly:0 RuntimeOnly:0 HLODRelevant:1
 |   |   |- Guid:1207F980457D75DD6FF0EE8649421E8B BaseClass: NativeClass:/Script/Engine.StaticMeshActor Name:StaticMeshActor_UAID_D03957B7760A38EA01_1423199128 Label:SM_Cube5 SpatiallyLoaded:1 Bounds:IsValid=true, Min=(X=3000.000 Y=-3120.000 Z=-50.000), Max=(X=4500.000 Y=2480.000 Z=0.000) RuntimeGrid:None EditorOnly:0 RuntimeOnly:0 HLODRelevant:1
 |   |   |- Guid:150257824F3867B1472ACE88E58B62FD BaseClass: NativeClass:/Script/Engine.StaticMeshActor Name:StaticMeshActor_UAID_D03957B7760A38EA01_1308976119 Label:SM_Cube2 SpatiallyLoaded:1 Bounds:IsValid=true, Min=(X=0.000 Y=750.000 Z=-50.000), Max=(X=3000.000 Y=800.000 Z=650.000) RuntimeGrid:None EditorOnly:0 RuntimeOnly:0 HLODRelevant:1
 |   |   |- Guid:16A095414B24763D50770280127AFA84 BaseClass: NativeClass:/Script/Engine.StaticMeshActor Name:StaticMeshActor_UAID_047C1685588A13ED01_2131372781 Label:SM_Prop_Box_Empty_01 SpatiallyLoaded:1 Bounds:IsValid=true, Min=(X=4199.482 Y=1304.087 Z=-0.000), Max=(X=4279.534 Y=1364.305 Z=51.935) RuntimeGrid:None EditorOnly:0 RuntimeOnly:0 HLODRelevant:1
 |   |   |- Guid:204413AB4017B060B9C0C4A555881A15 BaseClass: NativeClass:/Script/Engine.StaticMeshActor Name:StaticMeshActor_UAID_6C02E05F2165BFEC01_1522984013 Label:SM_Prop_TrashBag_4 SpatiallyLoaded:1 Bounds:IsValid=true, Min=(X=1684.532 Y=877.470 Z=0.000), Max=(X=1755.468 Y=962.529 Z=76.639) RuntimeGrid:None EditorOnly:0 RuntimeOnly:0 HLODRelevant:1
 |   |   |- Guid:291E9E5943225DAB6A5B3CA7FB3DAB1B BaseClass: NativeClass:/Script/Engine.StaticMeshActor Name:StaticMeshActor_UAID_047C1685588ADAEC01_1367012753 Label:SM_Prop_Streetlight_4 SpatiallyLoaded:1 Bounds:IsValid=true, Min=(X=2838.871 Y=1167.230 Z=0.000), Max=(X=2901.129 Y=1431.129 Z=539.958) RuntimeGrid:None EditorOnly:0 RuntimeOnly:0 HLODRelevant:1
 |   |   |- Guid:2A0596254BE9C8927FCE9DACDC532ED4 BaseClass: NativeClass:/Script/Engine.StaticMeshActor Name:StaticMeshActor_UAID_047C1685588ADAEC01_1251363746 Label:SM_Prop_Barrier_Plastic_4 SpatiallyLoaded:1 Bounds:IsValid=true, Min=(X=3588.219 Y=2280.925 Z=10.000), Max=(X=3931.781 Y=2379.075 Z=162.719) RuntimeGrid:None EditorOnly:0 RuntimeOnly:0 HLODRelevant:1
 |   |   |- Guid:2E6CF7994AFBCA0E1362BDBF23E3B5EE BaseClass: NativeClass:/Script/Engine.StaticMeshActor Name:StaticMeshActor_UAID_6C02E05F2165BFEC01_1542608015 Label:SM_Prop_TrashBag_3 SpatiallyLoaded:1 Bounds:IsValid=true, Min=(X=1633.931 Y=859.589 Z=33.113), Max=(X=1729.057 Y=940.411 Z=143.360) RuntimeGrid:None EditorOnly:0 RuntimeOnly:0 HLODRelevant:1
 |   |   |- Guid:2FB58999456391D349DC0F86DAC136ED BaseClass: NativeClass:/Script/Engine.SkyLight Name:SkyLight_1 Label:SkyLight SpatiallyLoaded:0 Bounds:IsValid=true, Min=(X=0.000 Y=0.000 Z=690.000), Max=(X=0.000 Y=0.000 Z=690.000) RuntimeGrid:None EditorOnly:0 RuntimeOnly:0 HLODRelevant:0
 |   |   |- Guid:304E9A2A4EFC47CA7D7A83BE155EC072 BaseClass: NativeClass:/Script/Engine.StaticMeshActor Name:StaticMeshActor_UAID_047C1685588ADAEC01_1384356755 Label:SM_Prop_Streetlight_6 SpatiallyLoaded:1 Bounds:IsValid=true, Min=(X=3847.230 Y=828.871 Z=0.000), Max=(X=4111.129 Y=891.129 Z=539.958) RuntimeGrid:None EditorOnly:0 RuntimeOnly:0 HLODRelevant:1
 |   |   |- Guid:316CF2A6494ACA4C0E4180A87D36AB8F BaseClass: NativeClass:/Script/Engine.ExponentialHeightFog Name:ExponentialHeightFog_0 Label:ExponentialHeightFog SpatiallyLoaded:0 Bounds:IsValid=true, Min=(X=-5600.000 Y=-50.000 Z=-6850.000), Max=(X=-5600.000 Y=-50.000 Z=-6850.000) RuntimeGrid:None EditorOnly:0 RuntimeOnly:0 HLODRelevant:0
 |   |   |- Guid:38C8F139445CBF0F5D99D4908DE001BC BaseClass: NativeClass:/Script/Engine.StaticMeshActor Name:StaticMeshActor_UAID_6C02E05F2165BEEC01_1713932823 Label:SM_Cube16 SpatiallyLoaded:1 Bounds:IsValid=true, Min=(X=-1610.000 Y=365.000 Z=-50.000), Max=(X=-35.000 Y=1640.000 Z=1925.000) RuntimeGrid:None EditorOnly:0 RuntimeOnly:0 HLODRelevant:1
 |   |   |- Guid:3B01C5FD47CDB866E0BAA98C135CFA18 BaseClass: NativeClass:/Script/Engine.StaticMeshActor Name:StaticMeshActor_UAID_047C1685588A14ED01_1108305960 Label:SM_Prop_Rubbish_Bin_01 SpatiallyLoaded:1 Bounds:IsValid=true, Min=(X=4421.224 Y=1261.224 Z=0.000), Max=(X=4478.776 Y=1318.776 Z=94.796) RuntimeGrid:None EditorOnly:0 RuntimeOnly:0 HLODRelevant:1
 |   |   |- Guid:3D21D90640043288721C6A80BCAB47C5 BaseClass: NativeClass:/Script/Engine.StaticMeshActor Name:StaticMeshActor_UAID_6C02E05F2165BEEC01_1484860816 Label:SM_Prop_Dumpster_01 SpatiallyLoaded:1 Bounds:IsValid=true, Min=(X=493.846 Y=794.108 Z=0.000), Max=(X=866.154 Y=1025.892 Z=211.022) RuntimeGrid:None EditorOnly:0 RuntimeOnly:0 HLODRelevant:1
 |   |   |- Guid:42266E2B4C4D1F6EE428CFAA8696F730 BaseClass: NativeClass:/Script/Engine.StaticMeshActor Name:StaticMeshActor_UAID_6C02E05F2165BEEC01_1897016830 Label:SM_Cube21 SpatiallyLoaded:1 Bounds:IsValid=true, Min=(X=4560.000 Y=-1895.000 Z=-50.000), Max=(X=5785.000 Y=-620.000 Z=1325.000) RuntimeGrid:None EditorOnly:0 RuntimeOnly:0 HLODRelevant:1
 |   |   |- Guid:4D3BE93F4146AAAC8BBE79999D96D57F BaseClass: NativeClass:/Script/Engine.VolumetricCloud Name:VolumetricCloud_0 Label:VolumetricCloud SpatiallyLoaded:0 Bounds:IsValid=true, Min=(X=0.000 Y=0.000 Z=820.000), Max=(X=0.000 Y=0.000 Z=820.000) RuntimeGrid:None EditorOnly:0 RuntimeOnly:0 HLODRelevant:0
 |   |   |- Guid:50E6C7BD40C8070A03B3E8BD88FC9BAF BaseClass: NativeClass:/Script/Engine.StaticMeshActor Name:StaticMeshActor_UAID_047C1685588ADAEC01_1230262745 Label:SM_Prop_Barrier_Plastic_3 SpatiallyLoaded:1 Bounds:IsValid=true, Min=(X=4146.696 Y=-2848.391 Z=0.000), Max=(X=4493.304 Y=-2591.609 Z=152.719) RuntimeGrid:None EditorOnly:0 RuntimeOnly:0 HLODRelevant:1
 |   |   |- Guid:53E508CB477A8F97D80574A19C097187 BaseClass: NativeClass:/Script/Engine.StaticMeshActor Name:StaticMeshActor_UAID_D03957B7760A38EA01_1455057129 Label:SM_Cube6 SpatiallyLoaded:1 Bounds:IsValid=true, Min=(X=4490.000 Y=-3210.000 Z=-50.000), Max=(X=4540.000 Y=2490.000 Z=650.000) RuntimeGrid:None EditorOnly:0 RuntimeOnly:0 HLODRelevant:1
 |   |   |- Guid:54A245F443ADB086673AB8A6336BD83B BaseClass: NativeClass:/Script/Engine.StaticMeshActor Name:StaticMeshActor_UAID_047C1685588AADEC01_1513242823 Label:Cube12 SpatiallyLoaded:1 Bounds:IsValid=true, Min=(X=3665.000 Y=707.500 Z=-62.500), Max=(X=3915.000 Y=1332.500 Z=162.500) RuntimeGrid:None EditorOnly:0 RuntimeOnly:0 HLODRelevant:1
 |   |   |- Guid:5C1DD84644B445DAD8D4C78BF66F1311 BaseClass: NativeClass:/Script/Engine.StaticMeshActor Name:StaticMeshActor_UAID_6C02E05F2165BEEC01_1846198826 Label:SM_Cube17 SpatiallyLoaded:1 Bounds:IsValid=true, Min=(X=1770.000 Y=-1825.000 Z=-50.000), Max=(X=2995.000 Y=-550.000 Z=2325.000) RuntimeGrid:None EditorOnly:0 RuntimeOnly:0 HLODRelevant:1
 |   |   |- Guid:5E63DCA1441B3595697648880AC4EAF7 BaseClass: NativeClass:/Script/Engine.StaticMeshActor Name:StaticMeshActor_UAID_047C1685588A13ED01_2110997778 Label:SM_Prop_Bench_2 SpatiallyLoaded:1 Bounds:IsValid=true, Min=(X=4420.163 Y=745.148 Z=-0.000), Max=(X=4479.837 Y=994.852 Z=45.945) RuntimeGrid:None EditorOnly:0 RuntimeOnly:0 HLODRelevant:1
 |   |   |- Guid:6454F7364E2FD9C7161F65BC3CB04531 BaseClass: NativeClass:/Script/Engine.StaticMeshActor Name:StaticMeshActor_UAID_D03957B7760A38EA01_1493563132 Label:SM_Cube9 SpatiallyLoaded:1 Bounds:IsValid=true, Min=(X=3020.000 Y=2450.000 Z=-50.000), Max=(X=4520.000 Y=2500.000 Z=650.000) RuntimeGrid:None EditorOnly:0 RuntimeOnly:0 HLODRelevant:1
 |   |   |- Guid:6867DC14476F75A5079E9D928D14E218 BaseClass: NativeClass:/Script/Engine.StaticMeshActor Name:StaticMeshActor_UAID_047C1685588ADAEC01_1378367754 Label:SM_Prop_Streetlight_5 SpatiallyLoaded:1 Bounds:IsValid=true, Min=(X=3847.230 Y=1938.871 Z=0.000), Max=(X=4111.129 Y=2001.129 Z=539.958) RuntimeGrid:None EditorOnly:0 RuntimeOnly:0 HLODRelevant:1
 |   |   |- Guid:6BAF4DDD444C60371492D3919DB42C97 BaseClass: NativeClass:/Script/Engine.WorldDataLayers Name:WorldDataLayers Label:WorldDataLayers SpatiallyLoaded:0 Bounds:IsValid=true, Min=(X=0.000 Y=0.000 Z=0.000), Max=(X=0.000 Y=0.000 Z=0.000) RuntimeGrid:None EditorOnly:0 RuntimeOnly:0 HLODRelevant:0
 |   |   |- Guid:6FB5030548912B2F7B33C49D9F7E091E BaseClass: NativeClass:/Script/Engine.StaticMeshActor Name:StaticMeshActor_UAID_047C1685588A13ED01_2112693779 Label:SM_Prop_Bench_3 SpatiallyLoaded:1 Bounds:IsValid=true, Min=(X=4420.163 Y=1005.148 Z=-0.000), Max=(X=4479.837 Y=1254.852 Z=45.945) RuntimeGrid:None EditorOnly:0 RuntimeOnly:0 HLODRelevant:1
 |   |   |- Guid:72AA91724CCFA8773FA801B27ED8CA0A BaseClass: NativeClass:/Script/Engine.StaticMeshActor Name:StaticMeshActor_UAID_047C1685588A13ED01_2140781783 Label:SM_Prop_Box_Empty_3 SpatiallyLoaded:1 Bounds:IsValid=true, Min=(X=4101.953 Y=1647.791 Z=-0.000), Max=(X=4201.390 Y=1739.968 Z=51.935) RuntimeGrid:None EditorOnly:0 RuntimeOnly:0 HLODRelevant:1
 |   |   |- Guid:7B96CAD44A93A23BF493C3875111BC50 BaseClass: NativeClass:/Script/Engine.StaticMeshActor Name:StaticMeshActor_UAID_047C1685588ADAEC01_1385618756 Label:SM_Prop_Streetlight_7 SpatiallyLoaded:1 Bounds:IsValid=true, Min=(X=3847.230 Y=-421.129 Z=0.000), Max=(X=4111.129 Y=-358.871 Z=539.958) RuntimeGrid:None EditorOnly:0 RuntimeOnly:0 HLODRelevant:1
 |   |   |- Guid:8159135D4A1B749725D22CAAF45E098A BaseClass: NativeClass:/Script/Engine.StaticMeshActor Name:StaticMeshActor_UAID_047C1685588ADAEC01_1264583747 Label:SM_Prop_Barrier_Plastic_5 SpatiallyLoaded:1 Bounds:IsValid=true, Min=(X=3178.219 Y=2280.925 Z=10.000), Max=(X=3521.781 Y=2379.075 Z=162.719) RuntimeGrid:None EditorOnly:0 RuntimeOnly:0 HLODRelevant:1
 |   |   |- Guid:894B814446FC9D1C529C18B9C9E6D706 BaseClass: NativeClass:/Script/Engine.StaticMeshActor Name:StaticMeshActor_UAID_D03957B7760A38EA01_1471426130 Label:SM_Cube7 SpatiallyLoaded:1 Bounds:IsValid=true, Min=(X=2970.000 Y=-3210.000 Z=-50.000), Max=(X=3020.000 Y=790.000 Z=650.000) RuntimeGrid:None EditorOnly:0 RuntimeOnly:0 HLODRelevant:1
 |   |   |- Guid:902C2DE64CF83788D05DF9AE5D361E36 BaseClass: NativeClass:/Script/Engine.StaticMeshActor Name:StaticMeshActor_UAID_6C02E05F2165BEEC01_1908700832 Label:SM_Cube23 SpatiallyLoaded:1 Bounds:IsValid=true, Min=(X=4580.000 Y=765.000 Z=-50.000), Max=(X=6155.000 Y=2490.000 Z=2250.000) RuntimeGrid:None EditorOnly:0 RuntimeOnly:0 HLODRelevant:1
 |   |   |- Guid:955E87A645D31C2E05FC209643C82A83 BaseClass: NativeClass:/Script/Engine.StaticMeshActor Name:StaticMeshActor_UAID_047C1685588ADAEC01_1362692752 Label:SM_Prop_Streetlight_3 SpatiallyLoaded:1 Bounds:IsValid=true, Min=(X=2038.871 Y=1167.230 Z=0.000), Max=(X=2101.129 Y=1431.129 Z=539.958) RuntimeGrid:None EditorOnly:0 RuntimeOnly:0 HLODRelevant:1
 |   |   |- Guid:9791C85845927A9534A29682F4719136 BaseClass: NativeClass:/Script/Engine.StaticMeshActor Name:StaticMeshActor_UAID_6C02E05F2165BEEC01_1852963827 Label:SM_Cube18 SpatiallyLoaded:1 Bounds:IsValid=true, Min=(X=1770.000 Y=-3155.000 Z=-50.000), Max=(X=2995.000 Y=-1880.000 Z=1325.000) RuntimeGrid:None EditorOnly:0 RuntimeOnly:0 HLODRelevant:1
 |   |   |- Guid:A34B56304491DBDF949CB7B08E8DDCF9 BaseClass: NativeClass:/Script/Engine.StaticMeshActor Name:StaticMeshActor_UAID_6C02E05F2165BEEC01_1876958829 Label:SM_Cube20 SpatiallyLoaded:1 Bounds:IsValid=true, Min=(X=4610.000 Y=-3225.000 Z=-50.000), Max=(X=5835.000 Y=-1950.000 Z=2000.000) RuntimeGrid:None EditorOnly:0 RuntimeOnly:0 HLODRelevant:1
 |   |   |- Guid:A6326EDD4478D4DD39A9D69F6118D705 BaseClass: NativeClass:/Script/Engine.StaticMeshActor Name:StaticMeshActor_UAID_D03957B7760A38EA01_1313174120 Label:SM_Cube3 SpatiallyLoaded:1 Bounds:IsValid=true, Min=(X=0.000 Y=1450.000 Z=-50.000), Max=(X=3000.000 Y=1500.000 Z=650.000) RuntimeGrid:None EditorOnly:0 RuntimeOnly:0 HLODRelevant:1
 |   |   |- Guid:A84D51714731E296F85807952E400A58 BaseClass: NativeClass:/Script/Engine.SkeletalMeshActor Name:SkeletalMeshActor_UAID_047C1685588A13ED01_2066504775 Label:SK_Character_Junky_Male_01 SpatiallyLoaded:1 Bounds:IsValid=true, Min=(X=4258.514 Y=-1322.625 Z=-5.916), Max=(X=4320.225 Y=-1137.090 Z=184.646) RuntimeGrid:None EditorOnly:0 RuntimeOnly:0 HLODRelevant:0
 |   |   |- Guid:A96238F54CCE12382D8310AF91D0CC11 BaseClass: NativeClass:/Script/Engine.StaticMeshActor Name:StaticMeshActor_UAID_6C02E05F2165BEEC01_1678192822 Label:SM_Cube15 SpatiallyLoaded:1 Bounds:IsValid=true, Min=(X=-30.000 Y=1515.000 Z=-50.000), Max=(X=1270.000 Y=2790.000 Z=1125.000) RuntimeGrid:None EditorOnly:0 RuntimeOnly:0 HLODRelevant:1
 |   |   |- Guid:AAC0505D4F138D30B6C512B64FFE4D43 BaseClass: NativeClass:/Script/Engine.StaticMeshActor Name:StaticMeshActor_UAID_047C1685588ADAEC01_1330701750 Label:SM_Prop_Streetlight_01 SpatiallyLoaded:1 Bounds:IsValid=true, Min=(X=128.871 Y=1167.230 Z=0.000), Max=(X=191.129 Y=1431.129 Z=539.958) RuntimeGrid:None EditorOnly:0 RuntimeOnly:0 HLODRelevant:1
 |   |   |- Guid:B08E4C21409409D742E64E8BBC03EA98 BaseClass: NativeClass:/Script/Engine.StaticMeshActor Name:StaticMeshActor_UAID_047C1685588A14ED01_1138654963 Label:SM_Prop_VendingMachine_01 SpatiallyLoaded:1 Bounds:IsValid=true, Min=(X=4420.019 Y=-2467.327 Z=0.000), Max=(X=4499.981 Y=-2372.673 Z=202.318) RuntimeGrid:None EditorOnly:0 RuntimeOnly:0 HLODRelevant:1
 |   |   |- Guid:B5661E9B4C2075840EC48AA31AFF9B01 BaseClass: NativeClass:/Script/Engine.StaticMeshActor Name:StaticMeshActor_UAID_6C02E05F2165BEEC01_1642829820 Label:SM_Cube13 SpatiallyLoaded:1 Bounds:IsValid=true, Min=(X=1770.000 Y=-495.000 Z=-50.000), Max=(X=2995.000 Y=780.000 Z=1925.000) RuntimeGrid:None EditorOnly:0 RuntimeOnly:0 HLODRelevant:1
 |   |   |- Guid:B785ED2844B84CFB91E7F39FE661CD99 BaseClass: NativeClass:/Script/Engine.DirectionalLight Name:DirectionalLight_0 Label:DirectionalLight SpatiallyLoaded:0 Bounds:IsValid=true, Min=(X=-4398046511104.000 Y=-4398046511104.000 Z=-4398046511104.000), Max=(X=4398046511104.000 Y=4398046511104.000 Z=4398046511104.000) RuntimeGrid:None EditorOnly:0 RuntimeOnly:0 HLODRelevant:0
 |   |   |- Guid:B7EB0C0B40C5DD74405C62B6702C4F53 BaseClass: NativeClass:/Script/Engine.StaticMeshActor Name:StaticMeshActor_UAID_6C02E05F2165BEEC01_1521730817 Label:SM_Prop_Dumpster_2 SpatiallyLoaded:1 Bounds:IsValid=true, Min=(X=873.846 Y=794.108 Z=0.000), Max=(X=1246.154 Y=1025.892 Z=211.022) RuntimeGrid:None EditorOnly:0 RuntimeOnly:0 HLODRelevant:1
 |   |   |- Guid:B99B08604EAB894C96B204837C000052 BaseClass: NativeClass:/Script/Engine.StaticMeshActor Name:StaticMeshActor_UAID_047C1685588A13ED01_2133125782 Label:SM_Prop_Box_Empty_2 SpatiallyLoaded:1 Bounds:IsValid=true, Min=(X=4337.299 Y=1442.806 Z=-0.000), Max=(X=4429.476 Y=1542.243 Z=51.935) RuntimeGrid:None EditorOnly:0 RuntimeOnly:0 HLODRelevant:1
 |   |   |- Guid:BE6C405B4F94F88B8A45F6B3B2DB20F8 BaseClass: NativeClass:/Script/Engine.StaticMeshActor Name:StaticMeshActor_UAID_6C02E05F2165BEEC01_1904701831 Label:SM_Cube22 SpatiallyLoaded:1 Bounds:IsValid=true, Min=(X=4560.000 Y=-575.000 Z=-50.000), Max=(X=5785.000 Y=700.000 Z=1325.000) RuntimeGrid:None EditorOnly:0 RuntimeOnly:0 HLODRelevant:1
 |   |   |- Guid:BEF2FBE8447CFBD9878EF4B38E253AD8 BaseClass: NativeClass:/Script/Engine.StaticMeshActor Name:StaticMeshActor_UAID_047C1685588ADAEC01_1223770744 Label:SM_Prop_Barrier_Plastic_2 SpatiallyLoaded:1 Bounds:IsValid=true, Min=(X=4002.307 Y=-3018.159 Z=0.000), Max=(X=4357.693 Y=-2861.841 Z=152.719) RuntimeGrid:None EditorOnly:0 RuntimeOnly:0 HLODRelevant:1
 |   |   |- Guid:C185F8C24BC59C031AFAACBC6E9F6D1A BaseClass: NativeClass:/Script/Engine.StaticMeshActor Name:StaticMeshActor_UAID_6C02E05F2165BEEC01_1630648819 Label:SM_Cube12 SpatiallyLoaded:1 Bounds:IsValid=true, Min=(X=-30.000 Y=-475.000 Z=-50.000), Max=(X=1670.000 Y=800.000 Z=1425.000) RuntimeGrid:None EditorOnly:0 RuntimeOnly:0 HLODRelevant:1
 |   |   |- Guid:C31D482E4319E13BF65FC685C5FF49B9 BaseClass: NativeClass:/Script/Engine.StaticMeshActor Name:StaticMeshActor_UAID_047C1685588ADAEC01_1388545757 Label:SM_Prop_Streetlight_8 SpatiallyLoaded:1 Bounds:IsValid=true, Min=(X=3847.230 Y=-1791.129 Z=0.000), Max=(X=4111.129 Y=-1728.871 Z=539.958) RuntimeGrid:None EditorOnly:0 RuntimeOnly:0 HLODRelevant:1
 |   |   |- Guid:C77388434796C9C18FAA039182814926 BaseClass: NativeClass:/Script/Engine.StaticMeshActor Name:StaticMeshActor_UAID_6C02E05F2165BFEC01_1519476011 Label:SM_Prop_TrashBag_02 SpatiallyLoaded:1 Bounds:IsValid=true, Min=(X=1710.339 Y=809.589 Z=0.000), Max=(X=1789.660 Y=890.411 Z=97.961) RuntimeGrid:None EditorOnly:0 RuntimeOnly:0 HLODRelevant:1
 |   |   |- Guid:C8C813224385F42F602D5080F4DCE57D BaseClass: NativeClass:/Script/Engine.StaticMeshActor Name:StaticMeshActor_UAID_047C1685588ADAEC01_1360943751 Label:SM_Prop_Streetlight_2 SpatiallyLoaded:1 Bounds:IsValid=true, Min=(X=1058.871 Y=1167.230 Z=0.000), Max=(X=1121.129 Y=1431.129 Z=539.958) RuntimeGrid:None EditorOnly:0 RuntimeOnly:0 HLODRelevant:1
 |   |   |- Guid:CCFF262C46EEFFDF319E7F9539CE697E BaseClass: NativeClass:/Script/Engine.SkyAtmosphere Name:SkyAtmosphere_0 Label:SkyAtmosphere SpatiallyLoaded:0 Bounds:IsValid=true, Min=(X=0.000 Y=0.000 Z=1020.000), Max=(X=0.000 Y=0.000 Z=1020.000) RuntimeGrid:None EditorOnly:0 RuntimeOnly:0 HLODRelevant:0
 |   |   |- Guid:CDF50D4145B924C174646190A19131AB BaseClass: NativeClass:/Script/Engine.StaticMeshActor Name:StaticMeshActor_UAID_D03957B7760A38EA01_1542206136 Label:Cube9 SpatiallyLoaded:1 Bounds:IsValid=true, Min=(X=3215.000 Y=-2062.500 Z=-62.500), Max=(X=3465.000 Y=-1437.500 Z=162.500) RuntimeGrid:None EditorOnly:0 RuntimeOnly:0 HLODRelevant:1
 |   |   |- Guid:CE8CA43C47438BC8E10ACAB670E98295 BaseClass: NativeClass:/Script/Engine.StaticMeshActor Name:StaticMeshActor_UAID_6C02E05F2165BFEC01_1513616010 Label:SM_Prop_TrashBag_01 SpatiallyLoaded:1 Bounds:IsValid=true, Min=(X=1659.423 Y=818.547 Z=0.000), Max=(X=1720.577 Y=901.453 Z=90.475) RuntimeGrid:None EditorOnly:0 RuntimeOnly:0 HLODRelevant:1
 |   |   |- Guid:D34E5A4D4A460EB924F70AA3F0283FC1 BaseClass: NativeClass:/Script/Engine.StaticMeshActor Name:StaticMeshActor_UAID_6C02E05F2165BEEC01_1860186828 Label:SM_Cube19 SpatiallyLoaded:1 Bounds:IsValid=true, Min=(X=2900.000 Y=-4485.000 Z=-50.000), Max=(X=4550.000 Y=-3210.000 Z=2325.000) RuntimeGrid:None EditorOnly:0 RuntimeOnly:0 HLODRelevant:1
 |   |   |- Guid:D39BA5B9457E9B1F20D646A7F63C3E92 BaseClass: NativeClass:/Script/Engine.StaticMeshActor Name:StaticMeshActor_UAID_D03957B7760A38EA01_1523534134 Label:Cube7 SpatiallyLoaded:1 Bounds:IsValid=true, Min=(X=3235.000 Y=1587.500 Z=-62.500), Max=(X=3485.000 Y=2212.500 Z=162.500) RuntimeGrid:None EditorOnly:0 RuntimeOnly:0 HLODRelevant:1
 |   |   |- Guid:D9C64F7A4EAE790030F6A298B476472F BaseClass: NativeClass:/Script/Engine.StaticMeshActor Name:StaticMeshActor_UAID_D03957B7760A38EA01_1535679135 Label:Cube8 SpatiallyLoaded:1 Bounds:IsValid=true, Min=(X=3715.000 Y=-922.500 Z=-62.500), Max=(X=3965.000 Y=-297.500 Z=162.500) RuntimeGrid:None EditorOnly:0 RuntimeOnly:0 HLODRelevant:1
 |   |   |- Guid:DB5BCF3C45A7D50FB53CA5862D93B61F BaseClass: NativeClass:/Script/Engine.StaticMeshActor Name:StaticMeshActor_UAID_6C02E05F2165BFEC01_1530938014 Label:SM_Prop_TrashBag_2 SpatiallyLoaded:1 Bounds:IsValid=true, Min=(X=1609.931 Y=888.591 Z=0.000), Max=(X=1710.069 Y=991.409 Z=90.475) RuntimeGrid:None EditorOnly:0 RuntimeOnly:0 HLODRelevant:1
 |   |   |- Guid:E653E1F847096A42412183BDA4F9ED2A BaseClass: NativeClass:/Script/Engine.StaticMeshActor Name:StaticMeshActor_UAID_047C1685588ADAEC01_1390085758 Label:SM_Prop_Streetlight_9 SpatiallyLoaded:1 Bounds:IsValid=true, Min=(X=3847.230 Y=-3101.129 Z=0.000), Max=(X=4111.129 Y=-3038.871 Z=539.958) RuntimeGrid:None EditorOnly:0 RuntimeOnly:0 HLODRelevant:1
 |   |   |- Guid:E9C85AC14A2ACE63EF25DA844EDE98C5 BaseClass: NativeClass:/Script/Engine.StaticMeshActor Name:StaticMeshActor_UAID_047C1685588ADAEC01_1268485748 Label:SM_Prop_Barrier_Plastic_6 SpatiallyLoaded:1 Bounds:IsValid=true, Min=(X=4061.794 Y=2165.132 Z=0.000), Max=(X=4418.206 Y=2374.868 Z=152.719) RuntimeGrid:None EditorOnly:0 RuntimeOnly:0 HLODRelevant:1
 |   |   |- Guid:EC4E0C944CE6AC6E784BC6BB2916EA13 BaseClass: NativeClass:/Script/Engine.StaticMeshActor Name:StaticMeshActor_UAID_A4AE111137DC5EFB00_1110535423 Label:SM_SkySphere SpatiallyLoaded:0 Bounds:IsValid=true, Min=(X=-1638400.000 Y=-1638400.000 Z=-1638400.000), Max=(X=1638400.000 Y=1638400.000 Z=1638400.000) RuntimeGrid:None EditorOnly:0 RuntimeOnly:0 HLODRelevant:1
 |   |   |- Guid:ED51659046A2EE48AD0E48BF8953DBD2 BaseClass: NativeClass:/Script/Engine.StaticMeshActor Name:StaticMeshActor_UAID_047C1685588A14ED01_1145224964 Label:SM_Prop_VendingMachine_2 SpatiallyLoaded:1 Bounds:IsValid=true, Min=(X=4420.019 Y=-2357.327 Z=0.000), Max=(X=4499.981 Y=-2262.673 Z=202.318) RuntimeGrid:None EditorOnly:0 RuntimeOnly:0 HLODRelevant:1
 |   |   |- Guid:F1924B8D48954B30891B2DB6A694F9CC BaseClass: NativeClass:/Script/Engine.StaticMeshActor Name:StaticMeshActor_1 Label:SM_Cube SpatiallyLoaded:1 Bounds:IsValid=true, Min=(X=0.000 Y=800.000 Z=-50.000), Max=(X=3000.000 Y=1500.000 Z=0.000) RuntimeGrid:None EditorOnly:0 RuntimeOnly:0 HLODRelevant:1
 |   |   |- Guid:F3DA366A46E0DC5EB55AEEA4DAC51744 BaseClass: NativeClass:/Script/Engine.StaticMeshActor Name:StaticMeshActor_UAID_047C1685588A13ED01_2103187777 Label:SM_Prop_Bench_01 SpatiallyLoaded:1 Bounds:IsValid=true, Min=(X=4420.163 Y=485.148 Z=-0.000), Max=(X=4479.837 Y=734.852 Z=45.945) RuntimeGrid:None EditorOnly:0 RuntimeOnly:0 HLODRelevant:1
 |   |   |- Guid:F5E3FEB3450C49844FD93DA8E083C8AD BaseClass: NativeClass:/Script/Engine.PostProcessVolume Name:PostProcessVolume_0 Label:PostProcessVolume SpatiallyLoaded:0 Bounds:IsValid=true, Min=(X=0.000 Y=0.000 Z=400.000), Max=(X=200.000 Y=200.000 Z=600.000) RuntimeGrid:None EditorOnly:0 RuntimeOnly:0 HLODRelevant:0
 |   |   |- Guid:F61DAEB8437FC93F3AA5C3B3DFE9601F BaseClass:/Game/BP_Player.BP_Player_C NativeClass:/Script/Engine.Character Name:BP_Player_C_UAID_6C02E05F2165BEEC01_1091667815 Label:BP_Player SpatiallyLoaded:1 Bounds:IsValid=true, Min=(X=907.023 Y=838.995 Z=102.084), Max=(X=1036.197 Y=1077.180 Z=292.646) RuntimeGrid:None EditorOnly:0 RuntimeOnly:0 HLODRelevant:0
 |   |   |- Guid:F6CBD43043C7D70254B77AA01D09CE5C BaseClass: NativeClass:/Script/Engine.StaticMeshActor Name:StaticMeshActor_UAID_D03957B7760A38EA01_1479051131 Label:SM_Cube8 SpatiallyLoaded:1 Bounds:IsValid=true, Min=(X=2970.000 Y=1450.000 Z=-50.000), Max=(X=3020.000 Y=2500.000 Z=650.000) RuntimeGrid:None EditorOnly:0 RuntimeOnly:0 HLODRelevant:1
 |   |   |- Guid:F7906CFC4F77171AB008EEA44880E4B2 BaseClass: NativeClass:/Script/Engine.StaticMeshActor Name:StaticMeshActor_UAID_D03957B7760A38EA01_1591889139 Label:SM_Cube11 SpatiallyLoaded:1 Bounds:IsValid=true, Min=(X=3020.000 Y=-3150.000 Z=-50.000), Max=(X=4520.000 Y=-3100.000 Z=650.000) RuntimeGrid:None EditorOnly:0 RuntimeOnly:0 HLODRelevant:1
 |   |   |- Guid:F871C2594C1E2182E4F8DAAD71C39D8C BaseClass: NativeClass:/Script/Engine.StaticMeshActor Name:StaticMeshActor_UAID_6C02E05F2165BEEC01_1661060821 Label:SM_Cube14 SpatiallyLoaded:1 Bounds:IsValid=true, Min=(X=1400.000 Y=1485.000 Z=-50.000), Max=(X=2975.000 Y=2760.000 Z=1925.000) RuntimeGrid:None EditorOnly:0 RuntimeOnly:0 HLODRelevant:1
 |   |   |- Guid:FB26426642AE127190B16D89E931E452 BaseClass: NativeClass:/Script/Engine.StaticMeshActor Name:StaticMeshActor_UAID_6C02E05F2165BEEC01_1523759818 Label:SM_Prop_Dumpster_3 SpatiallyLoaded:1 Bounds:IsValid=true, Min=(X=1253.846 Y=794.108 Z=0.000), Max=(X=1626.154 Y=1025.892 Z=211.022) RuntimeGrid:None EditorOnly:0 RuntimeOnly:0 HLODRelevant:1
 |   |   |- Guid:FDD837304FD53901322F7D8F4B3E6F57 BaseClass: NativeClass:/Script/Engine.StaticMeshActor Name:StaticMeshActor_UAID_D03957B7760A38EA01_1544499137 Label:Cube10 SpatiallyLoaded:1 Bounds:IsValid=true, Min=(X=3655.000 Y=-3032.500 Z=-62.500), Max=(X=3905.000 Y=-2407.500 Z=162.500) RuntimeGrid:None EditorOnly:0 RuntimeOnly:0 HLODRelevant:1
 |   |- [+] Clusters:
 |   |   |- [+] [  0]
 |   |   |   |- Guid:6867DC14476F75A5079E9D928D14E218 BaseClass: NativeClass:/Script/Engine.StaticMeshActor Name:StaticMeshActor_UAID_047C1685588ADAEC01_1378367754 Label:SM_Prop_Streetlight_5 SpatiallyLoaded:1 Bounds:IsValid=true, Min=(X=3847.230 Y=1938.871 Z=0.000), Max=(X=4111.129 Y=2001.129 Z=539.958) RuntimeGrid:None EditorOnly:0 RuntimeOnly:0 HLODRelevant:1
 |   |   |- [+] [  1]
 |   |   |   |- Guid:C77388434796C9C18FAA039182814926 BaseClass: NativeClass:/Script/Engine.StaticMeshActor Name:StaticMeshActor_UAID_6C02E05F2165BFEC01_1519476011 Label:SM_Prop_TrashBag_02 SpatiallyLoaded:1 Bounds:IsValid=true, Min=(X=1710.339 Y=809.589 Z=0.000), Max=(X=1789.660 Y=890.411 Z=97.961) RuntimeGrid:None EditorOnly:0 RuntimeOnly:0 HLODRelevant:1
 |   |   |- [+] [  2]
 |   |   |   |- Guid:2FB58999456391D349DC0F86DAC136ED BaseClass: NativeClass:/Script/Engine.SkyLight Name:SkyLight_1 Label:SkyLight SpatiallyLoaded:0 Bounds:IsValid=true, Min=(X=0.000 Y=0.000 Z=690.000), Max=(X=0.000 Y=0.000 Z=690.000) RuntimeGrid:None EditorOnly:0 RuntimeOnly:0 HLODRelevant:0
 |   |   |- [+] [  3]
 |   |   |   |- Guid:BE6C405B4F94F88B8A45F6B3B2DB20F8 BaseClass: NativeClass:/Script/Engine.StaticMeshActor Name:StaticMeshActor_UAID_6C02E05F2165BEEC01_1904701831 Label:SM_Cube22 SpatiallyLoaded:1 Bounds:IsValid=true, Min=(X=4560.000 Y=-575.000 Z=-50.000), Max=(X=5785.000 Y=700.000 Z=1325.000) RuntimeGrid:None EditorOnly:0 RuntimeOnly:0 HLODRelevant:1
 |   |   |- [+] [  4]
 |   |   |   |- Guid:F1924B8D48954B30891B2DB6A694F9CC BaseClass: NativeClass:/Script/Engine.StaticMeshActor Name:StaticMeshActor_1 Label:SM_Cube SpatiallyLoaded:1 Bounds:IsValid=true, Min=(X=0.000 Y=800.000 Z=-50.000), Max=(X=3000.000 Y=1500.000 Z=0.000) RuntimeGrid:None EditorOnly:0 RuntimeOnly:0 HLODRelevant:1
 |   |   |- [+] [  5]
 |   |   |   |- Guid:54A245F443ADB086673AB8A6336BD83B BaseClass: NativeClass:/Script/Engine.StaticMeshActor Name:StaticMeshActor_UAID_047C1685588AADEC01_1513242823 Label:Cube12 SpatiallyLoaded:1 Bounds:IsValid=true, Min=(X=3665.000 Y=707.500 Z=-62.500), Max=(X=3915.000 Y=1332.500 Z=162.500) RuntimeGrid:None EditorOnly:0 RuntimeOnly:0 HLODRelevant:1
 |   |   |- [+] [  6]
 |   |   |   |- Guid:DB5BCF3C45A7D50FB53CA5862D93B61F BaseClass: NativeClass:/Script/Engine.StaticMeshActor Name:StaticMeshActor_UAID_6C02E05F2165BFEC01_1530938014 Label:SM_Prop_TrashBag_2 SpatiallyLoaded:1 Bounds:IsValid=true, Min=(X=1609.931 Y=888.591 Z=0.000), Max=(X=1710.069 Y=991.409 Z=90.475) RuntimeGrid:None EditorOnly:0 RuntimeOnly:0 HLODRelevant:1
 |   |   |- [+] [  7]
 |   |   |   |- Guid:38C8F139445CBF0F5D99D4908DE001BC BaseClass: NativeClass:/Script/Engine.StaticMeshActor Name:StaticMeshActor_UAID_6C02E05F2165BEEC01_1713932823 Label:SM_Cube16 SpatiallyLoaded:1 Bounds:IsValid=true, Min=(X=-1610.000 Y=365.000 Z=-50.000), Max=(X=-35.000 Y=1640.000 Z=1925.000) RuntimeGrid:None EditorOnly:0 RuntimeOnly:0 HLODRelevant:1
 |   |   |- [+] [  8]
 |   |   |   |- Guid:CCFF262C46EEFFDF319E7F9539CE697E BaseClass: NativeClass:/Script/Engine.SkyAtmosphere Name:SkyAtmosphere_0 Label:SkyAtmosphere SpatiallyLoaded:0 Bounds:IsValid=true, Min=(X=0.000 Y=0.000 Z=1020.000), Max=(X=0.000 Y=0.000 Z=1020.000) RuntimeGrid:None EditorOnly:0 RuntimeOnly:0 HLODRelevant:0
 |   |   |- [+] [  9]
 |   |   |   |- Guid:4D3BE93F4146AAAC8BBE79999D96D57F BaseClass: NativeClass:/Script/Engine.VolumetricCloud Name:VolumetricCloud_0 Label:VolumetricCloud SpatiallyLoaded:0 Bounds:IsValid=true, Min=(X=0.000 Y=0.000 Z=820.000), Max=(X=0.000 Y=0.000 Z=820.000) RuntimeGrid:None EditorOnly:0 RuntimeOnly:0 HLODRelevant:0
 |   |   |- [+] [ 10]
 |   |   |   |- Guid:291E9E5943225DAB6A5B3CA7FB3DAB1B BaseClass: NativeClass:/Script/Engine.StaticMeshActor Name:StaticMeshActor_UAID_047C1685588ADAEC01_1367012753 Label:SM_Prop_Streetlight_4 SpatiallyLoaded:1 Bounds:IsValid=true, Min=(X=2838.871 Y=1167.230 Z=0.000), Max=(X=2901.129 Y=1431.129 Z=539.958) RuntimeGrid:None EditorOnly:0 RuntimeOnly:0 HLODRelevant:1
 |   |   |- [+] [ 11]
 |   |   |   |- Guid:955E87A645D31C2E05FC209643C82A83 BaseClass: NativeClass:/Script/Engine.StaticMeshActor Name:StaticMeshActor_UAID_047C1685588ADAEC01_1362692752 Label:SM_Prop_Streetlight_3 SpatiallyLoaded:1 Bounds:IsValid=true, Min=(X=2038.871 Y=1167.230 Z=0.000), Max=(X=2101.129 Y=1431.129 Z=539.958) RuntimeGrid:None EditorOnly:0 RuntimeOnly:0 HLODRelevant:1
 |   |   |- [+] [ 12]
 |   |   |   |- Guid:EC4E0C944CE6AC6E784BC6BB2916EA13 BaseClass: NativeClass:/Script/Engine.StaticMeshActor Name:StaticMeshActor_UAID_A4AE111137DC5EFB00_1110535423 Label:SM_SkySphere SpatiallyLoaded:0 Bounds:IsValid=true, Min=(X=-1638400.000 Y=-1638400.000 Z=-1638400.000), Max=(X=1638400.000 Y=1638400.000 Z=1638400.000) RuntimeGrid:None EditorOnly:0 RuntimeOnly:0 HLODRelevant:1
 |   |   |- [+] [ 13]
 |   |   |   |- Guid:B08E4C21409409D742E64E8BBC03EA98 BaseClass: NativeClass:/Script/Engine.StaticMeshActor Name:StaticMeshActor_UAID_047C1685588A14ED01_1138654963 Label:SM_Prop_VendingMachine_01 SpatiallyLoaded:1 Bounds:IsValid=true, Min=(X=4420.019 Y=-2467.327 Z=0.000), Max=(X=4499.981 Y=-2372.673 Z=202.318) RuntimeGrid:None EditorOnly:0 RuntimeOnly:0 HLODRelevant:1
 |   |   |- [+] [ 14]
 |   |   |   |- Guid:E9C85AC14A2ACE63EF25DA844EDE98C5 BaseClass: NativeClass:/Script/Engine.StaticMeshActor Name:StaticMeshActor_UAID_047C1685588ADAEC01_1268485748 Label:SM_Prop_Barrier_Plastic_6 SpatiallyLoaded:1 Bounds:IsValid=true, Min=(X=4061.794 Y=2165.132 Z=0.000), Max=(X=4418.206 Y=2374.868 Z=152.719) RuntimeGrid:None EditorOnly:0 RuntimeOnly:0 HLODRelevant:1
 |   |   |- [+] [ 15]
 |   |   |   |- Guid:8159135D4A1B749725D22CAAF45E098A BaseClass: NativeClass:/Script/Engine.StaticMeshActor Name:StaticMeshActor_UAID_047C1685588ADAEC01_1264583747 Label:SM_Prop_Barrier_Plastic_5 SpatiallyLoaded:1 Bounds:IsValid=true, Min=(X=3178.219 Y=2280.925 Z=10.000), Max=(X=3521.781 Y=2379.075 Z=162.719) RuntimeGrid:None EditorOnly:0 RuntimeOnly:0 HLODRelevant:1
 |   |   |- [+] [ 16]
 |   |   |   |- Guid:A6326EDD4478D4DD39A9D69F6118D705 BaseClass: NativeClass:/Script/Engine.StaticMeshActor Name:StaticMeshActor_UAID_D03957B7760A38EA01_1313174120 Label:SM_Cube3 SpatiallyLoaded:1 Bounds:IsValid=true, Min=(X=0.000 Y=1450.000 Z=-50.000), Max=(X=3000.000 Y=1500.000 Z=650.000) RuntimeGrid:None EditorOnly:0 RuntimeOnly:0 HLODRelevant:1
 |   |   |- [+] [ 17]
 |   |   |   |- Guid:2A0596254BE9C8927FCE9DACDC532ED4 BaseClass: NativeClass:/Script/Engine.StaticMeshActor Name:StaticMeshActor_UAID_047C1685588ADAEC01_1251363746 Label:SM_Prop_Barrier_Plastic_4 SpatiallyLoaded:1 Bounds:IsValid=true, Min=(X=3588.219 Y=2280.925 Z=10.000), Max=(X=3931.781 Y=2379.075 Z=162.719) RuntimeGrid:None EditorOnly:0 RuntimeOnly:0 HLODRelevant:1
 |   |   |- [+] [ 18]
 |   |   |   |- Guid:B785ED2844B84CFB91E7F39FE661CD99 BaseClass: NativeClass:/Script/Engine.DirectionalLight Name:DirectionalLight_0 Label:DirectionalLight SpatiallyLoaded:0 Bounds:IsValid=true, Min=(X=-4398046511104.000 Y=-4398046511104.000 Z=-4398046511104.000), Max=(X=4398046511104.000 Y=4398046511104.000 Z=4398046511104.000) RuntimeGrid:None EditorOnly:0 RuntimeOnly:0 HLODRelevant:0
 |   |   |- [+] [ 19]
 |   |   |   |- Guid:AAC0505D4F138D30B6C512B64FFE4D43 BaseClass: NativeClass:/Script/Engine.StaticMeshActor Name:StaticMeshActor_UAID_047C1685588ADAEC01_1330701750 Label:SM_Prop_Streetlight_01 SpatiallyLoaded:1 Bounds:IsValid=true, Min=(X=128.871 Y=1167.230 Z=0.000), Max=(X=191.129 Y=1431.129 Z=539.958) RuntimeGrid:None EditorOnly:0 RuntimeOnly:0 HLODRelevant:1
 |   |   |- [+] [ 20]
 |   |   |   |- Guid:16A095414B24763D50770280127AFA84 BaseClass: NativeClass:/Script/Engine.StaticMeshActor Name:StaticMeshActor_UAID_047C1685588A13ED01_2131372781 Label:SM_Prop_Box_Empty_01 SpatiallyLoaded:1 Bounds:IsValid=true, Min=(X=4199.482 Y=1304.087 Z=-0.000), Max=(X=4279.534 Y=1364.305 Z=51.935) RuntimeGrid:None EditorOnly:0 RuntimeOnly:0 HLODRelevant:1
 |   |   |- [+] [ 21]
 |   |   |   |- Guid:A34B56304491DBDF949CB7B08E8DDCF9 BaseClass: NativeClass:/Script/Engine.StaticMeshActor Name:StaticMeshActor_UAID_6C02E05F2165BEEC01_1876958829 Label:SM_Cube20 SpatiallyLoaded:1 Bounds:IsValid=true, Min=(X=4610.000 Y=-3225.000 Z=-50.000), Max=(X=5835.000 Y=-1950.000 Z=2000.000) RuntimeGrid:None EditorOnly:0 RuntimeOnly:0 HLODRelevant:1
 |   |   |- [+] [ 22]
 |   |   |   |- Guid:6454F7364E2FD9C7161F65BC3CB04531 BaseClass: NativeClass:/Script/Engine.StaticMeshActor Name:StaticMeshActor_UAID_D03957B7760A38EA01_1493563132 Label:SM_Cube9 SpatiallyLoaded:1 Bounds:IsValid=true, Min=(X=3020.000 Y=2450.000 Z=-50.000), Max=(X=4520.000 Y=2500.000 Z=650.000) RuntimeGrid:None EditorOnly:0 RuntimeOnly:0 HLODRelevant:1
 |   |   |- [+] [ 23]
 |   |   |   |- Guid:B7EB0C0B40C5DD74405C62B6702C4F53 BaseClass: NativeClass:/Script/Engine.StaticMeshActor Name:StaticMeshActor_UAID_6C02E05F2165BEEC01_1521730817 Label:SM_Prop_Dumpster_2 SpatiallyLoaded:1 Bounds:IsValid=true, Min=(X=873.846 Y=794.108 Z=0.000), Max=(X=1246.154 Y=1025.892 Z=211.022) RuntimeGrid:None EditorOnly:0 RuntimeOnly:0 HLODRelevant:1
 |   |   |- [+] [ 24]
 |   |   |   |- Guid:CDF50D4145B924C174646190A19131AB BaseClass: NativeClass:/Script/Engine.StaticMeshActor Name:StaticMeshActor_UAID_D03957B7760A38EA01_1542206136 Label:Cube9 SpatiallyLoaded:1 Bounds:IsValid=true, Min=(X=3215.000 Y=-2062.500 Z=-62.500), Max=(X=3465.000 Y=-1437.500 Z=162.500) RuntimeGrid:None EditorOnly:0 RuntimeOnly:0 HLODRelevant:1
 |   |   |- [+] [ 25]
 |   |   |   |- Guid:F5E3FEB3450C49844FD93DA8E083C8AD BaseClass: NativeClass:/Script/Engine.PostProcessVolume Name:PostProcessVolume_0 Label:PostProcessVolume SpatiallyLoaded:0 Bounds:IsValid=true, Min=(X=0.000 Y=0.000 Z=400.000), Max=(X=200.000 Y=200.000 Z=600.000) RuntimeGrid:None EditorOnly:0 RuntimeOnly:0 HLODRelevant:0
 |   |   |- [+] [ 26]
 |   |   |   |- Guid:7B96CAD44A93A23BF493C3875111BC50 BaseClass: NativeClass:/Script/Engine.StaticMeshActor Name:StaticMeshActor_UAID_047C1685588ADAEC01_1385618756 Label:SM_Prop_Streetlight_7 SpatiallyLoaded:1 Bounds:IsValid=true, Min=(X=3847.230 Y=-421.129 Z=0.000), Max=(X=4111.129 Y=-358.871 Z=539.958) RuntimeGrid:None EditorOnly:0 RuntimeOnly:0 HLODRelevant:1
 |   |   |- [+] [ 27]
 |   |   |   |- Guid:A96238F54CCE12382D8310AF91D0CC11 BaseClass: NativeClass:/Script/Engine.StaticMeshActor Name:StaticMeshActor_UAID_6C02E05F2165BEEC01_1678192822 Label:SM_Cube15 SpatiallyLoaded:1 Bounds:IsValid=true, Min=(X=-30.000 Y=1515.000 Z=-50.000), Max=(X=1270.000 Y=2790.000 Z=1125.000) RuntimeGrid:None EditorOnly:0 RuntimeOnly:0 HLODRelevant:1
 |   |   |- [+] [ 28]
 |   |   |   |- Guid:D34E5A4D4A460EB924F70AA3F0283FC1 BaseClass: NativeClass:/Script/Engine.StaticMeshActor Name:StaticMeshActor_UAID_6C02E05F2165BEEC01_1860186828 Label:SM_Cube19 SpatiallyLoaded:1 Bounds:IsValid=true, Min=(X=2900.000 Y=-4485.000 Z=-50.000), Max=(X=4550.000 Y=-3210.000 Z=2325.000) RuntimeGrid:None EditorOnly:0 RuntimeOnly:0 HLODRelevant:1
 |   |   |- [+] [ 29]
 |   |   |   |- Guid:6BAF4DDD444C60371492D3919DB42C97 BaseClass: NativeClass:/Script/Engine.WorldDataLayers Name:WorldDataLayers Label:WorldDataLayers SpatiallyLoaded:0 Bounds:IsValid=true, Min=(X=0.000 Y=0.000 Z=0.000), Max=(X=0.000 Y=0.000 Z=0.000) RuntimeGrid:None EditorOnly:0 RuntimeOnly:0 HLODRelevant:0
 |   |   |- [+] [ 30]
 |   |   |   |- Guid:F61DAEB8437FC93F3AA5C3B3DFE9601F BaseClass:/Game/BP_Player.BP_Player_C NativeClass:/Script/Engine.Character Name:BP_Player_C_UAID_6C02E05F2165BEEC01_1091667815 Label:BP_Player SpatiallyLoaded:1 Bounds:IsValid=true, Min=(X=907.023 Y=838.995 Z=102.084), Max=(X=1036.197 Y=1077.180 Z=292.646) RuntimeGrid:None EditorOnly:0 RuntimeOnly:0 HLODRelevant:0
 |   |   |- [+] [ 31]
 |   |   |   |- Guid:FB26426642AE127190B16D89E931E452 BaseClass: NativeClass:/Script/Engine.StaticMeshActor Name:StaticMeshActor_UAID_6C02E05F2165BEEC01_1523759818 Label:SM_Prop_Dumpster_3 SpatiallyLoaded:1 Bounds:IsValid=true, Min=(X=1253.846 Y=794.108 Z=0.000), Max=(X=1626.154 Y=1025.892 Z=211.022) RuntimeGrid:None EditorOnly:0 RuntimeOnly:0 HLODRelevant:1
 |   |   |- [+] [ 32]
 |   |   |   |- Guid:6FB5030548912B2F7B33C49D9F7E091E BaseClass: NativeClass:/Script/Engine.StaticMeshActor Name:StaticMeshActor_UAID_047C1685588A13ED01_2112693779 Label:SM_Prop_Bench_3 SpatiallyLoaded:1 Bounds:IsValid=true, Min=(X=4420.163 Y=1005.148 Z=-0.000), Max=(X=4479.837 Y=1254.852 Z=45.945) RuntimeGrid:None EditorOnly:0 RuntimeOnly:0 HLODRelevant:1
 |   |   |- [+] [ 33]
 |   |   |   |- Guid:304E9A2A4EFC47CA7D7A83BE155EC072 BaseClass: NativeClass:/Script/Engine.StaticMeshActor Name:StaticMeshActor_UAID_047C1685588ADAEC01_1384356755 Label:SM_Prop_Streetlight_6 SpatiallyLoaded:1 Bounds:IsValid=true, Min=(X=3847.230 Y=828.871 Z=0.000), Max=(X=4111.129 Y=891.129 Z=539.958) RuntimeGrid:None EditorOnly:0 RuntimeOnly:0 HLODRelevant:1
 |   |   |- [+] [ 34]
 |   |   |   |- Guid:B99B08604EAB894C96B204837C000052 BaseClass: NativeClass:/Script/Engine.StaticMeshActor Name:StaticMeshActor_UAID_047C1685588A13ED01_2133125782 Label:SM_Prop_Box_Empty_2 SpatiallyLoaded:1 Bounds:IsValid=true, Min=(X=4337.299 Y=1442.806 Z=-0.000), Max=(X=4429.476 Y=1542.243 Z=51.935) RuntimeGrid:None EditorOnly:0 RuntimeOnly:0 HLODRelevant:1
 |   |   |- [+] [ 35]
 |   |   |   |- Guid:50E6C7BD40C8070A03B3E8BD88FC9BAF BaseClass: NativeClass:/Script/Engine.StaticMeshActor Name:StaticMeshActor_UAID_047C1685588ADAEC01_1230262745 Label:SM_Prop_Barrier_Plastic_3 SpatiallyLoaded:1 Bounds:IsValid=true, Min=(X=4146.696 Y=-2848.391 Z=0.000), Max=(X=4493.304 Y=-2591.609 Z=152.719) RuntimeGrid:None EditorOnly:0 RuntimeOnly:0 HLODRelevant:1
 |   |   |- [+] [ 36]
 |   |   |   |- Guid:2E6CF7994AFBCA0E1362BDBF23E3B5EE BaseClass: NativeClass:/Script/Engine.StaticMeshActor Name:StaticMeshActor_UAID_6C02E05F2165BFEC01_1542608015 Label:SM_Prop_TrashBag_3 SpatiallyLoaded:1 Bounds:IsValid=true, Min=(X=1633.931 Y=859.589 Z=33.113), Max=(X=1729.057 Y=940.411 Z=143.360) RuntimeGrid:None EditorOnly:0 RuntimeOnly:0 HLODRelevant:1
 |   |   |- [+] [ 37]
 |   |   |   |- Guid:F871C2594C1E2182E4F8DAAD71C39D8C BaseClass: NativeClass:/Script/Engine.StaticMeshActor Name:StaticMeshActor_UAID_6C02E05F2165BEEC01_1661060821 Label:SM_Cube14 SpatiallyLoaded:1 Bounds:IsValid=true, Min=(X=1400.000 Y=1485.000 Z=-50.000), Max=(X=2975.000 Y=2760.000 Z=1925.000) RuntimeGrid:None EditorOnly:0 RuntimeOnly:0 HLODRelevant:1
 |   |   |- [+] [ 38]
 |   |   |   |- Guid:C185F8C24BC59C031AFAACBC6E9F6D1A BaseClass: NativeClass:/Script/Engine.StaticMeshActor Name:StaticMeshActor_UAID_6C02E05F2165BEEC01_1630648819 Label:SM_Cube12 SpatiallyLoaded:1 Bounds:IsValid=true, Min=(X=-30.000 Y=-475.000 Z=-50.000), Max=(X=1670.000 Y=800.000 Z=1425.000) RuntimeGrid:None EditorOnly:0 RuntimeOnly:0 HLODRelevant:1
 |   |   |- [+] [ 39]
 |   |   |   |- Guid:C8C813224385F42F602D5080F4DCE57D BaseClass: NativeClass:/Script/Engine.StaticMeshActor Name:StaticMeshActor_UAID_047C1685588ADAEC01_1360943751 Label:SM_Prop_Streetlight_2 SpatiallyLoaded:1 Bounds:IsValid=true, Min=(X=1058.871 Y=1167.230 Z=0.000), Max=(X=1121.129 Y=1431.129 Z=539.958) RuntimeGrid:None EditorOnly:0 RuntimeOnly:0 HLODRelevant:1
 |   |   |- [+] [ 40]
 |   |   |   |- Guid:1207F980457D75DD6FF0EE8649421E8B BaseClass: NativeClass:/Script/Engine.StaticMeshActor Name:StaticMeshActor_UAID_D03957B7760A38EA01_1423199128 Label:SM_Cube5 SpatiallyLoaded:1 Bounds:IsValid=true, Min=(X=3000.000 Y=-3120.000 Z=-50.000), Max=(X=4500.000 Y=2480.000 Z=0.000) RuntimeGrid:None EditorOnly:0 RuntimeOnly:0 HLODRelevant:1
 |   |   |- [+] [ 41]
 |   |   |   |- Guid:F6CBD43043C7D70254B77AA01D09CE5C BaseClass: NativeClass:/Script/Engine.StaticMeshActor Name:StaticMeshActor_UAID_D03957B7760A38EA01_1479051131 Label:SM_Cube8 SpatiallyLoaded:1 Bounds:IsValid=true, Min=(X=2970.000 Y=1450.000 Z=-50.000), Max=(X=3020.000 Y=2500.000 Z=650.000) RuntimeGrid:None EditorOnly:0 RuntimeOnly:0 HLODRelevant:1
 |   |   |- [+] [ 42]
 |   |   |   |- Guid:9791C85845927A9534A29682F4719136 BaseClass: NativeClass:/Script/Engine.StaticMeshActor Name:StaticMeshActor_UAID_6C02E05F2165BEEC01_1852963827 Label:SM_Cube18 SpatiallyLoaded:1 Bounds:IsValid=true, Min=(X=1770.000 Y=-3155.000 Z=-50.000), Max=(X=2995.000 Y=-1880.000 Z=1325.000) RuntimeGrid:None EditorOnly:0 RuntimeOnly:0 HLODRelevant:1
 |   |   |- [+] [ 43]
 |   |   |   |- Guid:BEF2FBE8447CFBD9878EF4B38E253AD8 BaseClass: NativeClass:/Script/Engine.StaticMeshActor Name:StaticMeshActor_UAID_047C1685588ADAEC01_1223770744 Label:SM_Prop_Barrier_Plastic_2 SpatiallyLoaded:1 Bounds:IsValid=true, Min=(X=4002.307 Y=-3018.159 Z=0.000), Max=(X=4357.693 Y=-2861.841 Z=152.719) RuntimeGrid:None EditorOnly:0 RuntimeOnly:0 HLODRelevant:1
 |   |   |- [+] [ 44]
 |   |   |   |- Guid:04C12D93451F900AF92A58BF23632C64 BaseClass: NativeClass:/Script/Engine.StaticMeshActor Name:StaticMeshActor_UAID_6C02E05F2165BEEC01_1926496833 Label:SM_Cube24 SpatiallyLoaded:1 Bounds:IsValid=true, Min=(X=3000.000 Y=2535.000 Z=-50.000), Max=(X=4750.000 Y=3810.000 Z=1925.000) RuntimeGrid:None EditorOnly:0 RuntimeOnly:0 HLODRelevant:1
 |   |   |- [+] [ 45]
 |   |   |   |- Guid:09732FD542901118B048E699AD1513D3 BaseClass: NativeClass:/Script/Engine.StaticMeshActor Name:StaticMeshActor_UAID_047C1685588A13ED01_2093507776 Label:SM_Prop_Advertisement_Pillar_01 SpatiallyLoaded:1 Bounds:IsValid=true, Min=(X=4194.934 Y=-35.066 Z=0.000), Max=(X=4345.066 Y=115.066 Z=256.911) RuntimeGrid:None EditorOnly:0 RuntimeOnly:0 HLODRelevant:1
 |   |   |- [+] [ 46]
 |   |   |   |- Guid:E653E1F847096A42412183BDA4F9ED2A BaseClass: NativeClass:/Script/Engine.StaticMeshActor Name:StaticMeshActor_UAID_047C1685588ADAEC01_1390085758 Label:SM_Prop_Streetlight_9 SpatiallyLoaded:1 Bounds:IsValid=true, Min=(X=3847.230 Y=-3101.129 Z=0.000), Max=(X=4111.129 Y=-3038.871 Z=539.958) RuntimeGrid:None EditorOnly:0 RuntimeOnly:0 HLODRelevant:1
 |   |   |- [+] [ 47]
 |   |   |   |- Guid:FDD837304FD53901322F7D8F4B3E6F57 BaseClass: NativeClass:/Script/Engine.StaticMeshActor Name:StaticMeshActor_UAID_D03957B7760A38EA01_1544499137 Label:Cube10 SpatiallyLoaded:1 Bounds:IsValid=true, Min=(X=3655.000 Y=-3032.500 Z=-62.500), Max=(X=3905.000 Y=-2407.500 Z=162.500) RuntimeGrid:None EditorOnly:0 RuntimeOnly:0 HLODRelevant:1
 |   |   |- [+] [ 48]
 |   |   |   |- Guid:3D21D90640043288721C6A80BCAB47C5 BaseClass: NativeClass:/Script/Engine.StaticMeshActor Name:StaticMeshActor_UAID_6C02E05F2165BEEC01_1484860816 Label:SM_Prop_Dumpster_01 SpatiallyLoaded:1 Bounds:IsValid=true, Min=(X=493.846 Y=794.108 Z=0.000), Max=(X=866.154 Y=1025.892 Z=211.022) RuntimeGrid:None EditorOnly:0 RuntimeOnly:0 HLODRelevant:1
 |   |   |- [+] [ 49]
 |   |   |   |- Guid:03424F4E43AC9502997BF183D254B67D BaseClass: NativeClass:/Script/Engine.StaticMeshActor Name:StaticMeshActor_UAID_D03957B7760A38EA01_1506266133 Label:SM_Cube10 SpatiallyLoaded:1 Bounds:IsValid=true, Min=(X=3090.000 Y=-3120.000 Z=-40.000), Max=(X=3990.000 Y=2480.000 Z=10.000) RuntimeGrid:None EditorOnly:0 RuntimeOnly:0 HLODRelevant:1
 |   |   |- [+] [ 50]
 |   |   |   |- Guid:111AFC654E00DA4444B0B2A939DB7B58 BaseClass: NativeClass:/Script/Engine.StaticMeshActor Name:StaticMeshActor_UAID_047C1685588ADAEC01_1213826743 Label:SM_Prop_Barrier_Plastic_01 SpatiallyLoaded:1 Bounds:IsValid=true, Min=(X=3091.794 Y=-3004.868 Z=10.000), Max=(X=3448.206 Y=-2795.132 Z=162.719) RuntimeGrid:None EditorOnly:0 RuntimeOnly:0 HLODRelevant:1
 |   |   |- [+] [ 51]
 |   |   |   |- Guid:C31D482E4319E13BF65FC685C5FF49B9 BaseClass: NativeClass:/Script/Engine.StaticMeshActor Name:StaticMeshActor_UAID_047C1685588ADAEC01_1388545757 Label:SM_Prop_Streetlight_8 SpatiallyLoaded:1 Bounds:IsValid=true, Min=(X=3847.230 Y=-1791.129 Z=0.000), Max=(X=4111.129 Y=-1728.871 Z=539.958) RuntimeGrid:None EditorOnly:0 RuntimeOnly:0 HLODRelevant:1
 |   |   |- [+] [ 52]
 |   |   |   |- Guid:42266E2B4C4D1F6EE428CFAA8696F730 BaseClass: NativeClass:/Script/Engine.StaticMeshActor Name:StaticMeshActor_UAID_6C02E05F2165BEEC01_1897016830 Label:SM_Cube21 SpatiallyLoaded:1 Bounds:IsValid=true, Min=(X=4560.000 Y=-1895.000 Z=-50.000), Max=(X=5785.000 Y=-620.000 Z=1325.000) RuntimeGrid:None EditorOnly:0 RuntimeOnly:0 HLODRelevant:1
 |   |   |- [+] [ 53]
 |   |   |   |- Guid:F3DA366A46E0DC5EB55AEEA4DAC51744 BaseClass: NativeClass:/Script/Engine.StaticMeshActor Name:StaticMeshActor_UAID_047C1685588A13ED01_2103187777 Label:SM_Prop_Bench_01 SpatiallyLoaded:1 Bounds:IsValid=true, Min=(X=4420.163 Y=485.148 Z=-0.000), Max=(X=4479.837 Y=734.852 Z=45.945) RuntimeGrid:None EditorOnly:0 RuntimeOnly:0 HLODRelevant:1
 |   |   |- [+] [ 54]
 |   |   |   |- Guid:D39BA5B9457E9B1F20D646A7F63C3E92 BaseClass: NativeClass:/Script/Engine.StaticMeshActor Name:StaticMeshActor_UAID_D03957B7760A38EA01_1523534134 Label:Cube7 SpatiallyLoaded:1 Bounds:IsValid=true, Min=(X=3235.000 Y=1587.500 Z=-62.500), Max=(X=3485.000 Y=2212.500 Z=162.500) RuntimeGrid:None EditorOnly:0 RuntimeOnly:0 HLODRelevant:1
 |   |   |- [+] [ 55]
 |   |   |   |- Guid:72AA91724CCFA8773FA801B27ED8CA0A BaseClass: NativeClass:/Script/Engine.StaticMeshActor Name:StaticMeshActor_UAID_047C1685588A13ED01_2140781783 Label:SM_Prop_Box_Empty_3 SpatiallyLoaded:1 Bounds:IsValid=true, Min=(X=4101.953 Y=1647.791 Z=-0.000), Max=(X=4201.390 Y=1739.968 Z=51.935) RuntimeGrid:None EditorOnly:0 RuntimeOnly:0 HLODRelevant:1
 |   |   |- [+] [ 56]
 |   |   |   |- Guid:5E63DCA1441B3595697648880AC4EAF7 BaseClass: NativeClass:/Script/Engine.StaticMeshActor Name:StaticMeshActor_UAID_047C1685588A13ED01_2110997778 Label:SM_Prop_Bench_2 SpatiallyLoaded:1 Bounds:IsValid=true, Min=(X=4420.163 Y=745.148 Z=-0.000), Max=(X=4479.837 Y=994.852 Z=45.945) RuntimeGrid:None EditorOnly:0 RuntimeOnly:0 HLODRelevant:1
 |   |   |- [+] [ 57]
 |   |   |   |- Guid:316CF2A6494ACA4C0E4180A87D36AB8F BaseClass: NativeClass:/Script/Engine.ExponentialHeightFog Name:ExponentialHeightFog_0 Label:ExponentialHeightFog SpatiallyLoaded:0 Bounds:IsValid=true, Min=(X=-5600.000 Y=-50.000 Z=-6850.000), Max=(X=-5600.000 Y=-50.000 Z=-6850.000) RuntimeGrid:None EditorOnly:0 RuntimeOnly:0 HLODRelevant:0
 |   |   |- [+] [ 58]
 |   |   |   |- Guid:204413AB4017B060B9C0C4A555881A15 BaseClass: NativeClass:/Script/Engine.StaticMeshActor Name:StaticMeshActor_UAID_6C02E05F2165BFEC01_1522984013 Label:SM_Prop_TrashBag_4 SpatiallyLoaded:1 Bounds:IsValid=true, Min=(X=1684.532 Y=877.470 Z=0.000), Max=(X=1755.468 Y=962.529 Z=76.639) RuntimeGrid:None EditorOnly:0 RuntimeOnly:0 HLODRelevant:1
 |   |   |- [+] [ 59]
 |   |   |   |- Guid:087EA5AF4EE9A42411C352A021A256D3 BaseClass: NativeClass:/Script/Engine.StaticMeshActor Name:StaticMeshActor_UAID_D03957B7760A38EA01_1318114121 Label:SM_Cube4 SpatiallyLoaded:1 Bounds:IsValid=true, Min=(X=-50.000 Y=750.000 Z=-50.000), Max=(X=0.000 Y=1500.000 Z=650.000) RuntimeGrid:None EditorOnly:0 RuntimeOnly:0 HLODRelevant:1
 |   |   |- [+] [ 60]
 |   |   |   |- Guid:3B01C5FD47CDB866E0BAA98C135CFA18 BaseClass: NativeClass:/Script/Engine.StaticMeshActor Name:StaticMeshActor_UAID_047C1685588A14ED01_1108305960 Label:SM_Prop_Rubbish_Bin_01 SpatiallyLoaded:1 Bounds:IsValid=true, Min=(X=4421.224 Y=1261.224 Z=0.000), Max=(X=4478.776 Y=1318.776 Z=94.796) RuntimeGrid:None EditorOnly:0 RuntimeOnly:0 HLODRelevant:1
 |   |   |- [+] [ 61]
 |   |   |   |- Guid:5C1DD84644B445DAD8D4C78BF66F1311 BaseClass: NativeClass:/Script/Engine.StaticMeshActor Name:StaticMeshActor_UAID_6C02E05F2165BEEC01_1846198826 Label:SM_Cube17 SpatiallyLoaded:1 Bounds:IsValid=true, Min=(X=1770.000 Y=-1825.000 Z=-50.000), Max=(X=2995.000 Y=-550.000 Z=2325.000) RuntimeGrid:None EditorOnly:0 RuntimeOnly:0 HLODRelevant:1
 |   |   |- [+] [ 62]
 |   |   |   |- Guid:894B814446FC9D1C529C18B9C9E6D706 BaseClass: NativeClass:/Script/Engine.StaticMeshActor Name:StaticMeshActor_UAID_D03957B7760A38EA01_1471426130 Label:SM_Cube7 SpatiallyLoaded:1 Bounds:IsValid=true, Min=(X=2970.000 Y=-3210.000 Z=-50.000), Max=(X=3020.000 Y=790.000 Z=650.000) RuntimeGrid:None EditorOnly:0 RuntimeOnly:0 HLODRelevant:1
 |   |   |- [+] [ 63]
 |   |   |   |- Guid:B5661E9B4C2075840EC48AA31AFF9B01 BaseClass: NativeClass:/Script/Engine.StaticMeshActor Name:StaticMeshActor_UAID_6C02E05F2165BEEC01_1642829820 Label:SM_Cube13 SpatiallyLoaded:1 Bounds:IsValid=true, Min=(X=1770.000 Y=-495.000 Z=-50.000), Max=(X=2995.000 Y=780.000 Z=1925.000) RuntimeGrid:None EditorOnly:0 RuntimeOnly:0 HLODRelevant:1
 |   |   |- [+] [ 64]
 |   |   |   |- Guid:ED51659046A2EE48AD0E48BF8953DBD2 BaseClass: NativeClass:/Script/Engine.StaticMeshActor Name:StaticMeshActor_UAID_047C1685588A14ED01_1145224964 Label:SM_Prop_VendingMachine_2 SpatiallyLoaded:1 Bounds:IsValid=true, Min=(X=4420.019 Y=-2357.327 Z=0.000), Max=(X=4499.981 Y=-2262.673 Z=202.318) RuntimeGrid:None EditorOnly:0 RuntimeOnly:0 HLODRelevant:1
 |   |   |- [+] [ 65]
 |   |   |   |- Guid:53E508CB477A8F97D80574A19C097187 BaseClass: NativeClass:/Script/Engine.StaticMeshActor Name:StaticMeshActor_UAID_D03957B7760A38EA01_1455057129 Label:SM_Cube6 SpatiallyLoaded:1 Bounds:IsValid=true, Min=(X=4490.000 Y=-3210.000 Z=-50.000), Max=(X=4540.000 Y=2490.000 Z=650.000) RuntimeGrid:None EditorOnly:0 RuntimeOnly:0 HLODRelevant:1
 |   |   |- [+] [ 66]
 |   |   |   |- Guid:150257824F3867B1472ACE88E58B62FD BaseClass: NativeClass:/Script/Engine.StaticMeshActor Name:StaticMeshActor_UAID_D03957B7760A38EA01_1308976119 Label:SM_Cube2 SpatiallyLoaded:1 Bounds:IsValid=true, Min=(X=0.000 Y=750.000 Z=-50.000), Max=(X=3000.000 Y=800.000 Z=650.000) RuntimeGrid:None EditorOnly:0 RuntimeOnly:0 HLODRelevant:1
 |   |   |- [+] [ 67]
 |   |   |   |- Guid:F7906CFC4F77171AB008EEA44880E4B2 BaseClass: NativeClass:/Script/Engine.StaticMeshActor Name:StaticMeshActor_UAID_D03957B7760A38EA01_1591889139 Label:SM_Cube11 SpatiallyLoaded:1 Bounds:IsValid=true, Min=(X=3020.000 Y=-3150.000 Z=-50.000), Max=(X=4520.000 Y=-3100.000 Z=650.000) RuntimeGrid:None EditorOnly:0 RuntimeOnly:0 HLODRelevant:1
 |   |   |- [+] [ 68]
 |   |   |   |- Guid:902C2DE64CF83788D05DF9AE5D361E36 BaseClass: NativeClass:/Script/Engine.StaticMeshActor Name:StaticMeshActor_UAID_6C02E05F2165BEEC01_1908700832 Label:SM_Cube23 SpatiallyLoaded:1 Bounds:IsValid=true, Min=(X=4580.000 Y=765.000 Z=-50.000), Max=(X=6155.000 Y=2490.000 Z=2250.000) RuntimeGrid:None EditorOnly:0 RuntimeOnly:0 HLODRelevant:1
 |   |   |- [+] [ 69]
 |   |   |   |- Guid:CE8CA43C47438BC8E10ACAB670E98295 BaseClass: NativeClass:/Script/Engine.StaticMeshActor Name:StaticMeshActor_UAID_6C02E05F2165BFEC01_1513616010 Label:SM_Prop_TrashBag_01 SpatiallyLoaded:1 Bounds:IsValid=true, Min=(X=1659.423 Y=818.547 Z=0.000), Max=(X=1720.577 Y=901.453 Z=90.475) RuntimeGrid:None EditorOnly:0 RuntimeOnly:0 HLODRelevant:1
 |   |   |- [+] [ 70]
 |   |   |   |- Guid:D9C64F7A4EAE790030F6A298B476472F BaseClass: NativeClass:/Script/Engine.StaticMeshActor Name:StaticMeshActor_UAID_D03957B7760A38EA01_1535679135 Label:Cube8 SpatiallyLoaded:1 Bounds:IsValid=true, Min=(X=3715.000 Y=-922.500 Z=-62.500), Max=(X=3965.000 Y=-297.500 Z=162.500) RuntimeGrid:None EditorOnly:0 RuntimeOnly:0 HLODRelevant:1
 |   |   |- [+] [ 71]
 |   |   |   |- Guid:A84D51714731E296F85807952E400A58 BaseClass: NativeClass:/Script/Engine.SkeletalMeshActor Name:SkeletalMeshActor_UAID_047C1685588A13ED01_2066504775 Label:SK_Character_Junky_Male_01 SpatiallyLoaded:1 Bounds:IsValid=true, Min=(X=4258.514 Y=-1322.625 Z=-5.916), Max=(X=4320.225 Y=-1137.090 Z=184.646) RuntimeGrid:None EditorOnly:0 RuntimeOnly:0 HLODRelevant:0
 |- ContainerInstances:
 |- [+] MainContainer:
 |   |-        ID: 0x0000000000000000
 |   |-    Bounds: IsValid=false, Min=(X=0.000 Y=0.000 Z=0.000), Max=(X=0.000 Y=0.000 Z=0.000)
 |   |- Transform: 0.000000,0.000000,0.000000|0.000000,0.000000,-0.000000|1.000000,1.000000,1.000000
 |   |- Container: /Game/Levels/FirstSection
----------------------------------------------------------------------------------------------------------------
FirstSection - Persistent Level
----------------------------------------------------------------------------------------------------------------
Always loaded Actor Count: 79 

----------------------------------------------------------------------------------------------------------------
FirstSection - Runtime Spatial Hash - Streaming Grid - MainGrid
----------------------------------------------------------------------------------------------------------------
            Origin: X=0.000 Y=0.000 Z=0.000
         Cell Size: 12800
      World Bounds: IsValid=false, Min=(X=0.000 Y=0.000 Z=0.000), Max=(X=0.000 Y=0.000 Z=0.000)
     Loading Range: 25600.00
Block Slow Loading: No
 ClientOnlyVisible: No

[+] Grid Levels: 1
 |- Level  0: Cell Count    0 | Cell Size   12800 | Actor Count    0 (0.0%)

[+] Content of Grid Level 0

